[2023-11-11T03:25:25.583+0000] {taskinstance.py:1159} INFO - Dependencies all met for dep_context=non-requeueable deps ti=<TaskInstance: preprocessing_v1.stats_task scheduled__2023-11-10T00:00:00+00:00 [queued]>
[2023-11-11T03:25:25.588+0000] {taskinstance.py:1159} INFO - Dependencies all met for dep_context=requeueable deps ti=<TaskInstance: preprocessing_v1.stats_task scheduled__2023-11-10T00:00:00+00:00 [queued]>
[2023-11-11T03:25:25.588+0000] {taskinstance.py:1361} INFO - Starting attempt 1 of 6
[2023-11-11T03:25:25.595+0000] {taskinstance.py:1382} INFO - Executing <Task(PythonOperator): stats_task> on 2023-11-10 00:00:00+00:00
[2023-11-11T03:25:25.602+0000] {standard_task_runner.py:57} INFO - Started process 350 to run task
[2023-11-11T03:25:25.605+0000] {standard_task_runner.py:84} INFO - Running: ['***', 'tasks', 'run', 'preprocessing_v1', 'stats_task', 'scheduled__2023-11-10T00:00:00+00:00', '--job-id', '16', '--raw', '--subdir', 'DAGS_FOLDER/***_code.py', '--cfg-path', '/tmp/tmpd7n2uy_q']
[2023-11-11T03:25:25.608+0000] {standard_task_runner.py:85} INFO - Job 16: Subtask stats_task
[2023-11-11T03:25:25.644+0000] {task_command.py:416} INFO - Running <TaskInstance: preprocessing_v1.stats_task scheduled__2023-11-10T00:00:00+00:00 [running]> on host d2c761eebca3
[2023-11-11T03:25:25.692+0000] {taskinstance.py:1662} INFO - Exporting env vars: AIRFLOW_CTX_DAG_OWNER='Team 3' AIRFLOW_CTX_DAG_ID='preprocessing_v1' AIRFLOW_CTX_TASK_ID='stats_task' AIRFLOW_CTX_EXECUTION_DATE='2023-11-10T00:00:00+00:00' AIRFLOW_CTX_TRY_NUMBER='1' AIRFLOW_CTX_DAG_RUN_ID='scheduled__2023-11-10T00:00:00+00:00'
[2023-11-11T03:25:25.886+0000] {python.py:194} INFO - Done. Returned value was:              obj_ID          alpha  ...            MJD       fiber_ID
count  1.000000e+05  100000.000000  ...  100000.000000  100000.000000
mean   1.237665e+18     177.629117  ...   55588.647500     449.312740
std    8.438560e+12      96.502241  ...    1808.484233     272.498404
min    1.237646e+18       0.005528  ...   51608.000000       1.000000
25%    1.237659e+18     127.518222  ...   54234.000000     221.000000
50%    1.237663e+18     180.900700  ...   55868.500000     433.000000
75%    1.237668e+18     233.895005  ...   56777.000000     645.000000
max    1.237681e+18     359.999810  ...   58932.000000    1000.000000

[8 rows x 17 columns]
[2023-11-11T03:25:25.951+0000] {taskinstance.py:1400} INFO - Marking task as SUCCESS. dag_id=preprocessing_v1, task_id=stats_task, execution_date=20231110T000000, start_date=20231111T032525, end_date=20231111T032525
[2023-11-11T03:25:25.979+0000] {local_task_job_runner.py:228} INFO - Task exited with return code 0
[2023-11-11T03:25:25.997+0000] {taskinstance.py:2778} INFO - 0 downstream tasks scheduled from follow-on schedule check
[2023-11-11T03:29:41.731+0000] {taskinstance.py:1159} INFO - Dependencies all met for dep_context=non-requeueable deps ti=<TaskInstance: preprocessing_v1.stats_task scheduled__2023-11-10T00:00:00+00:00 [queued]>
[2023-11-11T03:29:41.737+0000] {taskinstance.py:1159} INFO - Dependencies all met for dep_context=requeueable deps ti=<TaskInstance: preprocessing_v1.stats_task scheduled__2023-11-10T00:00:00+00:00 [queued]>
[2023-11-11T03:29:41.738+0000] {taskinstance.py:1361} INFO - Starting attempt 1 of 6
[2023-11-11T03:29:41.744+0000] {taskinstance.py:1382} INFO - Executing <Task(PythonOperator): stats_task> on 2023-11-10 00:00:00+00:00
[2023-11-11T03:29:41.750+0000] {standard_task_runner.py:57} INFO - Started process 348 to run task
[2023-11-11T03:29:41.753+0000] {standard_task_runner.py:84} INFO - Running: ['***', 'tasks', 'run', 'preprocessing_v1', 'stats_task', 'scheduled__2023-11-10T00:00:00+00:00', '--job-id', '12', '--raw', '--subdir', 'DAGS_FOLDER/***_code.py', '--cfg-path', '/tmp/tmp5ks7g7ht']
[2023-11-11T03:29:41.755+0000] {standard_task_runner.py:85} INFO - Job 12: Subtask stats_task
[2023-11-11T03:29:41.786+0000] {task_command.py:416} INFO - Running <TaskInstance: preprocessing_v1.stats_task scheduled__2023-11-10T00:00:00+00:00 [running]> on host 9c8a8ec1a519
[2023-11-11T03:29:41.840+0000] {taskinstance.py:1662} INFO - Exporting env vars: AIRFLOW_CTX_DAG_OWNER='Team 3' AIRFLOW_CTX_DAG_ID='preprocessing_v1' AIRFLOW_CTX_TASK_ID='stats_task' AIRFLOW_CTX_EXECUTION_DATE='2023-11-10T00:00:00+00:00' AIRFLOW_CTX_TRY_NUMBER='1' AIRFLOW_CTX_DAG_RUN_ID='scheduled__2023-11-10T00:00:00+00:00'
[2023-11-11T03:29:42.039+0000] {python.py:194} INFO - Done. Returned value was:              obj_ID          alpha  ...            MJD       fiber_ID
count  1.000000e+05  100000.000000  ...  100000.000000  100000.000000
mean   1.237665e+18     177.629117  ...   55588.647500     449.312740
std    8.438560e+12      96.502241  ...    1808.484233     272.498404
min    1.237646e+18       0.005528  ...   51608.000000       1.000000
25%    1.237659e+18     127.518222  ...   54234.000000     221.000000
50%    1.237663e+18     180.900700  ...   55868.500000     433.000000
75%    1.237668e+18     233.895005  ...   56777.000000     645.000000
max    1.237681e+18     359.999810  ...   58932.000000    1000.000000

[8 rows x 17 columns]
[2023-11-11T03:29:42.100+0000] {taskinstance.py:1400} INFO - Marking task as SUCCESS. dag_id=preprocessing_v1, task_id=stats_task, execution_date=20231110T000000, start_date=20231111T032941, end_date=20231111T032942
[2023-11-11T03:29:42.138+0000] {local_task_job_runner.py:228} INFO - Task exited with return code 0
[2023-11-11T03:29:42.156+0000] {taskinstance.py:2778} INFO - 0 downstream tasks scheduled from follow-on schedule check
[2023-11-11T03:42:02.085+0000] {taskinstance.py:1159} INFO - Dependencies all met for dep_context=non-requeueable deps ti=<TaskInstance: preprocessing_v1.stats_task scheduled__2023-11-10T00:00:00+00:00 [queued]>
[2023-11-11T03:42:02.090+0000] {taskinstance.py:1159} INFO - Dependencies all met for dep_context=requeueable deps ti=<TaskInstance: preprocessing_v1.stats_task scheduled__2023-11-10T00:00:00+00:00 [queued]>
[2023-11-11T03:42:02.091+0000] {taskinstance.py:1361} INFO - Starting attempt 1 of 6
[2023-11-11T03:42:02.096+0000] {taskinstance.py:1382} INFO - Executing <Task(PythonOperator): stats_task> on 2023-11-10 00:00:00+00:00
[2023-11-11T03:42:02.104+0000] {standard_task_runner.py:57} INFO - Started process 298 to run task
[2023-11-11T03:42:02.109+0000] {standard_task_runner.py:84} INFO - Running: ['***', 'tasks', 'run', 'preprocessing_v1', 'stats_task', 'scheduled__2023-11-10T00:00:00+00:00', '--job-id', '11', '--raw', '--subdir', 'DAGS_FOLDER/***_code.py', '--cfg-path', '/tmp/tmp2q3zxs13']
[2023-11-11T03:42:02.114+0000] {standard_task_runner.py:85} INFO - Job 11: Subtask stats_task
[2023-11-11T03:42:02.148+0000] {task_command.py:416} INFO - Running <TaskInstance: preprocessing_v1.stats_task scheduled__2023-11-10T00:00:00+00:00 [running]> on host 27df91229c7e
[2023-11-11T03:42:02.193+0000] {taskinstance.py:1662} INFO - Exporting env vars: AIRFLOW_CTX_DAG_OWNER='Team 3' AIRFLOW_CTX_DAG_ID='preprocessing_v1' AIRFLOW_CTX_TASK_ID='stats_task' AIRFLOW_CTX_EXECUTION_DATE='2023-11-10T00:00:00+00:00' AIRFLOW_CTX_TRY_NUMBER='1' AIRFLOW_CTX_DAG_RUN_ID='scheduled__2023-11-10T00:00:00+00:00'
[2023-11-11T03:42:02.194+0000] {datapreprocessing.py:32} INFO - Calculating data statistics...
[2023-11-11T03:42:02.405+0000] {datapreprocessing.py:36} INFO - Data statistics calculated.
[2023-11-11T03:42:02.407+0000] {python.py:194} INFO - Done. Returned value was:              obj_ID          alpha  ...            MJD       fiber_ID
count  1.000000e+05  100000.000000  ...  100000.000000  100000.000000
mean   1.237665e+18     177.629117  ...   55588.647500     449.312740
std    8.438560e+12      96.502241  ...    1808.484233     272.498404
min    1.237646e+18       0.005528  ...   51608.000000       1.000000
25%    1.237659e+18     127.518222  ...   54234.000000     221.000000
50%    1.237663e+18     180.900700  ...   55868.500000     433.000000
75%    1.237668e+18     233.895005  ...   56777.000000     645.000000
max    1.237681e+18     359.999810  ...   58932.000000    1000.000000

[8 rows x 17 columns]
[2023-11-11T03:42:02.468+0000] {taskinstance.py:1400} INFO - Marking task as SUCCESS. dag_id=preprocessing_v1, task_id=stats_task, execution_date=20231110T000000, start_date=20231111T034202, end_date=20231111T034202
[2023-11-11T03:42:02.492+0000] {local_task_job_runner.py:228} INFO - Task exited with return code 0
[2023-11-11T03:42:02.508+0000] {taskinstance.py:2778} INFO - 1 downstream tasks scheduled from follow-on schedule check
[2023-11-11T04:44:25.599+0000] {taskinstance.py:1159} INFO - Dependencies all met for dep_context=non-requeueable deps ti=<TaskInstance: preprocessing_v1.stats_task scheduled__2023-11-10T00:00:00+00:00 [queued]>
[2023-11-11T04:44:25.607+0000] {taskinstance.py:1159} INFO - Dependencies all met for dep_context=requeueable deps ti=<TaskInstance: preprocessing_v1.stats_task scheduled__2023-11-10T00:00:00+00:00 [queued]>
[2023-11-11T04:44:25.608+0000] {taskinstance.py:1361} INFO - Starting attempt 1 of 6
[2023-11-11T04:44:25.623+0000] {taskinstance.py:1382} INFO - Executing <Task(PythonOperator): stats_task> on 2023-11-10 00:00:00+00:00
[2023-11-11T04:44:25.630+0000] {standard_task_runner.py:57} INFO - Started process 335 to run task
[2023-11-11T04:44:25.634+0000] {standard_task_runner.py:84} INFO - Running: ['***', 'tasks', 'run', 'preprocessing_v1', 'stats_task', 'scheduled__2023-11-10T00:00:00+00:00', '--job-id', '14', '--raw', '--subdir', 'DAGS_FOLDER/***_code.py', '--cfg-path', '/tmp/tmp1do3m76d']
[2023-11-11T04:44:25.637+0000] {standard_task_runner.py:85} INFO - Job 14: Subtask stats_task
[2023-11-11T04:44:25.675+0000] {task_command.py:416} INFO - Running <TaskInstance: preprocessing_v1.stats_task scheduled__2023-11-10T00:00:00+00:00 [running]> on host bb20688940fc
[2023-11-11T04:44:25.727+0000] {taskinstance.py:1662} INFO - Exporting env vars: AIRFLOW_CTX_DAG_OWNER='Team 3' AIRFLOW_CTX_DAG_ID='preprocessing_v1' AIRFLOW_CTX_TASK_ID='stats_task' AIRFLOW_CTX_EXECUTION_DATE='2023-11-10T00:00:00+00:00' AIRFLOW_CTX_TRY_NUMBER='1' AIRFLOW_CTX_DAG_RUN_ID='scheduled__2023-11-10T00:00:00+00:00'
[2023-11-11T04:44:25.729+0000] {datapreprocessing.py:31} INFO - Calculating data statistics...
[2023-11-11T04:44:26.058+0000] {datapreprocessing.py:35} INFO - Data statistics calculated.
[2023-11-11T04:44:26.060+0000] {python.py:194} INFO - Done. Returned value was:              obj_ID          alpha  ...            MJD       fiber_ID
count  1.000000e+05  100000.000000  ...  100000.000000  100000.000000
mean   1.237665e+18     177.629117  ...   55588.647500     449.312740
std    8.438560e+12      96.502241  ...    1808.484233     272.498404
min    1.237646e+18       0.005528  ...   51608.000000       1.000000
25%    1.237659e+18     127.518222  ...   54234.000000     221.000000
50%    1.237663e+18     180.900700  ...   55868.500000     433.000000
75%    1.237668e+18     233.895005  ...   56777.000000     645.000000
max    1.237681e+18     359.999810  ...   58932.000000    1000.000000

[8 rows x 17 columns]
[2023-11-11T04:44:26.179+0000] {taskinstance.py:1400} INFO - Marking task as SUCCESS. dag_id=preprocessing_v1, task_id=stats_task, execution_date=20231110T000000, start_date=20231111T044425, end_date=20231111T044426
[2023-11-11T04:44:26.222+0000] {local_task_job_runner.py:228} INFO - Task exited with return code 0
[2023-11-11T04:44:26.262+0000] {taskinstance.py:2778} INFO - 1 downstream tasks scheduled from follow-on schedule check
[2023-11-11T07:08:42.119+0000] {taskinstance.py:1159} INFO - Dependencies all met for dep_context=non-requeueable deps ti=<TaskInstance: preprocessing_v1.stats_task scheduled__2023-11-10T00:00:00+00:00 [queued]>
[2023-11-11T07:08:42.130+0000] {taskinstance.py:1159} INFO - Dependencies all met for dep_context=requeueable deps ti=<TaskInstance: preprocessing_v1.stats_task scheduled__2023-11-10T00:00:00+00:00 [queued]>
[2023-11-11T07:08:42.131+0000] {taskinstance.py:1361} INFO - Starting attempt 1 of 6
[2023-11-11T07:08:42.144+0000] {taskinstance.py:1382} INFO - Executing <Task(PythonOperator): stats_task> on 2023-11-10 00:00:00+00:00
[2023-11-11T07:08:42.162+0000] {standard_task_runner.py:57} INFO - Started process 351 to run task
[2023-11-11T07:08:42.168+0000] {standard_task_runner.py:84} INFO - Running: ['***', 'tasks', 'run', 'preprocessing_v1', 'stats_task', 'scheduled__2023-11-10T00:00:00+00:00', '--job-id', '11', '--raw', '--subdir', 'DAGS_FOLDER/***_code.py', '--cfg-path', '/tmp/tmpzkp2kpqt']
[2023-11-11T07:08:42.172+0000] {standard_task_runner.py:85} INFO - Job 11: Subtask stats_task
[2023-11-11T07:08:42.253+0000] {task_command.py:416} INFO - Running <TaskInstance: preprocessing_v1.stats_task scheduled__2023-11-10T00:00:00+00:00 [running]> on host bce5ad10b059
[2023-11-11T07:08:42.349+0000] {taskinstance.py:1662} INFO - Exporting env vars: AIRFLOW_CTX_DAG_OWNER='Team 3' AIRFLOW_CTX_DAG_ID='preprocessing_v1' AIRFLOW_CTX_TASK_ID='stats_task' AIRFLOW_CTX_EXECUTION_DATE='2023-11-10T00:00:00+00:00' AIRFLOW_CTX_TRY_NUMBER='1' AIRFLOW_CTX_DAG_RUN_ID='scheduled__2023-11-10T00:00:00+00:00'
[2023-11-11T07:08:42.785+0000] {python.py:194} INFO - Done. Returned value was:              obj_ID          alpha  ...            MJD       fiber_ID
count  1.000000e+05  100000.000000  ...  100000.000000  100000.000000
mean   1.237665e+18     177.629117  ...   55588.647500     449.312740
std    8.438560e+12      96.502241  ...    1808.484233     272.498404
min    1.237646e+18       0.005528  ...   51608.000000       1.000000
25%    1.237659e+18     127.518222  ...   54234.000000     221.000000
50%    1.237663e+18     180.900700  ...   55868.500000     433.000000
75%    1.237668e+18     233.895005  ...   56777.000000     645.000000
max    1.237681e+18     359.999810  ...   58932.000000    1000.000000

[8 rows x 17 columns]
[2023-11-11T07:08:42.979+0000] {taskinstance.py:1400} INFO - Marking task as SUCCESS. dag_id=preprocessing_v1, task_id=stats_task, execution_date=20231110T000000, start_date=20231111T070842, end_date=20231111T070842
[2023-11-11T07:08:43.028+0000] {local_task_job_runner.py:228} INFO - Task exited with return code 0
[2023-11-11T07:08:43.077+0000] {taskinstance.py:2778} INFO - 1 downstream tasks scheduled from follow-on schedule check
[2023-11-11T07:18:05.537+0000] {taskinstance.py:1159} INFO - Dependencies all met for dep_context=non-requeueable deps ti=<TaskInstance: preprocessing_v1.stats_task scheduled__2023-11-10T00:00:00+00:00 [queued]>
[2023-11-11T07:18:05.544+0000] {taskinstance.py:1159} INFO - Dependencies all met for dep_context=requeueable deps ti=<TaskInstance: preprocessing_v1.stats_task scheduled__2023-11-10T00:00:00+00:00 [queued]>
[2023-11-11T07:18:05.545+0000] {taskinstance.py:1361} INFO - Starting attempt 1 of 6
[2023-11-11T07:18:05.554+0000] {taskinstance.py:1382} INFO - Executing <Task(PythonOperator): stats_task> on 2023-11-10 00:00:00+00:00
[2023-11-11T07:18:05.568+0000] {standard_task_runner.py:57} INFO - Started process 350 to run task
[2023-11-11T07:18:05.586+0000] {standard_task_runner.py:84} INFO - Running: ['***', 'tasks', 'run', 'preprocessing_v1', 'stats_task', 'scheduled__2023-11-10T00:00:00+00:00', '--job-id', '13', '--raw', '--subdir', 'DAGS_FOLDER/***_code.py', '--cfg-path', '/tmp/tmpflrn_6_f']
[2023-11-11T07:18:05.601+0000] {standard_task_runner.py:85} INFO - Job 13: Subtask stats_task
[2023-11-11T07:18:05.667+0000] {task_command.py:416} INFO - Running <TaskInstance: preprocessing_v1.stats_task scheduled__2023-11-10T00:00:00+00:00 [running]> on host 2c83865699e0
[2023-11-11T07:18:05.735+0000] {taskinstance.py:1662} INFO - Exporting env vars: AIRFLOW_CTX_DAG_OWNER='Team 3' AIRFLOW_CTX_DAG_ID='preprocessing_v1' AIRFLOW_CTX_TASK_ID='stats_task' AIRFLOW_CTX_EXECUTION_DATE='2023-11-10T00:00:00+00:00' AIRFLOW_CTX_TRY_NUMBER='1' AIRFLOW_CTX_DAG_RUN_ID='scheduled__2023-11-10T00:00:00+00:00'
[2023-11-11T07:18:06.354+0000] {python.py:194} INFO - Done. Returned value was:              obj_ID         alpha  ...           MJD      fiber_ID
count  8.000000e+04  80000.000000  ...  80000.000000  80000.000000
mean   1.237665e+18    177.489121  ...  55587.276700    448.855450
std    8.435737e+12     96.569388  ...   1808.495382    272.544816
min    1.237646e+18      0.005528  ...  51608.000000      1.000000
25%    1.237659e+18    127.419346  ...  54232.750000    220.000000
50%    1.237663e+18    180.689614  ...  55868.000000    432.000000
75%    1.237668e+18    233.698369  ...  56777.000000    644.000000
max    1.237681e+18    359.999615  ...  58932.000000   1000.000000

[8 rows x 17 columns]
[2023-11-11T07:18:06.632+0000] {taskinstance.py:1400} INFO - Marking task as SUCCESS. dag_id=preprocessing_v1, task_id=stats_task, execution_date=20231110T000000, start_date=20231111T071805, end_date=20231111T071806
[2023-11-11T07:18:06.705+0000] {local_task_job_runner.py:228} INFO - Task exited with return code 0
[2023-11-11T07:18:06.766+0000] {taskinstance.py:2778} INFO - 1 downstream tasks scheduled from follow-on schedule check
