[2023-11-11T03:25:30.593+0000] {taskinstance.py:1159} INFO - Dependencies all met for dep_context=non-requeueable deps ti=<TaskInstance: preprocessing_v1.outlier_detection_task scheduled__2023-11-08T00:00:00+00:00 [queued]>
[2023-11-11T03:25:30.599+0000] {taskinstance.py:1159} INFO - Dependencies all met for dep_context=requeueable deps ti=<TaskInstance: preprocessing_v1.outlier_detection_task scheduled__2023-11-08T00:00:00+00:00 [queued]>
[2023-11-11T03:25:30.599+0000] {taskinstance.py:1361} INFO - Starting attempt 1 of 6
[2023-11-11T03:25:30.606+0000] {taskinstance.py:1382} INFO - Executing <Task(PythonOperator): outlier_detection_task> on 2023-11-08 00:00:00+00:00
[2023-11-11T03:25:30.612+0000] {standard_task_runner.py:57} INFO - Started process 444 to run task
[2023-11-11T03:25:30.615+0000] {standard_task_runner.py:84} INFO - Running: ['***', 'tasks', 'run', 'preprocessing_v1', 'outlier_detection_task', 'scheduled__2023-11-08T00:00:00+00:00', '--job-id', '22', '--raw', '--subdir', 'DAGS_FOLDER/***_code.py', '--cfg-path', '/tmp/tmpdf8593g5']
[2023-11-11T03:25:30.617+0000] {standard_task_runner.py:85} INFO - Job 22: Subtask outlier_detection_task
[2023-11-11T03:25:30.649+0000] {task_command.py:416} INFO - Running <TaskInstance: preprocessing_v1.outlier_detection_task scheduled__2023-11-08T00:00:00+00:00 [running]> on host d2c761eebca3
[2023-11-11T03:25:30.696+0000] {taskinstance.py:1662} INFO - Exporting env vars: AIRFLOW_CTX_DAG_OWNER='Team 3' AIRFLOW_CTX_DAG_ID='preprocessing_v1' AIRFLOW_CTX_TASK_ID='outlier_detection_task' AIRFLOW_CTX_EXECUTION_DATE='2023-11-08T00:00:00+00:00' AIRFLOW_CTX_TRY_NUMBER='1' AIRFLOW_CTX_DAG_RUN_ID='scheduled__2023-11-08T00:00:00+00:00'
[2023-11-11T03:25:30.916+0000] {logging_mixin.py:154} WARNING - /opt/***/dags/src/datapreprocessing.py:77 SettingWithCopyWarning: 
A value is trying to be set on a copy of a slice from a DataFrame.
Try using .loc[row_indexer,col_indexer] = value instead

See the caveats in the documentation: https://pandas.pydata.org/pandas-docs/stable/user_guide/indexing.html#returning-a-view-versus-a-copy
[2023-11-11T03:25:32.134+0000] {python.py:194} INFO - Done. Returned value was: 1
[2023-11-11T03:25:32.148+0000] {taskinstance.py:1400} INFO - Marking task as SUCCESS. dag_id=preprocessing_v1, task_id=outlier_detection_task, execution_date=20231108T000000, start_date=20231111T032530, end_date=20231111T032532
[2023-11-11T03:25:32.172+0000] {local_task_job_runner.py:228} INFO - Task exited with return code 0
[2023-11-11T03:25:32.182+0000] {taskinstance.py:2778} INFO - 0 downstream tasks scheduled from follow-on schedule check
[2023-11-11T03:42:09.216+0000] {taskinstance.py:1159} INFO - Dependencies all met for dep_context=non-requeueable deps ti=<TaskInstance: preprocessing_v1.outlier_detection_task scheduled__2023-11-08T00:00:00+00:00 [queued]>
[2023-11-11T03:42:09.222+0000] {taskinstance.py:1159} INFO - Dependencies all met for dep_context=requeueable deps ti=<TaskInstance: preprocessing_v1.outlier_detection_task scheduled__2023-11-08T00:00:00+00:00 [queued]>
[2023-11-11T03:42:09.223+0000] {taskinstance.py:1361} INFO - Starting attempt 1 of 6
[2023-11-11T03:42:09.230+0000] {taskinstance.py:1382} INFO - Executing <Task(PythonOperator): outlier_detection_task> on 2023-11-08 00:00:00+00:00
[2023-11-11T03:42:09.239+0000] {standard_task_runner.py:57} INFO - Started process 445 to run task
[2023-11-11T03:42:09.243+0000] {standard_task_runner.py:84} INFO - Running: ['***', 'tasks', 'run', 'preprocessing_v1', 'outlier_detection_task', 'scheduled__2023-11-08T00:00:00+00:00', '--job-id', '21', '--raw', '--subdir', 'DAGS_FOLDER/***_code.py', '--cfg-path', '/tmp/tmpl_mp1ezb']
[2023-11-11T03:42:09.245+0000] {standard_task_runner.py:85} INFO - Job 21: Subtask outlier_detection_task
[2023-11-11T03:42:09.289+0000] {task_command.py:416} INFO - Running <TaskInstance: preprocessing_v1.outlier_detection_task scheduled__2023-11-08T00:00:00+00:00 [running]> on host 27df91229c7e
[2023-11-11T03:42:09.340+0000] {taskinstance.py:1662} INFO - Exporting env vars: AIRFLOW_CTX_DAG_OWNER='Team 3' AIRFLOW_CTX_DAG_ID='preprocessing_v1' AIRFLOW_CTX_TASK_ID='outlier_detection_task' AIRFLOW_CTX_EXECUTION_DATE='2023-11-08T00:00:00+00:00' AIRFLOW_CTX_TRY_NUMBER='1' AIRFLOW_CTX_DAG_RUN_ID='scheduled__2023-11-08T00:00:00+00:00'
[2023-11-11T03:42:09.341+0000] {datapreprocessing.py:88} INFO - Eliminating outliers...
[2023-11-11T03:42:09.578+0000] {logging_mixin.py:154} WARNING - /opt/***/dags/src/datapreprocessing.py:104 SettingWithCopyWarning: 
A value is trying to be set on a copy of a slice from a DataFrame.
Try using .loc[row_indexer,col_indexer] = value instead

See the caveats in the documentation: https://pandas.pydata.org/pandas-docs/stable/user_guide/indexing.html#returning-a-view-versus-a-copy
[2023-11-11T03:42:10.857+0000] {datapreprocessing.py:107} INFO - Outliers eliminated.
[2023-11-11T03:42:10.859+0000] {python.py:194} INFO - Done. Returned value was: 1
[2023-11-11T03:42:10.886+0000] {taskinstance.py:1400} INFO - Marking task as SUCCESS. dag_id=preprocessing_v1, task_id=outlier_detection_task, execution_date=20231108T000000, start_date=20231111T034209, end_date=20231111T034210
[2023-11-11T03:42:10.910+0000] {local_task_job_runner.py:228} INFO - Task exited with return code 0
[2023-11-11T03:42:10.927+0000] {taskinstance.py:2778} INFO - 0 downstream tasks scheduled from follow-on schedule check
[2023-11-11T04:44:32.039+0000] {taskinstance.py:1159} INFO - Dependencies all met for dep_context=non-requeueable deps ti=<TaskInstance: preprocessing_v1.outlier_detection_task scheduled__2023-11-08T00:00:00+00:00 [queued]>
[2023-11-11T04:44:32.051+0000] {taskinstance.py:1159} INFO - Dependencies all met for dep_context=requeueable deps ti=<TaskInstance: preprocessing_v1.outlier_detection_task scheduled__2023-11-08T00:00:00+00:00 [queued]>
[2023-11-11T04:44:32.051+0000] {taskinstance.py:1361} INFO - Starting attempt 1 of 6
[2023-11-11T04:44:32.061+0000] {taskinstance.py:1382} INFO - Executing <Task(PythonOperator): outlier_detection_task> on 2023-11-08 00:00:00+00:00
[2023-11-11T04:44:32.074+0000] {standard_task_runner.py:57} INFO - Started process 416 to run task
[2023-11-11T04:44:32.078+0000] {standard_task_runner.py:84} INFO - Running: ['***', 'tasks', 'run', 'preprocessing_v1', 'outlier_detection_task', 'scheduled__2023-11-08T00:00:00+00:00', '--job-id', '19', '--raw', '--subdir', 'DAGS_FOLDER/***_code.py', '--cfg-path', '/tmp/tmp63sa4v47']
[2023-11-11T04:44:32.081+0000] {standard_task_runner.py:85} INFO - Job 19: Subtask outlier_detection_task
[2023-11-11T04:44:32.127+0000] {task_command.py:416} INFO - Running <TaskInstance: preprocessing_v1.outlier_detection_task scheduled__2023-11-08T00:00:00+00:00 [running]> on host bb20688940fc
[2023-11-11T04:44:32.223+0000] {taskinstance.py:1662} INFO - Exporting env vars: AIRFLOW_CTX_DAG_OWNER='Team 3' AIRFLOW_CTX_DAG_ID='preprocessing_v1' AIRFLOW_CTX_TASK_ID='outlier_detection_task' AIRFLOW_CTX_EXECUTION_DATE='2023-11-08T00:00:00+00:00' AIRFLOW_CTX_TRY_NUMBER='1' AIRFLOW_CTX_DAG_RUN_ID='scheduled__2023-11-08T00:00:00+00:00'
[2023-11-11T04:44:32.239+0000] {datapreprocessing.py:87} INFO - Eliminating outliers...
[2023-11-11T04:44:32.575+0000] {logging_mixin.py:154} WARNING - /opt/***/dags/src/datapreprocessing.py:100 SettingWithCopyWarning: 
A value is trying to be set on a copy of a slice from a DataFrame.
Try using .loc[row_indexer,col_indexer] = value instead

See the caveats in the documentation: https://pandas.pydata.org/pandas-docs/stable/user_guide/indexing.html#returning-a-view-versus-a-copy
[2023-11-11T04:44:33.653+0000] {datapreprocessing.py:103} INFO - Outliers eliminated.
[2023-11-11T04:44:33.654+0000] {python.py:194} INFO - Done. Returned value was: 1
[2023-11-11T04:44:33.684+0000] {taskinstance.py:1400} INFO - Marking task as SUCCESS. dag_id=preprocessing_v1, task_id=outlier_detection_task, execution_date=20231108T000000, start_date=20231111T044432, end_date=20231111T044433
[2023-11-11T04:44:33.708+0000] {local_task_job_runner.py:228} INFO - Task exited with return code 0
[2023-11-11T04:44:33.730+0000] {taskinstance.py:2778} INFO - 0 downstream tasks scheduled from follow-on schedule check
