[2023-11-11T03:25:22.831+0000] {taskinstance.py:1159} INFO - Dependencies all met for dep_context=non-requeueable deps ti=<TaskInstance: preprocessing_v1.check_nan_task scheduled__2023-11-09T00:00:00+00:00 [queued]>
[2023-11-11T03:25:22.837+0000] {taskinstance.py:1159} INFO - Dependencies all met for dep_context=requeueable deps ti=<TaskInstance: preprocessing_v1.check_nan_task scheduled__2023-11-09T00:00:00+00:00 [queued]>
[2023-11-11T03:25:22.837+0000] {taskinstance.py:1361} INFO - Starting attempt 1 of 6
[2023-11-11T03:25:22.846+0000] {taskinstance.py:1382} INFO - Executing <Task(PythonOperator): check_nan_task> on 2023-11-09 00:00:00+00:00
[2023-11-11T03:25:22.853+0000] {standard_task_runner.py:57} INFO - Started process 287 to run task
[2023-11-11T03:25:22.857+0000] {standard_task_runner.py:84} INFO - Running: ['***', 'tasks', 'run', 'preprocessing_v1', 'check_nan_task', 'scheduled__2023-11-09T00:00:00+00:00', '--job-id', '11', '--raw', '--subdir', 'DAGS_FOLDER/***_code.py', '--cfg-path', '/tmp/tmpdu_b4yeg']
[2023-11-11T03:25:22.860+0000] {standard_task_runner.py:85} INFO - Job 11: Subtask check_nan_task
[2023-11-11T03:25:22.894+0000] {task_command.py:416} INFO - Running <TaskInstance: preprocessing_v1.check_nan_task scheduled__2023-11-09T00:00:00+00:00 [running]> on host d2c761eebca3
[2023-11-11T03:25:22.939+0000] {taskinstance.py:1662} INFO - Exporting env vars: AIRFLOW_CTX_DAG_OWNER='Team 3' AIRFLOW_CTX_DAG_ID='preprocessing_v1' AIRFLOW_CTX_TASK_ID='check_nan_task' AIRFLOW_CTX_EXECUTION_DATE='2023-11-09T00:00:00+00:00' AIRFLOW_CTX_TRY_NUMBER='1' AIRFLOW_CTX_DAG_RUN_ID='scheduled__2023-11-09T00:00:00+00:00'
[2023-11-11T03:25:23.957+0000] {python.py:194} INFO - Done. Returned value was: 1
[2023-11-11T03:25:23.972+0000] {taskinstance.py:1400} INFO - Marking task as SUCCESS. dag_id=preprocessing_v1, task_id=check_nan_task, execution_date=20231109T000000, start_date=20231111T032522, end_date=20231111T032523
[2023-11-11T03:25:24.011+0000] {local_task_job_runner.py:228} INFO - Task exited with return code 0
[2023-11-11T03:25:24.028+0000] {taskinstance.py:2778} INFO - 1 downstream tasks scheduled from follow-on schedule check
[2023-11-11T03:29:39.544+0000] {taskinstance.py:1159} INFO - Dependencies all met for dep_context=non-requeueable deps ti=<TaskInstance: preprocessing_v1.check_nan_task scheduled__2023-11-09T00:00:00+00:00 [queued]>
[2023-11-11T03:29:39.550+0000] {taskinstance.py:1159} INFO - Dependencies all met for dep_context=requeueable deps ti=<TaskInstance: preprocessing_v1.check_nan_task scheduled__2023-11-09T00:00:00+00:00 [queued]>
[2023-11-11T03:29:39.551+0000] {taskinstance.py:1361} INFO - Starting attempt 1 of 6
[2023-11-11T03:29:39.558+0000] {taskinstance.py:1382} INFO - Executing <Task(PythonOperator): check_nan_task> on 2023-11-09 00:00:00+00:00
[2023-11-11T03:29:39.563+0000] {standard_task_runner.py:57} INFO - Started process 300 to run task
[2023-11-11T03:29:39.566+0000] {standard_task_runner.py:84} INFO - Running: ['***', 'tasks', 'run', 'preprocessing_v1', 'check_nan_task', 'scheduled__2023-11-09T00:00:00+00:00', '--job-id', '8', '--raw', '--subdir', 'DAGS_FOLDER/***_code.py', '--cfg-path', '/tmp/tmpj0qxo7i2']
[2023-11-11T03:29:39.568+0000] {standard_task_runner.py:85} INFO - Job 8: Subtask check_nan_task
[2023-11-11T03:29:39.598+0000] {task_command.py:416} INFO - Running <TaskInstance: preprocessing_v1.check_nan_task scheduled__2023-11-09T00:00:00+00:00 [running]> on host 9c8a8ec1a519
[2023-11-11T03:29:39.641+0000] {taskinstance.py:1662} INFO - Exporting env vars: AIRFLOW_CTX_DAG_OWNER='Team 3' AIRFLOW_CTX_DAG_ID='preprocessing_v1' AIRFLOW_CTX_TASK_ID='check_nan_task' AIRFLOW_CTX_EXECUTION_DATE='2023-11-09T00:00:00+00:00' AIRFLOW_CTX_TRY_NUMBER='1' AIRFLOW_CTX_DAG_RUN_ID='scheduled__2023-11-09T00:00:00+00:00'
[2023-11-11T03:29:40.907+0000] {python.py:194} INFO - Done. Returned value was: 1
[2023-11-11T03:29:40.919+0000] {taskinstance.py:1400} INFO - Marking task as SUCCESS. dag_id=preprocessing_v1, task_id=check_nan_task, execution_date=20231109T000000, start_date=20231111T032939, end_date=20231111T032940
[2023-11-11T03:29:40.940+0000] {local_task_job_runner.py:228} INFO - Task exited with return code 0
[2023-11-11T03:29:40.958+0000] {taskinstance.py:2778} INFO - 1 downstream tasks scheduled from follow-on schedule check
[2023-11-11T03:41:58.928+0000] {taskinstance.py:1159} INFO - Dependencies all met for dep_context=non-requeueable deps ti=<TaskInstance: preprocessing_v1.check_nan_task scheduled__2023-11-09T00:00:00+00:00 [queued]>
[2023-11-11T03:41:58.934+0000] {taskinstance.py:1159} INFO - Dependencies all met for dep_context=requeueable deps ti=<TaskInstance: preprocessing_v1.check_nan_task scheduled__2023-11-09T00:00:00+00:00 [queued]>
[2023-11-11T03:41:58.935+0000] {taskinstance.py:1361} INFO - Starting attempt 1 of 6
[2023-11-11T03:41:58.942+0000] {taskinstance.py:1382} INFO - Executing <Task(PythonOperator): check_nan_task> on 2023-11-09 00:00:00+00:00
[2023-11-11T03:41:58.948+0000] {standard_task_runner.py:57} INFO - Started process 277 to run task
[2023-11-11T03:41:58.951+0000] {standard_task_runner.py:84} INFO - Running: ['***', 'tasks', 'run', 'preprocessing_v1', 'check_nan_task', 'scheduled__2023-11-09T00:00:00+00:00', '--job-id', '8', '--raw', '--subdir', 'DAGS_FOLDER/***_code.py', '--cfg-path', '/tmp/tmpbxyob6ud']
[2023-11-11T03:41:58.953+0000] {standard_task_runner.py:85} INFO - Job 8: Subtask check_nan_task
[2023-11-11T03:41:58.995+0000] {task_command.py:416} INFO - Running <TaskInstance: preprocessing_v1.check_nan_task scheduled__2023-11-09T00:00:00+00:00 [running]> on host 27df91229c7e
[2023-11-11T03:41:59.048+0000] {taskinstance.py:1662} INFO - Exporting env vars: AIRFLOW_CTX_DAG_OWNER='Team 3' AIRFLOW_CTX_DAG_ID='preprocessing_v1' AIRFLOW_CTX_TASK_ID='check_nan_task' AIRFLOW_CTX_EXECUTION_DATE='2023-11-09T00:00:00+00:00' AIRFLOW_CTX_TRY_NUMBER='1' AIRFLOW_CTX_DAG_RUN_ID='scheduled__2023-11-09T00:00:00+00:00'
[2023-11-11T03:41:59.050+0000] {datapreprocessing.py:56} INFO - Checking for NaN values...
[2023-11-11T03:42:01.345+0000] {datapreprocessing.py:66} INFO - NaN values checked and handled.
[2023-11-11T03:42:01.347+0000] {python.py:194} INFO - Done. Returned value was: 1
[2023-11-11T03:42:01.380+0000] {taskinstance.py:1400} INFO - Marking task as SUCCESS. dag_id=preprocessing_v1, task_id=check_nan_task, execution_date=20231109T000000, start_date=20231111T034158, end_date=20231111T034201
[2023-11-11T03:42:01.419+0000] {local_task_job_runner.py:228} INFO - Task exited with return code 0
[2023-11-11T03:42:01.456+0000] {taskinstance.py:2778} INFO - 1 downstream tasks scheduled from follow-on schedule check
[2023-11-11T04:44:22.452+0000] {taskinstance.py:1159} INFO - Dependencies all met for dep_context=non-requeueable deps ti=<TaskInstance: preprocessing_v1.check_nan_task scheduled__2023-11-09T00:00:00+00:00 [queued]>
[2023-11-11T04:44:22.457+0000] {taskinstance.py:1159} INFO - Dependencies all met for dep_context=requeueable deps ti=<TaskInstance: preprocessing_v1.check_nan_task scheduled__2023-11-09T00:00:00+00:00 [queued]>
[2023-11-11T04:44:22.458+0000] {taskinstance.py:1361} INFO - Starting attempt 1 of 6
[2023-11-11T04:44:22.465+0000] {taskinstance.py:1382} INFO - Executing <Task(PythonOperator): check_nan_task> on 2023-11-09 00:00:00+00:00
[2023-11-11T04:44:22.472+0000] {standard_task_runner.py:57} INFO - Started process 286 to run task
[2023-11-11T04:44:22.477+0000] {standard_task_runner.py:84} INFO - Running: ['***', 'tasks', 'run', 'preprocessing_v1', 'check_nan_task', 'scheduled__2023-11-09T00:00:00+00:00', '--job-id', '8', '--raw', '--subdir', 'DAGS_FOLDER/***_code.py', '--cfg-path', '/tmp/tmp63768noa']
[2023-11-11T04:44:22.480+0000] {standard_task_runner.py:85} INFO - Job 8: Subtask check_nan_task
[2023-11-11T04:44:22.523+0000] {task_command.py:416} INFO - Running <TaskInstance: preprocessing_v1.check_nan_task scheduled__2023-11-09T00:00:00+00:00 [running]> on host bb20688940fc
[2023-11-11T04:44:22.573+0000] {taskinstance.py:1662} INFO - Exporting env vars: AIRFLOW_CTX_DAG_OWNER='Team 3' AIRFLOW_CTX_DAG_ID='preprocessing_v1' AIRFLOW_CTX_TASK_ID='check_nan_task' AIRFLOW_CTX_EXECUTION_DATE='2023-11-09T00:00:00+00:00' AIRFLOW_CTX_TRY_NUMBER='1' AIRFLOW_CTX_DAG_RUN_ID='scheduled__2023-11-09T00:00:00+00:00'
[2023-11-11T04:44:22.575+0000] {datapreprocessing.py:55} INFO - Checking for NaN values...
[2023-11-11T04:44:24.144+0000] {datapreprocessing.py:65} INFO - NaN values checked and handled.
[2023-11-11T04:44:24.148+0000] {python.py:194} INFO - Done. Returned value was: 1
[2023-11-11T04:44:24.181+0000] {taskinstance.py:1400} INFO - Marking task as SUCCESS. dag_id=preprocessing_v1, task_id=check_nan_task, execution_date=20231109T000000, start_date=20231111T044422, end_date=20231111T044424
[2023-11-11T04:44:24.205+0000] {local_task_job_runner.py:228} INFO - Task exited with return code 0
[2023-11-11T04:44:24.237+0000] {taskinstance.py:2778} INFO - 1 downstream tasks scheduled from follow-on schedule check
[2023-11-11T07:08:31.740+0000] {taskinstance.py:1159} INFO - Dependencies all met for dep_context=non-requeueable deps ti=<TaskInstance: preprocessing_v1.check_nan_task scheduled__2023-11-09T00:00:00+00:00 [queued]>
[2023-11-11T07:08:31.752+0000] {taskinstance.py:1159} INFO - Dependencies all met for dep_context=requeueable deps ti=<TaskInstance: preprocessing_v1.check_nan_task scheduled__2023-11-09T00:00:00+00:00 [queued]>
[2023-11-11T07:08:31.753+0000] {taskinstance.py:1361} INFO - Starting attempt 1 of 6
[2023-11-11T07:08:31.775+0000] {taskinstance.py:1382} INFO - Executing <Task(PythonOperator): check_nan_task> on 2023-11-09 00:00:00+00:00
[2023-11-11T07:08:31.789+0000] {standard_task_runner.py:57} INFO - Started process 302 to run task
[2023-11-11T07:08:31.796+0000] {standard_task_runner.py:84} INFO - Running: ['***', 'tasks', 'run', 'preprocessing_v1', 'check_nan_task', 'scheduled__2023-11-09T00:00:00+00:00', '--job-id', '10', '--raw', '--subdir', 'DAGS_FOLDER/***_code.py', '--cfg-path', '/tmp/tmpwohpmnkw']
[2023-11-11T07:08:31.800+0000] {standard_task_runner.py:85} INFO - Job 10: Subtask check_nan_task
[2023-11-11T07:08:31.865+0000] {task_command.py:416} INFO - Running <TaskInstance: preprocessing_v1.check_nan_task scheduled__2023-11-09T00:00:00+00:00 [running]> on host bce5ad10b059
[2023-11-11T07:08:31.938+0000] {taskinstance.py:1662} INFO - Exporting env vars: AIRFLOW_CTX_DAG_OWNER='Team 3' AIRFLOW_CTX_DAG_ID='preprocessing_v1' AIRFLOW_CTX_TASK_ID='check_nan_task' AIRFLOW_CTX_EXECUTION_DATE='2023-11-09T00:00:00+00:00' AIRFLOW_CTX_TRY_NUMBER='1' AIRFLOW_CTX_DAG_RUN_ID='scheduled__2023-11-09T00:00:00+00:00'
[2023-11-11T07:08:36.853+0000] {python.py:194} INFO - Done. Returned value was: 1
[2023-11-11T07:08:36.966+0000] {taskinstance.py:1400} INFO - Marking task as SUCCESS. dag_id=preprocessing_v1, task_id=check_nan_task, execution_date=20231109T000000, start_date=20231111T070831, end_date=20231111T070836
[2023-11-11T07:08:37.027+0000] {local_task_job_runner.py:228} INFO - Task exited with return code 0
[2023-11-11T07:08:37.104+0000] {taskinstance.py:2778} INFO - 1 downstream tasks scheduled from follow-on schedule check
[2023-11-11T07:17:59.866+0000] {taskinstance.py:1159} INFO - Dependencies all met for dep_context=non-requeueable deps ti=<TaskInstance: preprocessing_v1.check_nan_task scheduled__2023-11-09T00:00:00+00:00 [queued]>
[2023-11-11T07:17:59.904+0000] {taskinstance.py:1159} INFO - Dependencies all met for dep_context=requeueable deps ti=<TaskInstance: preprocessing_v1.check_nan_task scheduled__2023-11-09T00:00:00+00:00 [queued]>
[2023-11-11T07:17:59.906+0000] {taskinstance.py:1361} INFO - Starting attempt 1 of 6
[2023-11-11T07:17:59.944+0000] {taskinstance.py:1382} INFO - Executing <Task(PythonOperator): check_nan_task> on 2023-11-09 00:00:00+00:00
[2023-11-11T07:17:59.985+0000] {standard_task_runner.py:57} INFO - Started process 301 to run task
[2023-11-11T07:17:59.991+0000] {standard_task_runner.py:84} INFO - Running: ['***', 'tasks', 'run', 'preprocessing_v1', 'check_nan_task', 'scheduled__2023-11-09T00:00:00+00:00', '--job-id', '9', '--raw', '--subdir', 'DAGS_FOLDER/***_code.py', '--cfg-path', '/tmp/tmp5ns2mmlx']
[2023-11-11T07:17:59.998+0000] {standard_task_runner.py:85} INFO - Job 9: Subtask check_nan_task
[2023-11-11T07:18:00.353+0000] {task_command.py:416} INFO - Running <TaskInstance: preprocessing_v1.check_nan_task scheduled__2023-11-09T00:00:00+00:00 [running]> on host 2c83865699e0
[2023-11-11T07:18:00.915+0000] {taskinstance.py:1662} INFO - Exporting env vars: AIRFLOW_CTX_DAG_OWNER='Team 3' AIRFLOW_CTX_DAG_ID='preprocessing_v1' AIRFLOW_CTX_TASK_ID='check_nan_task' AIRFLOW_CTX_EXECUTION_DATE='2023-11-09T00:00:00+00:00' AIRFLOW_CTX_TRY_NUMBER='1' AIRFLOW_CTX_DAG_RUN_ID='scheduled__2023-11-09T00:00:00+00:00'
[2023-11-11T07:18:03.292+0000] {python.py:194} INFO - Done. Returned value was: 1
[2023-11-11T07:18:03.343+0000] {taskinstance.py:1400} INFO - Marking task as SUCCESS. dag_id=preprocessing_v1, task_id=check_nan_task, execution_date=20231109T000000, start_date=20231111T071759, end_date=20231111T071803
[2023-11-11T07:18:03.403+0000] {local_task_job_runner.py:228} INFO - Task exited with return code 0
[2023-11-11T07:18:03.486+0000] {taskinstance.py:2778} INFO - 1 downstream tasks scheduled from follow-on schedule check
