[2023-11-11T03:25:19.604+0000] {taskinstance.py:1159} INFO - Dependencies all met for dep_context=non-requeueable deps ti=<TaskInstance: preprocessing_v1.split_task scheduled__2023-11-08T00:00:00+00:00 [queued]>
[2023-11-11T03:25:19.610+0000] {taskinstance.py:1159} INFO - Dependencies all met for dep_context=requeueable deps ti=<TaskInstance: preprocessing_v1.split_task scheduled__2023-11-08T00:00:00+00:00 [queued]>
[2023-11-11T03:25:19.610+0000] {taskinstance.py:1361} INFO - Starting attempt 1 of 6
[2023-11-11T03:25:19.618+0000] {taskinstance.py:1382} INFO - Executing <Task(PythonOperator): split_task> on 2023-11-08 00:00:00+00:00
[2023-11-11T03:25:19.624+0000] {standard_task_runner.py:57} INFO - Started process 236 to run task
[2023-11-11T03:25:19.628+0000] {standard_task_runner.py:84} INFO - Running: ['***', 'tasks', 'run', 'preprocessing_v1', 'split_task', 'scheduled__2023-11-08T00:00:00+00:00', '--job-id', '6', '--raw', '--subdir', 'DAGS_FOLDER/***_code.py', '--cfg-path', '/tmp/tmp13y_jop3']
[2023-11-11T03:25:19.631+0000] {standard_task_runner.py:85} INFO - Job 6: Subtask split_task
[2023-11-11T03:25:19.679+0000] {task_command.py:416} INFO - Running <TaskInstance: preprocessing_v1.split_task scheduled__2023-11-08T00:00:00+00:00 [running]> on host d2c761eebca3
[2023-11-11T03:25:19.743+0000] {taskinstance.py:1662} INFO - Exporting env vars: AIRFLOW_CTX_DAG_OWNER='Team 3' AIRFLOW_CTX_DAG_ID='preprocessing_v1' AIRFLOW_CTX_TASK_ID='split_task' AIRFLOW_CTX_EXECUTION_DATE='2023-11-08T00:00:00+00:00' AIRFLOW_CTX_TRY_NUMBER='1' AIRFLOW_CTX_DAG_RUN_ID='scheduled__2023-11-08T00:00:00+00:00'
[2023-11-11T03:25:21.666+0000] {python.py:194} INFO - Done. Returned value was: 1
[2023-11-11T03:25:21.685+0000] {taskinstance.py:1400} INFO - Marking task as SUCCESS. dag_id=preprocessing_v1, task_id=split_task, execution_date=20231108T000000, start_date=20231111T032519, end_date=20231111T032521
[2023-11-11T03:25:21.714+0000] {local_task_job_runner.py:228} INFO - Task exited with return code 0
[2023-11-11T03:25:21.730+0000] {taskinstance.py:2778} INFO - 1 downstream tasks scheduled from follow-on schedule check
[2023-11-11T03:29:36.811+0000] {taskinstance.py:1159} INFO - Dependencies all met for dep_context=non-requeueable deps ti=<TaskInstance: preprocessing_v1.split_task scheduled__2023-11-08T00:00:00+00:00 [queued]>
[2023-11-11T03:29:36.820+0000] {taskinstance.py:1159} INFO - Dependencies all met for dep_context=requeueable deps ti=<TaskInstance: preprocessing_v1.split_task scheduled__2023-11-08T00:00:00+00:00 [queued]>
[2023-11-11T03:29:36.821+0000] {taskinstance.py:1361} INFO - Starting attempt 1 of 6
[2023-11-11T03:29:36.833+0000] {taskinstance.py:1382} INFO - Executing <Task(PythonOperator): split_task> on 2023-11-08 00:00:00+00:00
[2023-11-11T03:29:36.840+0000] {standard_task_runner.py:57} INFO - Started process 252 to run task
[2023-11-11T03:29:36.844+0000] {standard_task_runner.py:84} INFO - Running: ['***', 'tasks', 'run', 'preprocessing_v1', 'split_task', 'scheduled__2023-11-08T00:00:00+00:00', '--job-id', '4', '--raw', '--subdir', 'DAGS_FOLDER/***_code.py', '--cfg-path', '/tmp/tmppio_z__8']
[2023-11-11T03:29:36.847+0000] {standard_task_runner.py:85} INFO - Job 4: Subtask split_task
[2023-11-11T03:29:36.901+0000] {task_command.py:416} INFO - Running <TaskInstance: preprocessing_v1.split_task scheduled__2023-11-08T00:00:00+00:00 [running]> on host 9c8a8ec1a519
[2023-11-11T03:29:36.963+0000] {taskinstance.py:1662} INFO - Exporting env vars: AIRFLOW_CTX_DAG_OWNER='Team 3' AIRFLOW_CTX_DAG_ID='preprocessing_v1' AIRFLOW_CTX_TASK_ID='split_task' AIRFLOW_CTX_EXECUTION_DATE='2023-11-08T00:00:00+00:00' AIRFLOW_CTX_TRY_NUMBER='1' AIRFLOW_CTX_DAG_RUN_ID='scheduled__2023-11-08T00:00:00+00:00'
[2023-11-11T03:29:38.784+0000] {python.py:194} INFO - Done. Returned value was: 1
[2023-11-11T03:29:38.799+0000] {taskinstance.py:1400} INFO - Marking task as SUCCESS. dag_id=preprocessing_v1, task_id=split_task, execution_date=20231108T000000, start_date=20231111T032936, end_date=20231111T032938
[2023-11-11T03:29:38.821+0000] {local_task_job_runner.py:228} INFO - Task exited with return code 0
[2023-11-11T03:29:38.837+0000] {taskinstance.py:2778} INFO - 1 downstream tasks scheduled from follow-on schedule check
[2023-11-11T03:41:55.286+0000] {taskinstance.py:1159} INFO - Dependencies all met for dep_context=non-requeueable deps ti=<TaskInstance: preprocessing_v1.split_task scheduled__2023-11-08T00:00:00+00:00 [queued]>
[2023-11-11T03:41:55.292+0000] {taskinstance.py:1159} INFO - Dependencies all met for dep_context=requeueable deps ti=<TaskInstance: preprocessing_v1.split_task scheduled__2023-11-08T00:00:00+00:00 [queued]>
[2023-11-11T03:41:55.293+0000] {taskinstance.py:1361} INFO - Starting attempt 1 of 6
[2023-11-11T03:41:55.300+0000] {taskinstance.py:1382} INFO - Executing <Task(PythonOperator): split_task> on 2023-11-08 00:00:00+00:00
[2023-11-11T03:41:55.310+0000] {standard_task_runner.py:57} INFO - Started process 231 to run task
[2023-11-11T03:41:55.329+0000] {standard_task_runner.py:84} INFO - Running: ['***', 'tasks', 'run', 'preprocessing_v1', 'split_task', 'scheduled__2023-11-08T00:00:00+00:00', '--job-id', '4', '--raw', '--subdir', 'DAGS_FOLDER/***_code.py', '--cfg-path', '/tmp/tmpeh32yh1f']
[2023-11-11T03:41:55.332+0000] {standard_task_runner.py:85} INFO - Job 4: Subtask split_task
[2023-11-11T03:41:55.403+0000] {task_command.py:416} INFO - Running <TaskInstance: preprocessing_v1.split_task scheduled__2023-11-08T00:00:00+00:00 [running]> on host 27df91229c7e
[2023-11-11T03:41:55.458+0000] {taskinstance.py:1662} INFO - Exporting env vars: AIRFLOW_CTX_DAG_OWNER='Team 3' AIRFLOW_CTX_DAG_ID='preprocessing_v1' AIRFLOW_CTX_TASK_ID='split_task' AIRFLOW_CTX_EXECUTION_DATE='2023-11-08T00:00:00+00:00' AIRFLOW_CTX_TRY_NUMBER='1' AIRFLOW_CTX_DAG_RUN_ID='scheduled__2023-11-08T00:00:00+00:00'
[2023-11-11T03:41:55.459+0000] {datapreprocessing.py:40} INFO - Splitting dataset...
[2023-11-11T03:41:57.410+0000] {datapreprocessing.py:52} INFO - Dataset split.
[2023-11-11T03:41:57.414+0000] {python.py:194} INFO - Done. Returned value was: 1
[2023-11-11T03:41:57.429+0000] {taskinstance.py:1400} INFO - Marking task as SUCCESS. dag_id=preprocessing_v1, task_id=split_task, execution_date=20231108T000000, start_date=20231111T034155, end_date=20231111T034157
[2023-11-11T03:41:57.469+0000] {local_task_job_runner.py:228} INFO - Task exited with return code 0
[2023-11-11T03:41:57.491+0000] {taskinstance.py:2778} INFO - 1 downstream tasks scheduled from follow-on schedule check
[2023-11-11T04:44:18.637+0000] {taskinstance.py:1159} INFO - Dependencies all met for dep_context=non-requeueable deps ti=<TaskInstance: preprocessing_v1.split_task scheduled__2023-11-08T00:00:00+00:00 [queued]>
[2023-11-11T04:44:18.643+0000] {taskinstance.py:1159} INFO - Dependencies all met for dep_context=requeueable deps ti=<TaskInstance: preprocessing_v1.split_task scheduled__2023-11-08T00:00:00+00:00 [queued]>
[2023-11-11T04:44:18.643+0000] {taskinstance.py:1361} INFO - Starting attempt 1 of 6
[2023-11-11T04:44:18.651+0000] {taskinstance.py:1382} INFO - Executing <Task(PythonOperator): split_task> on 2023-11-08 00:00:00+00:00
[2023-11-11T04:44:18.659+0000] {standard_task_runner.py:57} INFO - Started process 232 to run task
[2023-11-11T04:44:18.664+0000] {standard_task_runner.py:84} INFO - Running: ['***', 'tasks', 'run', 'preprocessing_v1', 'split_task', 'scheduled__2023-11-08T00:00:00+00:00', '--job-id', '6', '--raw', '--subdir', 'DAGS_FOLDER/***_code.py', '--cfg-path', '/tmp/tmphvfrvyh6']
[2023-11-11T04:44:18.668+0000] {standard_task_runner.py:85} INFO - Job 6: Subtask split_task
[2023-11-11T04:44:18.726+0000] {task_command.py:416} INFO - Running <TaskInstance: preprocessing_v1.split_task scheduled__2023-11-08T00:00:00+00:00 [running]> on host bb20688940fc
[2023-11-11T04:44:18.785+0000] {taskinstance.py:1662} INFO - Exporting env vars: AIRFLOW_CTX_DAG_OWNER='Team 3' AIRFLOW_CTX_DAG_ID='preprocessing_v1' AIRFLOW_CTX_TASK_ID='split_task' AIRFLOW_CTX_EXECUTION_DATE='2023-11-08T00:00:00+00:00' AIRFLOW_CTX_TRY_NUMBER='1' AIRFLOW_CTX_DAG_RUN_ID='scheduled__2023-11-08T00:00:00+00:00'
[2023-11-11T04:44:18.786+0000] {datapreprocessing.py:39} INFO - Splitting dataset...
[2023-11-11T04:44:20.996+0000] {datapreprocessing.py:51} INFO - Dataset split.
[2023-11-11T04:44:21.001+0000] {python.py:194} INFO - Done. Returned value was: 1
[2023-11-11T04:44:21.030+0000] {taskinstance.py:1400} INFO - Marking task as SUCCESS. dag_id=preprocessing_v1, task_id=split_task, execution_date=20231108T000000, start_date=20231111T044418, end_date=20231111T044421
[2023-11-11T04:44:21.069+0000] {local_task_job_runner.py:228} INFO - Task exited with return code 0
[2023-11-11T04:44:21.104+0000] {taskinstance.py:2778} INFO - 1 downstream tasks scheduled from follow-on schedule check
