[2023-11-11T07:18:05.537+0000] {taskinstance.py:1159} INFO - Dependencies all met for dep_context=non-requeueable deps ti=<TaskInstance: preprocessing_v1.stats_task manual__2023-11-11T07:17:51.187151+00:00 [queued]>
[2023-11-11T07:18:05.545+0000] {taskinstance.py:1159} INFO - Dependencies all met for dep_context=requeueable deps ti=<TaskInstance: preprocessing_v1.stats_task manual__2023-11-11T07:17:51.187151+00:00 [queued]>
[2023-11-11T07:18:05.545+0000] {taskinstance.py:1361} INFO - Starting attempt 1 of 6
[2023-11-11T07:18:05.554+0000] {taskinstance.py:1382} INFO - Executing <Task(PythonOperator): stats_task> on 2023-11-11 07:17:51.187151+00:00
[2023-11-11T07:18:05.568+0000] {standard_task_runner.py:57} INFO - Started process 348 to run task
[2023-11-11T07:18:05.576+0000] {standard_task_runner.py:84} INFO - Running: ['***', 'tasks', 'run', 'preprocessing_v1', 'stats_task', 'manual__2023-11-11T07:17:51.187151+00:00', '--job-id', '14', '--raw', '--subdir', 'DAGS_FOLDER/***_code.py', '--cfg-path', '/tmp/tmpiirsad5t']
[2023-11-11T07:18:05.590+0000] {standard_task_runner.py:85} INFO - Job 14: Subtask stats_task
[2023-11-11T07:18:05.669+0000] {task_command.py:416} INFO - Running <TaskInstance: preprocessing_v1.stats_task manual__2023-11-11T07:17:51.187151+00:00 [running]> on host 2c83865699e0
[2023-11-11T07:18:05.745+0000] {taskinstance.py:1662} INFO - Exporting env vars: AIRFLOW_CTX_DAG_OWNER='Team 3' AIRFLOW_CTX_DAG_ID='preprocessing_v1' AIRFLOW_CTX_TASK_ID='stats_task' AIRFLOW_CTX_EXECUTION_DATE='2023-11-11T07:17:51.187151+00:00' AIRFLOW_CTX_TRY_NUMBER='1' AIRFLOW_CTX_DAG_RUN_ID='manual__2023-11-11T07:17:51.187151+00:00'
[2023-11-11T07:18:06.324+0000] {python.py:194} INFO - Done. Returned value was:              obj_ID         alpha  ...           MJD      fiber_ID
count  8.000000e+04  80000.000000  ...  80000.000000  80000.000000
mean   1.237665e+18    177.489121  ...  55587.276700    448.855450
std    8.435737e+12     96.569388  ...   1808.495382    272.544816
min    1.237646e+18      0.005528  ...  51608.000000      1.000000
25%    1.237659e+18    127.419346  ...  54232.750000    220.000000
50%    1.237663e+18    180.689614  ...  55868.000000    432.000000
75%    1.237668e+18    233.698369  ...  56777.000000    644.000000
max    1.237681e+18    359.999615  ...  58932.000000   1000.000000

[8 rows x 17 columns]
[2023-11-11T07:18:06.631+0000] {taskinstance.py:1400} INFO - Marking task as SUCCESS. dag_id=preprocessing_v1, task_id=stats_task, execution_date=20231111T071751, start_date=20231111T071805, end_date=20231111T071806
[2023-11-11T07:18:06.703+0000] {local_task_job_runner.py:228} INFO - Task exited with return code 0
[2023-11-11T07:18:06.785+0000] {taskinstance.py:2778} INFO - 1 downstream tasks scheduled from follow-on schedule check
