[2023-11-11T03:25:26.680+0000] {taskinstance.py:1159} INFO - Dependencies all met for dep_context=non-requeueable deps ti=<TaskInstance: preprocessing_v1.scaling_task scheduled__2023-11-10T00:00:00+00:00 [queued]>
[2023-11-11T03:25:26.693+0000] {taskinstance.py:1159} INFO - Dependencies all met for dep_context=requeueable deps ti=<TaskInstance: preprocessing_v1.scaling_task scheduled__2023-11-10T00:00:00+00:00 [queued]>
[2023-11-11T03:25:26.697+0000] {taskinstance.py:1361} INFO - Starting attempt 1 of 6
[2023-11-11T03:25:26.709+0000] {taskinstance.py:1382} INFO - Executing <Task(PythonOperator): scaling_task> on 2023-11-10 00:00:00+00:00
[2023-11-11T03:25:26.720+0000] {standard_task_runner.py:57} INFO - Started process 396 to run task
[2023-11-11T03:25:26.724+0000] {standard_task_runner.py:84} INFO - Running: ['***', 'tasks', 'run', 'preprocessing_v1', 'scaling_task', 'scheduled__2023-11-10T00:00:00+00:00', '--job-id', '18', '--raw', '--subdir', 'DAGS_FOLDER/***_code.py', '--cfg-path', '/tmp/tmpp2ukpddu']
[2023-11-11T03:25:26.728+0000] {standard_task_runner.py:85} INFO - Job 18: Subtask scaling_task
[2023-11-11T03:25:26.773+0000] {task_command.py:416} INFO - Running <TaskInstance: preprocessing_v1.scaling_task scheduled__2023-11-10T00:00:00+00:00 [running]> on host d2c761eebca3
[2023-11-11T03:25:26.826+0000] {taskinstance.py:1662} INFO - Exporting env vars: AIRFLOW_CTX_DAG_OWNER='Team 3' AIRFLOW_CTX_DAG_ID='preprocessing_v1' AIRFLOW_CTX_TASK_ID='scaling_task' AIRFLOW_CTX_EXECUTION_DATE='2023-11-10T00:00:00+00:00' AIRFLOW_CTX_TRY_NUMBER='1' AIRFLOW_CTX_DAG_RUN_ID='scheduled__2023-11-10T00:00:00+00:00'
[2023-11-11T03:25:29.462+0000] {python.py:194} INFO - Done. Returned value was: 1
[2023-11-11T03:25:29.478+0000] {taskinstance.py:1400} INFO - Marking task as SUCCESS. dag_id=preprocessing_v1, task_id=scaling_task, execution_date=20231110T000000, start_date=20231111T032526, end_date=20231111T032529
[2023-11-11T03:25:29.501+0000] {local_task_job_runner.py:228} INFO - Task exited with return code 0
[2023-11-11T03:25:29.513+0000] {taskinstance.py:2778} INFO - 1 downstream tasks scheduled from follow-on schedule check
[2023-11-11T03:29:42.827+0000] {taskinstance.py:1159} INFO - Dependencies all met for dep_context=non-requeueable deps ti=<TaskInstance: preprocessing_v1.scaling_task scheduled__2023-11-10T00:00:00+00:00 [queued]>
[2023-11-11T03:29:42.834+0000] {taskinstance.py:1159} INFO - Dependencies all met for dep_context=requeueable deps ti=<TaskInstance: preprocessing_v1.scaling_task scheduled__2023-11-10T00:00:00+00:00 [queued]>
[2023-11-11T03:29:42.834+0000] {taskinstance.py:1361} INFO - Starting attempt 1 of 6
[2023-11-11T03:29:42.843+0000] {taskinstance.py:1382} INFO - Executing <Task(PythonOperator): scaling_task> on 2023-11-10 00:00:00+00:00
[2023-11-11T03:29:42.849+0000] {standard_task_runner.py:57} INFO - Started process 398 to run task
[2023-11-11T03:29:42.852+0000] {standard_task_runner.py:84} INFO - Running: ['***', 'tasks', 'run', 'preprocessing_v1', 'scaling_task', 'scheduled__2023-11-10T00:00:00+00:00', '--job-id', '18', '--raw', '--subdir', 'DAGS_FOLDER/***_code.py', '--cfg-path', '/tmp/tmpt301snzj']
[2023-11-11T03:29:42.854+0000] {standard_task_runner.py:85} INFO - Job 18: Subtask scaling_task
[2023-11-11T03:29:42.887+0000] {task_command.py:416} INFO - Running <TaskInstance: preprocessing_v1.scaling_task scheduled__2023-11-10T00:00:00+00:00 [running]> on host 9c8a8ec1a519
[2023-11-11T03:29:42.936+0000] {taskinstance.py:1662} INFO - Exporting env vars: AIRFLOW_CTX_DAG_OWNER='Team 3' AIRFLOW_CTX_DAG_ID='preprocessing_v1' AIRFLOW_CTX_TASK_ID='scaling_task' AIRFLOW_CTX_EXECUTION_DATE='2023-11-10T00:00:00+00:00' AIRFLOW_CTX_TRY_NUMBER='1' AIRFLOW_CTX_DAG_RUN_ID='scheduled__2023-11-10T00:00:00+00:00'
[2023-11-11T03:29:42.945+0000] {taskinstance.py:1937} ERROR - Task failed with exception
Traceback (most recent call last):
  File "/home/airflow/.local/lib/python3.8/site-packages/airflow/operators/python.py", line 192, in execute
    return_value = self.execute_callable()
  File "/home/airflow/.local/lib/python3.8/site-packages/airflow/operators/python.py", line 209, in execute_callable
    return self.python_callable(*self.op_args, **self.op_kwargs)
  File "/opt/airflow/dags/src/datapreprocessing.py", line 47, in scaling
    dataset = pd.read_csv(os.path.join(os.path.dirname(__file__), "../data/X_train.csv"))
  File "/home/airflow/.local/lib/python3.8/site-packages/pandas/io/parsers/readers.py", line 912, in read_csv
    return _read(filepath_or_buffer, kwds)
  File "/home/airflow/.local/lib/python3.8/site-packages/pandas/io/parsers/readers.py", line 583, in _read
    return parser.read(nrows)
  File "/home/airflow/.local/lib/python3.8/site-packages/pandas/io/parsers/readers.py", line 1704, in read
    ) = self._engine.read(  # type: ignore[attr-defined]
  File "/home/airflow/.local/lib/python3.8/site-packages/pandas/io/parsers/c_parser_wrapper.py", line 234, in read
    chunks = self._reader.read_low_memory(nrows)
  File "pandas/_libs/parsers.pyx", line 814, in pandas._libs.parsers.TextReader.read_low_memory
  File "pandas/_libs/parsers.pyx", line 875, in pandas._libs.parsers.TextReader._read_rows
  File "pandas/_libs/parsers.pyx", line 850, in pandas._libs.parsers.TextReader._tokenize_rows
  File "pandas/_libs/parsers.pyx", line 861, in pandas._libs.parsers.TextReader._check_tokenize_status
  File "pandas/_libs/parsers.pyx", line 2029, in pandas._libs.parsers.raise_parser_error
pandas.errors.ParserError: Error tokenizing data. C error: Expected 18 fields in line 5099, saw 22

[2023-11-11T03:29:42.953+0000] {taskinstance.py:1400} INFO - Marking task as UP_FOR_RETRY. dag_id=preprocessing_v1, task_id=scaling_task, execution_date=20231110T000000, start_date=20231111T032942, end_date=20231111T032942
[2023-11-11T03:29:42.959+0000] {standard_task_runner.py:104} ERROR - Failed to execute job 18 for task scaling_task (Error tokenizing data. C error: Expected 18 fields in line 5099, saw 22
; 398)
[2023-11-11T03:29:42.984+0000] {local_task_job_runner.py:228} INFO - Task exited with return code 1
[2023-11-11T03:29:42.999+0000] {taskinstance.py:2778} INFO - 0 downstream tasks scheduled from follow-on schedule check
[2023-11-11T03:42:04.083+0000] {taskinstance.py:1159} INFO - Dependencies all met for dep_context=non-requeueable deps ti=<TaskInstance: preprocessing_v1.scaling_task scheduled__2023-11-10T00:00:00+00:00 [queued]>
[2023-11-11T03:42:04.088+0000] {taskinstance.py:1159} INFO - Dependencies all met for dep_context=requeueable deps ti=<TaskInstance: preprocessing_v1.scaling_task scheduled__2023-11-10T00:00:00+00:00 [queued]>
[2023-11-11T03:42:04.088+0000] {taskinstance.py:1361} INFO - Starting attempt 1 of 6
[2023-11-11T03:42:04.095+0000] {taskinstance.py:1382} INFO - Executing <Task(PythonOperator): scaling_task> on 2023-11-10 00:00:00+00:00
[2023-11-11T03:42:04.101+0000] {standard_task_runner.py:57} INFO - Started process 346 to run task
[2023-11-11T03:42:04.104+0000] {standard_task_runner.py:84} INFO - Running: ['***', 'tasks', 'run', 'preprocessing_v1', 'scaling_task', 'scheduled__2023-11-10T00:00:00+00:00', '--job-id', '15', '--raw', '--subdir', 'DAGS_FOLDER/***_code.py', '--cfg-path', '/tmp/tmpp3_dj1k2']
[2023-11-11T03:42:04.106+0000] {standard_task_runner.py:85} INFO - Job 15: Subtask scaling_task
[2023-11-11T03:42:04.137+0000] {task_command.py:416} INFO - Running <TaskInstance: preprocessing_v1.scaling_task scheduled__2023-11-10T00:00:00+00:00 [running]> on host 27df91229c7e
[2023-11-11T03:42:04.178+0000] {taskinstance.py:1662} INFO - Exporting env vars: AIRFLOW_CTX_DAG_OWNER='Team 3' AIRFLOW_CTX_DAG_ID='preprocessing_v1' AIRFLOW_CTX_TASK_ID='scaling_task' AIRFLOW_CTX_EXECUTION_DATE='2023-11-10T00:00:00+00:00' AIRFLOW_CTX_TRY_NUMBER='1' AIRFLOW_CTX_DAG_RUN_ID='scheduled__2023-11-10T00:00:00+00:00'
[2023-11-11T03:42:04.179+0000] {datapreprocessing.py:71} INFO - Scaling dataset...
[2023-11-11T03:42:06.059+0000] {datapreprocessing.py:83} INFO - Dataset scaled.
[2023-11-11T03:42:06.061+0000] {python.py:194} INFO - Done. Returned value was: 1
[2023-11-11T03:42:06.083+0000] {taskinstance.py:1400} INFO - Marking task as SUCCESS. dag_id=preprocessing_v1, task_id=scaling_task, execution_date=20231110T000000, start_date=20231111T034204, end_date=20231111T034206
[2023-11-11T03:42:06.110+0000] {local_task_job_runner.py:228} INFO - Task exited with return code 0
[2023-11-11T03:42:06.127+0000] {taskinstance.py:2778} INFO - 1 downstream tasks scheduled from follow-on schedule check
[2023-11-11T04:44:27.557+0000] {taskinstance.py:1159} INFO - Dependencies all met for dep_context=non-requeueable deps ti=<TaskInstance: preprocessing_v1.scaling_task scheduled__2023-11-10T00:00:00+00:00 [queued]>
[2023-11-11T04:44:27.567+0000] {taskinstance.py:1159} INFO - Dependencies all met for dep_context=requeueable deps ti=<TaskInstance: preprocessing_v1.scaling_task scheduled__2023-11-10T00:00:00+00:00 [queued]>
[2023-11-11T04:44:27.567+0000] {taskinstance.py:1361} INFO - Starting attempt 1 of 6
[2023-11-11T04:44:27.575+0000] {taskinstance.py:1382} INFO - Executing <Task(PythonOperator): scaling_task> on 2023-11-10 00:00:00+00:00
[2023-11-11T04:44:27.584+0000] {standard_task_runner.py:57} INFO - Started process 382 to run task
[2023-11-11T04:44:27.589+0000] {standard_task_runner.py:84} INFO - Running: ['***', 'tasks', 'run', 'preprocessing_v1', 'scaling_task', 'scheduled__2023-11-10T00:00:00+00:00', '--job-id', '15', '--raw', '--subdir', 'DAGS_FOLDER/***_code.py', '--cfg-path', '/tmp/tmpyynbsgs8']
[2023-11-11T04:44:27.592+0000] {standard_task_runner.py:85} INFO - Job 15: Subtask scaling_task
[2023-11-11T04:44:27.665+0000] {task_command.py:416} INFO - Running <TaskInstance: preprocessing_v1.scaling_task scheduled__2023-11-10T00:00:00+00:00 [running]> on host bb20688940fc
[2023-11-11T04:44:27.762+0000] {taskinstance.py:1662} INFO - Exporting env vars: AIRFLOW_CTX_DAG_OWNER='Team 3' AIRFLOW_CTX_DAG_ID='preprocessing_v1' AIRFLOW_CTX_TASK_ID='scaling_task' AIRFLOW_CTX_EXECUTION_DATE='2023-11-10T00:00:00+00:00' AIRFLOW_CTX_TRY_NUMBER='1' AIRFLOW_CTX_DAG_RUN_ID='scheduled__2023-11-10T00:00:00+00:00'
[2023-11-11T04:44:27.763+0000] {datapreprocessing.py:70} INFO - Scaling dataset...
[2023-11-11T04:44:31.174+0000] {datapreprocessing.py:82} INFO - Dataset scaled.
[2023-11-11T04:44:31.180+0000] {python.py:194} INFO - Done. Returned value was: 1
[2023-11-11T04:44:31.227+0000] {taskinstance.py:1400} INFO - Marking task as SUCCESS. dag_id=preprocessing_v1, task_id=scaling_task, execution_date=20231110T000000, start_date=20231111T044427, end_date=20231111T044431
[2023-11-11T04:44:31.260+0000] {local_task_job_runner.py:228} INFO - Task exited with return code 0
[2023-11-11T04:44:31.320+0000] {taskinstance.py:2778} INFO - 1 downstream tasks scheduled from follow-on schedule check
[2023-11-11T07:08:45.491+0000] {taskinstance.py:1159} INFO - Dependencies all met for dep_context=non-requeueable deps ti=<TaskInstance: preprocessing_v1.scaling_task scheduled__2023-11-10T00:00:00+00:00 [queued]>
[2023-11-11T07:08:45.505+0000] {taskinstance.py:1159} INFO - Dependencies all met for dep_context=requeueable deps ti=<TaskInstance: preprocessing_v1.scaling_task scheduled__2023-11-10T00:00:00+00:00 [queued]>
[2023-11-11T07:08:45.506+0000] {taskinstance.py:1361} INFO - Starting attempt 1 of 6
[2023-11-11T07:08:45.527+0000] {taskinstance.py:1382} INFO - Executing <Task(PythonOperator): scaling_task> on 2023-11-10 00:00:00+00:00
[2023-11-11T07:08:45.538+0000] {standard_task_runner.py:57} INFO - Started process 400 to run task
[2023-11-11T07:08:45.560+0000] {standard_task_runner.py:84} INFO - Running: ['***', 'tasks', 'run', 'preprocessing_v1', 'scaling_task', 'scheduled__2023-11-10T00:00:00+00:00', '--job-id', '18', '--raw', '--subdir', 'DAGS_FOLDER/***_code.py', '--cfg-path', '/tmp/tmpbrxuuswv']
[2023-11-11T07:08:45.572+0000] {standard_task_runner.py:85} INFO - Job 18: Subtask scaling_task
[2023-11-11T07:08:45.650+0000] {task_command.py:416} INFO - Running <TaskInstance: preprocessing_v1.scaling_task scheduled__2023-11-10T00:00:00+00:00 [running]> on host bce5ad10b059
[2023-11-11T07:08:45.723+0000] {taskinstance.py:1662} INFO - Exporting env vars: AIRFLOW_CTX_DAG_OWNER='Team 3' AIRFLOW_CTX_DAG_ID='preprocessing_v1' AIRFLOW_CTX_TASK_ID='scaling_task' AIRFLOW_CTX_EXECUTION_DATE='2023-11-10T00:00:00+00:00' AIRFLOW_CTX_TRY_NUMBER='1' AIRFLOW_CTX_DAG_RUN_ID='scheduled__2023-11-10T00:00:00+00:00'
[2023-11-11T07:08:52.259+0000] {python.py:194} INFO - Done. Returned value was: 1
[2023-11-11T07:08:52.376+0000] {taskinstance.py:1400} INFO - Marking task as SUCCESS. dag_id=preprocessing_v1, task_id=scaling_task, execution_date=20231110T000000, start_date=20231111T070845, end_date=20231111T070852
[2023-11-11T07:08:52.454+0000] {local_task_job_runner.py:228} INFO - Task exited with return code 0
[2023-11-11T07:08:52.538+0000] {taskinstance.py:2778} INFO - 1 downstream tasks scheduled from follow-on schedule check
[2023-11-11T07:18:09.461+0000] {taskinstance.py:1159} INFO - Dependencies all met for dep_context=non-requeueable deps ti=<TaskInstance: preprocessing_v1.scaling_task scheduled__2023-11-10T00:00:00+00:00 [queued]>
[2023-11-11T07:18:09.476+0000] {taskinstance.py:1159} INFO - Dependencies all met for dep_context=requeueable deps ti=<TaskInstance: preprocessing_v1.scaling_task scheduled__2023-11-10T00:00:00+00:00 [queued]>
[2023-11-11T07:18:09.477+0000] {taskinstance.py:1361} INFO - Starting attempt 1 of 6
[2023-11-11T07:18:09.496+0000] {taskinstance.py:1382} INFO - Executing <Task(PythonOperator): scaling_task> on 2023-11-10 00:00:00+00:00
[2023-11-11T07:18:09.528+0000] {standard_task_runner.py:57} INFO - Started process 397 to run task
[2023-11-11T07:18:09.551+0000] {standard_task_runner.py:84} INFO - Running: ['***', 'tasks', 'run', 'preprocessing_v1', 'scaling_task', 'scheduled__2023-11-10T00:00:00+00:00', '--job-id', '15', '--raw', '--subdir', 'DAGS_FOLDER/***_code.py', '--cfg-path', '/tmp/tmp3dyfksjo']
[2023-11-11T07:18:09.556+0000] {standard_task_runner.py:85} INFO - Job 15: Subtask scaling_task
[2023-11-11T07:18:09.634+0000] {task_command.py:416} INFO - Running <TaskInstance: preprocessing_v1.scaling_task scheduled__2023-11-10T00:00:00+00:00 [running]> on host 2c83865699e0
[2023-11-11T07:18:09.726+0000] {taskinstance.py:1662} INFO - Exporting env vars: AIRFLOW_CTX_DAG_OWNER='Team 3' AIRFLOW_CTX_DAG_ID='preprocessing_v1' AIRFLOW_CTX_TASK_ID='scaling_task' AIRFLOW_CTX_EXECUTION_DATE='2023-11-10T00:00:00+00:00' AIRFLOW_CTX_TRY_NUMBER='1' AIRFLOW_CTX_DAG_RUN_ID='scheduled__2023-11-10T00:00:00+00:00'
[2023-11-11T07:18:24.783+0000] {python.py:194} INFO - Done. Returned value was: 1
[2023-11-11T07:18:24.886+0000] {taskinstance.py:1400} INFO - Marking task as SUCCESS. dag_id=preprocessing_v1, task_id=scaling_task, execution_date=20231110T000000, start_date=20231111T071809, end_date=20231111T071824
[2023-11-11T07:18:24.974+0000] {local_task_job_runner.py:228} INFO - Task exited with return code 0
[2023-11-11T07:18:25.042+0000] {taskinstance.py:2778} INFO - 1 downstream tasks scheduled from follow-on schedule check
