[2023-11-11T07:08:42.120+0000] {taskinstance.py:1159} INFO - Dependencies all met for dep_context=non-requeueable deps ti=<TaskInstance: preprocessing_v1.stats_task manual__2023-11-11T07:08:22.796688+00:00 [queued]>
[2023-11-11T07:08:42.134+0000] {taskinstance.py:1159} INFO - Dependencies all met for dep_context=requeueable deps ti=<TaskInstance: preprocessing_v1.stats_task manual__2023-11-11T07:08:22.796688+00:00 [queued]>
[2023-11-11T07:08:42.135+0000] {taskinstance.py:1361} INFO - Starting attempt 1 of 6
[2023-11-11T07:08:42.149+0000] {taskinstance.py:1382} INFO - Executing <Task(PythonOperator): stats_task> on 2023-11-11 07:08:22.796688+00:00
[2023-11-11T07:08:42.162+0000] {standard_task_runner.py:57} INFO - Started process 352 to run task
[2023-11-11T07:08:42.170+0000] {standard_task_runner.py:84} INFO - Running: ['***', 'tasks', 'run', 'preprocessing_v1', 'stats_task', 'manual__2023-11-11T07:08:22.796688+00:00', '--job-id', '12', '--raw', '--subdir', 'DAGS_FOLDER/***_code.py', '--cfg-path', '/tmp/tmpcjyed8ft']
[2023-11-11T07:08:42.174+0000] {standard_task_runner.py:85} INFO - Job 12: Subtask stats_task
[2023-11-11T07:08:42.253+0000] {task_command.py:416} INFO - Running <TaskInstance: preprocessing_v1.stats_task manual__2023-11-11T07:08:22.796688+00:00 [running]> on host bce5ad10b059
[2023-11-11T07:08:42.350+0000] {taskinstance.py:1662} INFO - Exporting env vars: AIRFLOW_CTX_DAG_OWNER='Team 3' AIRFLOW_CTX_DAG_ID='preprocessing_v1' AIRFLOW_CTX_TASK_ID='stats_task' AIRFLOW_CTX_EXECUTION_DATE='2023-11-11T07:08:22.796688+00:00' AIRFLOW_CTX_TRY_NUMBER='1' AIRFLOW_CTX_DAG_RUN_ID='manual__2023-11-11T07:08:22.796688+00:00'
[2023-11-11T07:08:42.799+0000] {python.py:194} INFO - Done. Returned value was:              obj_ID          alpha  ...            MJD       fiber_ID
count  1.000000e+05  100000.000000  ...  100000.000000  100000.000000
mean   1.237665e+18     177.629117  ...   55588.647500     449.312740
std    8.438560e+12      96.502241  ...    1808.484233     272.498404
min    1.237646e+18       0.005528  ...   51608.000000       1.000000
25%    1.237659e+18     127.518222  ...   54234.000000     221.000000
50%    1.237663e+18     180.900700  ...   55868.500000     433.000000
75%    1.237668e+18     233.895005  ...   56777.000000     645.000000
max    1.237681e+18     359.999810  ...   58932.000000    1000.000000

[8 rows x 17 columns]
[2023-11-11T07:08:42.977+0000] {taskinstance.py:1400} INFO - Marking task as SUCCESS. dag_id=preprocessing_v1, task_id=stats_task, execution_date=20231111T070822, start_date=20231111T070842, end_date=20231111T070842
[2023-11-11T07:08:43.041+0000] {local_task_job_runner.py:228} INFO - Task exited with return code 0
[2023-11-11T07:08:43.098+0000] {taskinstance.py:2778} INFO - 1 downstream tasks scheduled from follow-on schedule check
