[2023-11-11T02:50:54.107+0000] {manager.py:487} INFO - Processing files using up to 2 processes at a time 
[2023-11-11T02:50:54.107+0000] {manager.py:488} INFO - Process each file at most once every 30 seconds
[2023-11-11T02:50:54.108+0000] {manager.py:489} INFO - Checking for new files in /opt/airflow/dags every 300 seconds
[2023-11-11T02:50:54.108+0000] {manager.py:755} INFO - Searching for files in /opt/airflow/dags
[2023-11-11T02:50:54.109+0000] {manager.py:758} INFO - There are 0 files in /opt/airflow/dags
[2023-11-11T02:55:55.049+0000] {manager.py:755} INFO - Searching for files in /opt/airflow/dags
[2023-11-11T02:55:55.058+0000] {manager.py:758} INFO - There are 1 files in /opt/airflow/dags
[2023-11-11T02:55:57.127+0000] {manager.py:887} INFO - 
================================================================================
DAG File Processing Stats

File Path                          PID    Runtime      # DAGs    # Errors  Last Runtime    Last Run
---------------------------------  -----  ---------  --------  ----------  --------------  -------------------
/opt/airflow/dags/airflow_code.py                           1           0  1.40s           2023-11-11T02:55:56
================================================================================
[2023-11-11T02:56:27.439+0000] {manager.py:887} INFO - 
================================================================================
DAG File Processing Stats

File Path                            PID  Runtime      # DAGs    # Errors  Last Runtime    Last Run
---------------------------------  -----  ---------  --------  ----------  --------------  -------------------
/opt/airflow/dags/airflow_code.py    262  0.67s             1           0  1.40s           2023-11-11T02:55:56
================================================================================
[2023-11-11T02:56:57.779+0000] {manager.py:887} INFO - 
================================================================================
DAG File Processing Stats

File Path                            PID  Runtime      # DAGs    # Errors  Last Runtime    Last Run
---------------------------------  -----  ---------  --------  ----------  --------------  -------------------
/opt/airflow/dags/airflow_code.py    284  0.02s             1           0  0.72s           2023-11-11T02:56:27
================================================================================
[2023-11-11T02:57:27.903+0000] {manager.py:887} INFO - 
================================================================================
DAG File Processing Stats

File Path                          PID    Runtime      # DAGs    # Errors  Last Runtime    Last Run
---------------------------------  -----  ---------  --------  ----------  --------------  -------------------
/opt/airflow/dags/airflow_code.py                           1           0  0.78s           2023-11-11T02:56:58
================================================================================
[2023-11-11T02:57:57.997+0000] {manager.py:887} INFO - 
================================================================================
DAG File Processing Stats

File Path                          PID    Runtime      # DAGs    # Errors  Last Runtime    Last Run
---------------------------------  -----  ---------  --------  ----------  --------------  -------------------
/opt/airflow/dags/airflow_code.py                           1           0  0.73s           2023-11-11T02:57:29
================================================================================
[2023-11-11T02:58:28.069+0000] {manager.py:887} INFO - 
================================================================================
DAG File Processing Stats

File Path                          PID    Runtime      # DAGs    # Errors  Last Runtime    Last Run
---------------------------------  -----  ---------  --------  ----------  --------------  -------------------
/opt/airflow/dags/airflow_code.py                           1           0  0.78s           2023-11-11T02:58:00
================================================================================
[2023-11-11T02:58:58.166+0000] {manager.py:887} INFO - 
================================================================================
DAG File Processing Stats

File Path                          PID    Runtime      # DAGs    # Errors  Last Runtime    Last Run
---------------------------------  -----  ---------  --------  ----------  --------------  -------------------
/opt/airflow/dags/airflow_code.py                           1           0  0.73s           2023-11-11T02:58:31
================================================================================
[2023-11-11T02:59:28.223+0000] {manager.py:887} INFO - 
================================================================================
DAG File Processing Stats

File Path                          PID    Runtime      # DAGs    # Errors  Last Runtime    Last Run
---------------------------------  -----  ---------  --------  ----------  --------------  -------------------
/opt/airflow/dags/airflow_code.py                           1           0  0.77s           2023-11-11T02:59:02
================================================================================
[2023-11-11T02:59:58.608+0000] {manager.py:887} INFO - 
================================================================================
DAG File Processing Stats

File Path                          PID    Runtime      # DAGs    # Errors  Last Runtime    Last Run
---------------------------------  -----  ---------  --------  ----------  --------------  -------------------
/opt/airflow/dags/airflow_code.py                           1           0  0.65s           2023-11-11T02:59:33
================================================================================
[2023-11-11T03:00:28.760+0000] {manager.py:887} INFO - 
================================================================================
DAG File Processing Stats

File Path                          PID    Runtime      # DAGs    # Errors  Last Runtime    Last Run
---------------------------------  -----  ---------  --------  ----------  --------------  -------------------
/opt/airflow/dags/airflow_code.py                           1           0  0.80s           2023-11-11T03:00:04
================================================================================
[2023-11-11T03:00:55.559+0000] {manager.py:755} INFO - Searching for files in /opt/airflow/dags
[2023-11-11T03:00:55.584+0000] {manager.py:758} INFO - There are 1 files in /opt/airflow/dags
[2023-11-11T03:00:58.948+0000] {manager.py:887} INFO - 
================================================================================
DAG File Processing Stats

File Path                          PID    Runtime      # DAGs    # Errors  Last Runtime    Last Run
---------------------------------  -----  ---------  --------  ----------  --------------  -------------------
/opt/airflow/dags/airflow_code.py                           1           0  0.89s           2023-11-11T03:00:35
================================================================================
[2023-11-11T03:01:28.994+0000] {manager.py:887} INFO - 
================================================================================
DAG File Processing Stats

File Path                          PID    Runtime      # DAGs    # Errors  Last Runtime    Last Run
---------------------------------  -----  ---------  --------  ----------  --------------  -------------------
/opt/airflow/dags/airflow_code.py                           1           0  0.75s           2023-11-11T03:01:06
================================================================================
[2023-11-11T03:01:59.045+0000] {manager.py:887} INFO - 
================================================================================
DAG File Processing Stats

File Path                          PID    Runtime      # DAGs    # Errors  Last Runtime    Last Run
---------------------------------  -----  ---------  --------  ----------  --------------  -------------------
/opt/airflow/dags/airflow_code.py                           1           0  0.73s           2023-11-11T03:01:37
================================================================================
[2023-11-11T03:02:29.065+0000] {manager.py:887} INFO - 
================================================================================
DAG File Processing Stats

File Path                          PID    Runtime      # DAGs    # Errors  Last Runtime    Last Run
---------------------------------  -----  ---------  --------  ----------  --------------  -------------------
/opt/airflow/dags/airflow_code.py                           1           0  0.70s           2023-11-11T03:02:08
================================================================================
[2023-11-11T03:02:52.731+0000] {manager.py:469} INFO - Exiting gracefully upon receiving signal 15
[2023-11-11T03:03:46.870+0000] {manager.py:487} INFO - Processing files using up to 2 processes at a time 
[2023-11-11T03:03:46.873+0000] {manager.py:488} INFO - Process each file at most once every 30 seconds
[2023-11-11T03:03:46.873+0000] {manager.py:489} INFO - Checking for new files in /opt/airflow/dags every 300 seconds
[2023-11-11T03:03:46.874+0000] {manager.py:755} INFO - Searching for files in /opt/airflow/dags
[2023-11-11T03:03:46.879+0000] {manager.py:758} INFO - There are 1 files in /opt/airflow/dags
[2023-11-11T03:03:46.930+0000] {manager.py:887} INFO - 
================================================================================
DAG File Processing Stats

File Path                            PID  Runtime      # DAGs    # Errors  Last Runtime    Last Run
---------------------------------  -----  ---------  --------  ----------  --------------  ----------
/opt/airflow/dags/airflow_code.py    170  0.03s             0           0
================================================================================
[2023-11-11T03:04:17.101+0000] {manager.py:887} INFO - 
================================================================================
DAG File Processing Stats

File Path                          PID    Runtime      # DAGs    # Errors  Last Runtime    Last Run
---------------------------------  -----  ---------  --------  ----------  --------------  -------------------
/opt/airflow/dags/airflow_code.py                           0           1  0.75s           2023-11-11T03:03:47
================================================================================
[2023-11-11T03:04:47.327+0000] {manager.py:887} INFO - 
================================================================================
DAG File Processing Stats

File Path                          PID    Runtime      # DAGs    # Errors  Last Runtime    Last Run
---------------------------------  -----  ---------  --------  ----------  --------------  -------------------
/opt/airflow/dags/airflow_code.py                           0           1  0.43s           2023-11-11T03:04:18
================================================================================
[2023-11-11T03:05:17.735+0000] {manager.py:887} INFO - 
================================================================================
DAG File Processing Stats

File Path                          PID    Runtime      # DAGs    # Errors  Last Runtime    Last Run
---------------------------------  -----  ---------  --------  ----------  --------------  -------------------
/opt/airflow/dags/airflow_code.py                           0           1  0.44s           2023-11-11T03:04:48
================================================================================
[2023-11-11T03:05:47.804+0000] {manager.py:887} INFO - 
================================================================================
DAG File Processing Stats

File Path                          PID    Runtime      # DAGs    # Errors  Last Runtime    Last Run
---------------------------------  -----  ---------  --------  ----------  --------------  -------------------
/opt/airflow/dags/airflow_code.py                           0           1  0.43s           2023-11-11T03:05:19
================================================================================
[2023-11-11T03:06:18.100+0000] {manager.py:887} INFO - 
================================================================================
DAG File Processing Stats

File Path                          PID    Runtime      # DAGs    # Errors  Last Runtime    Last Run
---------------------------------  -----  ---------  --------  ----------  --------------  -------------------
/opt/airflow/dags/airflow_code.py                           0           1  0.39s           2023-11-11T03:05:50
================================================================================
[2023-11-11T03:06:48.269+0000] {manager.py:887} INFO - 
================================================================================
DAG File Processing Stats

File Path                          PID    Runtime      # DAGs    # Errors  Last Runtime    Last Run
---------------------------------  -----  ---------  --------  ----------  --------------  -------------------
/opt/airflow/dags/airflow_code.py                           0           1  0.47s           2023-11-11T03:06:21
================================================================================
[2023-11-11T03:07:18.612+0000] {manager.py:887} INFO - 
================================================================================
DAG File Processing Stats

File Path                          PID    Runtime      # DAGs    # Errors  Last Runtime    Last Run
---------------------------------  -----  ---------  --------  ----------  --------------  -------------------
/opt/airflow/dags/airflow_code.py                           0           1  0.45s           2023-11-11T03:06:51
================================================================================
[2023-11-11T03:07:48.840+0000] {manager.py:887} INFO - 
================================================================================
DAG File Processing Stats

File Path                          PID    Runtime      # DAGs    # Errors  Last Runtime    Last Run
---------------------------------  -----  ---------  --------  ----------  --------------  -------------------
/opt/airflow/dags/airflow_code.py                           0           1  0.41s           2023-11-11T03:07:22
================================================================================
[2023-11-11T03:08:19.175+0000] {manager.py:887} INFO - 
================================================================================
DAG File Processing Stats

File Path                          PID    Runtime      # DAGs    # Errors  Last Runtime    Last Run
---------------------------------  -----  ---------  --------  ----------  --------------  -------------------
/opt/airflow/dags/airflow_code.py                           0           1  0.40s           2023-11-11T03:07:53
================================================================================
[2023-11-11T03:08:46.893+0000] {manager.py:755} INFO - Searching for files in /opt/airflow/dags
[2023-11-11T03:08:46.910+0000] {manager.py:758} INFO - There are 1 files in /opt/airflow/dags
[2023-11-11T03:08:49.286+0000] {manager.py:887} INFO - 
================================================================================
DAG File Processing Stats

File Path                          PID    Runtime      # DAGs    # Errors  Last Runtime    Last Run
---------------------------------  -----  ---------  --------  ----------  --------------  -------------------
/opt/airflow/dags/airflow_code.py                           0           1  0.41s           2023-11-11T03:08:23
================================================================================
[2023-11-11T03:09:19.625+0000] {manager.py:887} INFO - 
================================================================================
DAG File Processing Stats

File Path                          PID    Runtime      # DAGs    # Errors  Last Runtime    Last Run
---------------------------------  -----  ---------  --------  ----------  --------------  -------------------
/opt/airflow/dags/airflow_code.py                           0           1  0.41s           2023-11-11T03:08:54
================================================================================
[2023-11-11T03:09:49.948+0000] {manager.py:887} INFO - 
================================================================================
DAG File Processing Stats

File Path                          PID    Runtime      # DAGs    # Errors  Last Runtime    Last Run
---------------------------------  -----  ---------  --------  ----------  --------------  -------------------
/opt/airflow/dags/airflow_code.py                           0           1  0.37s           2023-11-11T03:09:25
================================================================================
[2023-11-11T03:10:20.056+0000] {manager.py:887} INFO - 
================================================================================
DAG File Processing Stats

File Path                          PID    Runtime      # DAGs    # Errors  Last Runtime    Last Run
---------------------------------  -----  ---------  --------  ----------  --------------  -------------------
/opt/airflow/dags/airflow_code.py                           0           1  0.42s           2023-11-11T03:09:55
================================================================================
[2023-11-11T03:10:50.356+0000] {manager.py:887} INFO - 
================================================================================
DAG File Processing Stats

File Path                          PID    Runtime      # DAGs    # Errors  Last Runtime    Last Run
---------------------------------  -----  ---------  --------  ----------  --------------  -------------------
/opt/airflow/dags/airflow_code.py                           0           1  0.45s           2023-11-11T03:10:26
================================================================================
[2023-11-11T03:11:03.399+0000] {manager.py:469} INFO - Exiting gracefully upon receiving signal 15
[2023-11-11T03:20:47.752+0000] {manager.py:487} INFO - Processing files using up to 2 processes at a time 
[2023-11-11T03:20:47.757+0000] {manager.py:488} INFO - Process each file at most once every 30 seconds
[2023-11-11T03:20:47.757+0000] {manager.py:489} INFO - Checking for new files in /opt/airflow/dags every 300 seconds
[2023-11-11T03:20:47.757+0000] {manager.py:755} INFO - Searching for files in /opt/airflow/dags
[2023-11-11T03:20:47.762+0000] {manager.py:758} INFO - There are 1 files in /opt/airflow/dags
[2023-11-11T03:20:47.822+0000] {manager.py:887} INFO - 
================================================================================
DAG File Processing Stats

File Path                            PID  Runtime      # DAGs    # Errors  Last Runtime    Last Run
---------------------------------  -----  ---------  --------  ----------  --------------  ----------
/opt/airflow/dags/airflow_code.py    169  0.03s             0           0
================================================================================
[2023-11-11T03:21:18.112+0000] {manager.py:887} INFO - 
================================================================================
DAG File Processing Stats

File Path                          PID    Runtime      # DAGs    # Errors  Last Runtime    Last Run
---------------------------------  -----  ---------  --------  ----------  --------------  -------------------
/opt/airflow/dags/airflow_code.py                           1           0  1.24s           2023-11-11T03:20:49
================================================================================
[2023-11-11T03:21:48.189+0000] {manager.py:887} INFO - 
================================================================================
DAG File Processing Stats

File Path                          PID    Runtime      # DAGs    # Errors  Last Runtime    Last Run
---------------------------------  -----  ---------  --------  ----------  --------------  -------------------
/opt/airflow/dags/airflow_code.py                           1           0  0.80s           2023-11-11T03:21:19
================================================================================
[2023-11-11T03:22:18.261+0000] {manager.py:887} INFO - 
================================================================================
DAG File Processing Stats

File Path                          PID    Runtime      # DAGs    # Errors  Last Runtime    Last Run
---------------------------------  -----  ---------  --------  ----------  --------------  -------------------
/opt/airflow/dags/airflow_code.py                           1           0  0.83s           2023-11-11T03:21:51
================================================================================
[2023-11-11T03:22:49.210+0000] {manager.py:887} INFO - 
================================================================================
DAG File Processing Stats

File Path                          PID    Runtime      # DAGs    # Errors  Last Runtime    Last Run
---------------------------------  -----  ---------  --------  ----------  --------------  -------------------
/opt/airflow/dags/airflow_code.py                           1           0  0.70s           2023-11-11T03:22:21
================================================================================
[2023-11-11T03:23:19.399+0000] {manager.py:887} INFO - 
================================================================================
DAG File Processing Stats

File Path                          PID    Runtime      # DAGs    # Errors  Last Runtime    Last Run
---------------------------------  -----  ---------  --------  ----------  --------------  -------------------
/opt/airflow/dags/airflow_code.py                           1           0  1.48s           2023-11-11T03:22:53
================================================================================
[2023-11-11T03:23:50.117+0000] {manager.py:887} INFO - 
================================================================================
DAG File Processing Stats

File Path                          PID    Runtime      # DAGs    # Errors  Last Runtime    Last Run
---------------------------------  -----  ---------  --------  ----------  --------------  -------------------
/opt/airflow/dags/airflow_code.py                           1           0  1.96s           2023-11-11T03:23:25
================================================================================
[2023-11-11T03:24:20.438+0000] {manager.py:887} INFO - 
================================================================================
DAG File Processing Stats

File Path                          PID    Runtime      # DAGs    # Errors  Last Runtime    Last Run
---------------------------------  -----  ---------  --------  ----------  --------------  -------------------
/opt/airflow/dags/airflow_code.py                           1           0  0.96s           2023-11-11T03:23:57
================================================================================
[2023-11-11T03:24:28.238+0000] {manager.py:469} INFO - Exiting gracefully upon receiving signal 15
[2023-11-11T03:24:28.239+0000] {manager.py:469} INFO - Exiting gracefully upon receiving signal 15
[2023-11-11T03:24:28.429+0000] {manager.py:469} INFO - Exiting gracefully upon receiving signal 15
[2023-11-11T03:24:52.650+0000] {manager.py:487} INFO - Processing files using up to 2 processes at a time 
[2023-11-11T03:24:52.651+0000] {manager.py:488} INFO - Process each file at most once every 30 seconds
[2023-11-11T03:24:52.651+0000] {manager.py:489} INFO - Checking for new files in /opt/airflow/dags every 300 seconds
[2023-11-11T03:24:52.652+0000] {manager.py:755} INFO - Searching for files in /opt/airflow/dags
[2023-11-11T03:24:52.656+0000] {manager.py:758} INFO - There are 1 files in /opt/airflow/dags
[2023-11-11T03:24:52.698+0000] {manager.py:887} INFO - 
================================================================================
DAG File Processing Stats

File Path                            PID  Runtime      # DAGs    # Errors  Last Runtime    Last Run
---------------------------------  -----  ---------  --------  ----------  --------------  ----------
/opt/airflow/dags/airflow_code.py    169  0.02s             0           0
================================================================================
[2023-11-11T03:25:22.844+0000] {manager.py:887} INFO - 
================================================================================
DAG File Processing Stats

File Path                          PID    Runtime      # DAGs    # Errors  Last Runtime    Last Run
---------------------------------  -----  ---------  --------  ----------  --------------  -------------------
/opt/airflow/dags/airflow_code.py                           1           0  1.25s           2023-11-11T03:24:53
================================================================================
[2023-11-11T03:25:53.023+0000] {manager.py:887} INFO - 
================================================================================
DAG File Processing Stats

File Path                          PID    Runtime      # DAGs    # Errors  Last Runtime    Last Run
---------------------------------  -----  ---------  --------  ----------  --------------  -------------------
/opt/airflow/dags/airflow_code.py                           1           0  0.64s           2023-11-11T03:25:24
================================================================================
[2023-11-11T03:26:23.804+0000] {manager.py:887} INFO - 
================================================================================
DAG File Processing Stats

File Path                          PID    Runtime      # DAGs    # Errors  Last Runtime    Last Run
---------------------------------  -----  ---------  --------  ----------  --------------  -------------------
/opt/airflow/dags/airflow_code.py                           1           0  0.60s           2023-11-11T03:25:55
================================================================================
[2023-11-11T03:26:54.166+0000] {manager.py:887} INFO - 
================================================================================
DAG File Processing Stats

File Path                          PID    Runtime      # DAGs    # Errors  Last Runtime    Last Run
---------------------------------  -----  ---------  --------  ----------  --------------  -------------------
/opt/airflow/dags/airflow_code.py                           1           0  0.57s           2023-11-11T03:26:26
================================================================================
[2023-11-11T03:27:24.508+0000] {manager.py:887} INFO - 
================================================================================
DAG File Processing Stats

File Path                          PID    Runtime      # DAGs    # Errors  Last Runtime    Last Run
---------------------------------  -----  ---------  --------  ----------  --------------  -------------------
/opt/airflow/dags/airflow_code.py                           1           0  0.67s           2023-11-11T03:26:57
================================================================================
[2023-11-11T03:27:54.980+0000] {manager.py:887} INFO - 
================================================================================
DAG File Processing Stats

File Path                          PID    Runtime      # DAGs    # Errors  Last Runtime    Last Run
---------------------------------  -----  ---------  --------  ----------  --------------  -------------------
/opt/airflow/dags/airflow_code.py                           1           0  0.61s           2023-11-11T03:27:28
================================================================================
[2023-11-11T03:28:25.320+0000] {manager.py:887} INFO - 
================================================================================
DAG File Processing Stats

File Path                          PID    Runtime      # DAGs    # Errors  Last Runtime    Last Run
---------------------------------  -----  ---------  --------  ----------  --------------  -------------------
/opt/airflow/dags/airflow_code.py                           1           0  0.56s           2023-11-11T03:27:59
================================================================================
[2023-11-11T03:28:31.732+0000] {manager.py:469} INFO - Exiting gracefully upon receiving signal 15
[2023-11-11T03:29:03.609+0000] {manager.py:487} INFO - Processing files using up to 2 processes at a time 
[2023-11-11T03:29:03.611+0000] {manager.py:488} INFO - Process each file at most once every 30 seconds
[2023-11-11T03:29:03.611+0000] {manager.py:489} INFO - Checking for new files in /opt/airflow/dags every 300 seconds
[2023-11-11T03:29:03.612+0000] {manager.py:755} INFO - Searching for files in /opt/airflow/dags
[2023-11-11T03:29:03.621+0000] {manager.py:758} INFO - There are 1 files in /opt/airflow/dags
[2023-11-11T03:29:03.692+0000] {manager.py:887} INFO - 
================================================================================
DAG File Processing Stats

File Path                            PID  Runtime      # DAGs    # Errors  Last Runtime    Last Run
---------------------------------  -----  ---------  --------  ----------  --------------  ----------
/opt/airflow/dags/airflow_code.py    170  0.04s             0           0
================================================================================
[2023-11-11T03:29:33.864+0000] {manager.py:887} INFO - 
================================================================================
DAG File Processing Stats

File Path                          PID    Runtime      # DAGs    # Errors  Last Runtime    Last Run
---------------------------------  -----  ---------  --------  ----------  --------------  -------------------
/opt/airflow/dags/airflow_code.py                           1           0  1.31s           2023-11-11T03:29:04
================================================================================
[2023-11-11T03:30:04.127+0000] {manager.py:887} INFO - 
================================================================================
DAG File Processing Stats

File Path                          PID    Runtime      # DAGs    # Errors  Last Runtime    Last Run
---------------------------------  -----  ---------  --------  ----------  --------------  -------------------
/opt/airflow/dags/airflow_code.py                           1           0  0.89s           2023-11-11T03:29:36
================================================================================
[2023-11-11T03:30:34.273+0000] {manager.py:887} INFO - 
================================================================================
DAG File Processing Stats

File Path                          PID    Runtime      # DAGs    # Errors  Last Runtime    Last Run
---------------------------------  -----  ---------  --------  ----------  --------------  -------------------
/opt/airflow/dags/airflow_code.py                           1           0  0.75s           2023-11-11T03:30:06
================================================================================
[2023-11-11T03:31:04.914+0000] {manager.py:887} INFO - 
================================================================================
DAG File Processing Stats

File Path                          PID    Runtime      # DAGs    # Errors  Last Runtime    Last Run
---------------------------------  -----  ---------  --------  ----------  --------------  -------------------
/opt/airflow/dags/airflow_code.py                           1           0  0.58s           2023-11-11T03:30:37
================================================================================
[2023-11-11T03:31:35.299+0000] {manager.py:887} INFO - 
================================================================================
DAG File Processing Stats

File Path                          PID    Runtime      # DAGs    # Errors  Last Runtime    Last Run
---------------------------------  -----  ---------  --------  ----------  --------------  -------------------
/opt/airflow/dags/airflow_code.py                           1           0  0.62s           2023-11-11T03:31:08
================================================================================
[2023-11-11T03:31:35.753+0000] {manager.py:469} INFO - Exiting gracefully upon receiving signal 15
[2023-11-11T03:32:08.394+0000] {manager.py:487} INFO - Processing files using up to 2 processes at a time 
[2023-11-11T03:32:08.397+0000] {manager.py:488} INFO - Process each file at most once every 30 seconds
[2023-11-11T03:32:08.397+0000] {manager.py:489} INFO - Checking for new files in /opt/airflow/dags every 300 seconds
[2023-11-11T03:32:08.398+0000] {manager.py:755} INFO - Searching for files in /opt/airflow/dags
[2023-11-11T03:32:08.416+0000] {manager.py:758} INFO - There are 1 files in /opt/airflow/dags
[2023-11-11T03:32:08.475+0000] {manager.py:887} INFO - 
================================================================================
DAG File Processing Stats

File Path                            PID  Runtime      # DAGs    # Errors  Last Runtime    Last Run
---------------------------------  -----  ---------  --------  ----------  --------------  ----------
/opt/airflow/dags/airflow_code.py    170  0.03s             0           0
================================================================================
[2023-11-11T03:32:38.731+0000] {manager.py:887} INFO - 
================================================================================
DAG File Processing Stats

File Path                          PID    Runtime      # DAGs    # Errors  Last Runtime    Last Run
---------------------------------  -----  ---------  --------  ----------  --------------  -------------------
/opt/airflow/dags/airflow_code.py                           1           0  1.20s           2023-11-11T03:32:09
================================================================================
[2023-11-11T03:33:08.772+0000] {manager.py:887} INFO - 
================================================================================
DAG File Processing Stats

File Path                          PID    Runtime      # DAGs    # Errors  Last Runtime    Last Run
---------------------------------  -----  ---------  --------  ----------  --------------  -------------------
/opt/airflow/dags/airflow_code.py                           1           0  0.73s           2023-11-11T03:32:40
================================================================================
[2023-11-11T03:33:39.612+0000] {manager.py:887} INFO - 
================================================================================
DAG File Processing Stats

File Path                          PID    Runtime      # DAGs    # Errors  Last Runtime    Last Run
---------------------------------  -----  ---------  --------  ----------  --------------  -------------------
/opt/airflow/dags/airflow_code.py                           1           0  0.72s           2023-11-11T03:33:11
================================================================================
[2023-11-11T03:33:43.004+0000] {manager.py:469} INFO - Exiting gracefully upon receiving signal 15
[2023-11-11T03:40:13.470+0000] {manager.py:487} INFO - Processing files using up to 2 processes at a time 
[2023-11-11T03:40:13.473+0000] {manager.py:488} INFO - Process each file at most once every 30 seconds
[2023-11-11T03:40:13.473+0000] {manager.py:489} INFO - Checking for new files in /opt/airflow/dags every 300 seconds
[2023-11-11T03:40:13.473+0000] {manager.py:755} INFO - Searching for files in /opt/airflow/dags
[2023-11-11T03:40:13.481+0000] {manager.py:758} INFO - There are 1 files in /opt/airflow/dags
[2023-11-11T03:40:13.549+0000] {manager.py:887} INFO - 
================================================================================
DAG File Processing Stats

File Path                            PID  Runtime      # DAGs    # Errors  Last Runtime    Last Run
---------------------------------  -----  ---------  --------  ----------  --------------  ----------
/opt/airflow/dags/airflow_code.py    170  0.03s             0           0
================================================================================
[2023-11-11T03:40:43.775+0000] {manager.py:887} INFO - 
================================================================================
DAG File Processing Stats

File Path                          PID    Runtime      # DAGs    # Errors  Last Runtime    Last Run
---------------------------------  -----  ---------  --------  ----------  --------------  -------------------
/opt/airflow/dags/airflow_code.py                           0           1  1.27s           2023-11-11T03:40:14
================================================================================
[2023-11-11T03:41:04.336+0000] {manager.py:469} INFO - Exiting gracefully upon receiving signal 15
[2023-11-11T03:41:36.019+0000] {manager.py:487} INFO - Processing files using up to 2 processes at a time 
[2023-11-11T03:41:36.020+0000] {manager.py:488} INFO - Process each file at most once every 30 seconds
[2023-11-11T03:41:36.020+0000] {manager.py:489} INFO - Checking for new files in /opt/airflow/dags every 300 seconds
[2023-11-11T03:41:36.020+0000] {manager.py:755} INFO - Searching for files in /opt/airflow/dags
[2023-11-11T03:41:36.027+0000] {manager.py:758} INFO - There are 1 files in /opt/airflow/dags
[2023-11-11T03:41:36.084+0000] {manager.py:887} INFO - 
================================================================================
DAG File Processing Stats

File Path                            PID  Runtime      # DAGs    # Errors  Last Runtime    Last Run
---------------------------------  -----  ---------  --------  ----------  --------------  ----------
/opt/airflow/dags/airflow_code.py    169  0.03s             0           0
================================================================================
[2023-11-11T03:42:06.220+0000] {manager.py:887} INFO - 
================================================================================
DAG File Processing Stats

File Path                          PID    Runtime      # DAGs    # Errors  Last Runtime    Last Run
---------------------------------  -----  ---------  --------  ----------  --------------  -------------------
/opt/airflow/dags/airflow_code.py                           1           0  1.49s           2023-11-11T03:41:37
================================================================================
[2023-11-11T03:42:36.515+0000] {manager.py:887} INFO - 
================================================================================
DAG File Processing Stats

File Path                          PID    Runtime      # DAGs    # Errors  Last Runtime    Last Run
---------------------------------  -----  ---------  --------  ----------  --------------  -------------------
/opt/airflow/dags/airflow_code.py                           1           0  0.68s           2023-11-11T03:42:08
================================================================================
[2023-11-11T03:43:06.581+0000] {manager.py:887} INFO - 
================================================================================
DAG File Processing Stats

File Path                          PID    Runtime      # DAGs    # Errors  Last Runtime    Last Run
---------------------------------  -----  ---------  --------  ----------  --------------  -------------------
/opt/airflow/dags/airflow_code.py                           1           0  0.75s           2023-11-11T03:42:39
================================================================================
[2023-11-11T03:43:36.639+0000] {manager.py:887} INFO - 
================================================================================
DAG File Processing Stats

File Path                          PID    Runtime      # DAGs    # Errors  Last Runtime    Last Run
---------------------------------  -----  ---------  --------  ----------  --------------  -------------------
/opt/airflow/dags/airflow_code.py                           1           0  0.76s           2023-11-11T03:43:10
================================================================================
[2023-11-11T03:44:07.515+0000] {manager.py:887} INFO - 
================================================================================
DAG File Processing Stats

File Path                          PID    Runtime      # DAGs    # Errors  Last Runtime    Last Run
---------------------------------  -----  ---------  --------  ----------  --------------  -------------------
/opt/airflow/dags/airflow_code.py                           1           0  0.76s           2023-11-11T03:43:41
================================================================================
[2023-11-11T03:44:37.699+0000] {manager.py:887} INFO - 
================================================================================
DAG File Processing Stats

File Path                          PID    Runtime      # DAGs    # Errors  Last Runtime    Last Run
---------------------------------  -----  ---------  --------  ----------  --------------  -------------------
/opt/airflow/dags/airflow_code.py                           1           0  0.85s           2023-11-11T03:44:12
================================================================================
[2023-11-11T03:45:07.805+0000] {manager.py:887} INFO - 
================================================================================
DAG File Processing Stats

File Path                          PID    Runtime      # DAGs    # Errors  Last Runtime    Last Run
---------------------------------  -----  ---------  --------  ----------  --------------  -------------------
/opt/airflow/dags/airflow_code.py                           1           0  0.77s           2023-11-11T03:44:43
================================================================================
[2023-11-11T03:45:38.416+0000] {manager.py:887} INFO - 
================================================================================
DAG File Processing Stats

File Path                          PID    Runtime      # DAGs    # Errors  Last Runtime    Last Run
---------------------------------  -----  ---------  --------  ----------  --------------  -------------------
/opt/airflow/dags/airflow_code.py                           1           0  0.64s           2023-11-11T03:45:14
================================================================================
[2023-11-11T03:46:08.748+0000] {manager.py:887} INFO - 
================================================================================
DAG File Processing Stats

File Path                          PID    Runtime      # DAGs    # Errors  Last Runtime    Last Run
---------------------------------  -----  ---------  --------  ----------  --------------  -------------------
/opt/airflow/dags/airflow_code.py                           1           0  0.70s           2023-11-11T03:45:45
================================================================================
[2023-11-11T03:46:36.036+0000] {manager.py:755} INFO - Searching for files in /opt/airflow/dags
[2023-11-11T03:46:36.078+0000] {manager.py:758} INFO - There are 1 files in /opt/airflow/dags
[2023-11-11T03:46:38.971+0000] {manager.py:887} INFO - 
================================================================================
DAG File Processing Stats

File Path                          PID    Runtime      # DAGs    # Errors  Last Runtime    Last Run
---------------------------------  -----  ---------  --------  ----------  --------------  -------------------
/opt/airflow/dags/airflow_code.py                           1           0  0.89s           2023-11-11T03:46:16
================================================================================
[2023-11-11T03:47:09.379+0000] {manager.py:887} INFO - 
================================================================================
DAG File Processing Stats

File Path                          PID    Runtime      # DAGs    # Errors  Last Runtime    Last Run
---------------------------------  -----  ---------  --------  ----------  --------------  -------------------
/opt/airflow/dags/airflow_code.py                           1           0  0.70s           2023-11-11T03:46:47
================================================================================
[2023-11-11T03:47:39.749+0000] {manager.py:887} INFO - 
================================================================================
DAG File Processing Stats

File Path                          PID    Runtime      # DAGs    # Errors  Last Runtime    Last Run
---------------------------------  -----  ---------  --------  ----------  --------------  -------------------
/opt/airflow/dags/airflow_code.py                           1           0  0.78s           2023-11-11T03:47:18
================================================================================
[2023-11-11T03:48:10.063+0000] {manager.py:887} INFO - 
================================================================================
DAG File Processing Stats

File Path                          PID    Runtime      # DAGs    # Errors  Last Runtime    Last Run
---------------------------------  -----  ---------  --------  ----------  --------------  -------------------
/opt/airflow/dags/airflow_code.py                           1           0  0.74s           2023-11-11T03:47:49
================================================================================
[2023-11-11T03:48:40.122+0000] {manager.py:887} INFO - 
================================================================================
DAG File Processing Stats

File Path                          PID    Runtime      # DAGs    # Errors  Last Runtime    Last Run
---------------------------------  -----  ---------  --------  ----------  --------------  -------------------
/opt/airflow/dags/airflow_code.py                           1           0  0.71s           2023-11-11T03:48:20
================================================================================
[2023-11-11T03:49:10.163+0000] {manager.py:887} INFO - 
================================================================================
DAG File Processing Stats

File Path                          PID    Runtime      # DAGs    # Errors  Last Runtime    Last Run
---------------------------------  -----  ---------  --------  ----------  --------------  -------------------
/opt/airflow/dags/airflow_code.py                           1           0  0.72s           2023-11-11T03:48:51
================================================================================
[2023-11-11T03:49:40.253+0000] {manager.py:887} INFO - 
================================================================================
DAG File Processing Stats

File Path                          PID    Runtime      # DAGs    # Errors  Last Runtime    Last Run
---------------------------------  -----  ---------  --------  ----------  --------------  -------------------
/opt/airflow/dags/airflow_code.py                           1           0  0.78s           2023-11-11T03:49:23
================================================================================
[2023-11-11T03:50:10.303+0000] {manager.py:887} INFO - 
================================================================================
DAG File Processing Stats

File Path                          PID    Runtime      # DAGs    # Errors  Last Runtime    Last Run
---------------------------------  -----  ---------  --------  ----------  --------------  -------------------
/opt/airflow/dags/airflow_code.py                           1           0  0.76s           2023-11-11T03:49:54
================================================================================
[2023-11-11T03:50:40.373+0000] {manager.py:887} INFO - 
================================================================================
DAG File Processing Stats

File Path                          PID    Runtime      # DAGs    # Errors  Last Runtime    Last Run
---------------------------------  -----  ---------  --------  ----------  --------------  -------------------
/opt/airflow/dags/airflow_code.py                           1           0  0.79s           2023-11-11T03:50:25
================================================================================
[2023-11-11T03:51:10.866+0000] {manager.py:887} INFO - 
================================================================================
DAG File Processing Stats

File Path                          PID    Runtime      # DAGs    # Errors  Last Runtime    Last Run
---------------------------------  -----  ---------  --------  ----------  --------------  -------------------
/opt/airflow/dags/airflow_code.py                           1           0  0.71s           2023-11-11T03:50:56
================================================================================
