[2023-11-11T03:25:25.577+0000] {taskinstance.py:1159} INFO - Dependencies all met for dep_context=non-requeueable deps ti=<TaskInstance: preprocessing_v1.stats_task scheduled__2023-11-09T00:00:00+00:00 [queued]>
[2023-11-11T03:25:25.582+0000] {taskinstance.py:1159} INFO - Dependencies all met for dep_context=requeueable deps ti=<TaskInstance: preprocessing_v1.stats_task scheduled__2023-11-09T00:00:00+00:00 [queued]>
[2023-11-11T03:25:25.583+0000] {taskinstance.py:1361} INFO - Starting attempt 1 of 6
[2023-11-11T03:25:25.590+0000] {taskinstance.py:1382} INFO - Executing <Task(PythonOperator): stats_task> on 2023-11-09 00:00:00+00:00
[2023-11-11T03:25:25.595+0000] {standard_task_runner.py:57} INFO - Started process 347 to run task
[2023-11-11T03:25:25.599+0000] {standard_task_runner.py:84} INFO - Running: ['***', 'tasks', 'run', 'preprocessing_v1', 'stats_task', 'scheduled__2023-11-09T00:00:00+00:00', '--job-id', '14', '--raw', '--subdir', 'DAGS_FOLDER/***_code.py', '--cfg-path', '/tmp/tmp7bcdmojj']
[2023-11-11T03:25:25.602+0000] {standard_task_runner.py:85} INFO - Job 14: Subtask stats_task
[2023-11-11T03:25:25.639+0000] {task_command.py:416} INFO - Running <TaskInstance: preprocessing_v1.stats_task scheduled__2023-11-09T00:00:00+00:00 [running]> on host d2c761eebca3
[2023-11-11T03:25:25.685+0000] {taskinstance.py:1662} INFO - Exporting env vars: AIRFLOW_CTX_DAG_OWNER='Team 3' AIRFLOW_CTX_DAG_ID='preprocessing_v1' AIRFLOW_CTX_TASK_ID='stats_task' AIRFLOW_CTX_EXECUTION_DATE='2023-11-09T00:00:00+00:00' AIRFLOW_CTX_TRY_NUMBER='1' AIRFLOW_CTX_DAG_RUN_ID='scheduled__2023-11-09T00:00:00+00:00'
[2023-11-11T03:25:25.888+0000] {python.py:194} INFO - Done. Returned value was:              obj_ID          alpha  ...            MJD       fiber_ID
count  1.000000e+05  100000.000000  ...  100000.000000  100000.000000
mean   1.237665e+18     177.629117  ...   55588.647500     449.312740
std    8.438560e+12      96.502241  ...    1808.484233     272.498404
min    1.237646e+18       0.005528  ...   51608.000000       1.000000
25%    1.237659e+18     127.518222  ...   54234.000000     221.000000
50%    1.237663e+18     180.900700  ...   55868.500000     433.000000
75%    1.237668e+18     233.895005  ...   56777.000000     645.000000
max    1.237681e+18     359.999810  ...   58932.000000    1000.000000

[8 rows x 17 columns]
[2023-11-11T03:25:25.952+0000] {taskinstance.py:1400} INFO - Marking task as SUCCESS. dag_id=preprocessing_v1, task_id=stats_task, execution_date=20231109T000000, start_date=20231111T032525, end_date=20231111T032525
[2023-11-11T03:25:25.980+0000] {local_task_job_runner.py:228} INFO - Task exited with return code 0
[2023-11-11T03:25:25.999+0000] {taskinstance.py:2778} INFO - 0 downstream tasks scheduled from follow-on schedule check
[2023-11-11T03:29:41.736+0000] {taskinstance.py:1159} INFO - Dependencies all met for dep_context=non-requeueable deps ti=<TaskInstance: preprocessing_v1.stats_task scheduled__2023-11-09T00:00:00+00:00 [queued]>
[2023-11-11T03:29:41.741+0000] {taskinstance.py:1159} INFO - Dependencies all met for dep_context=requeueable deps ti=<TaskInstance: preprocessing_v1.stats_task scheduled__2023-11-09T00:00:00+00:00 [queued]>
[2023-11-11T03:29:41.741+0000] {taskinstance.py:1361} INFO - Starting attempt 1 of 6
[2023-11-11T03:29:41.748+0000] {taskinstance.py:1382} INFO - Executing <Task(PythonOperator): stats_task> on 2023-11-09 00:00:00+00:00
[2023-11-11T03:29:41.753+0000] {standard_task_runner.py:57} INFO - Started process 349 to run task
[2023-11-11T03:29:41.756+0000] {standard_task_runner.py:84} INFO - Running: ['***', 'tasks', 'run', 'preprocessing_v1', 'stats_task', 'scheduled__2023-11-09T00:00:00+00:00', '--job-id', '13', '--raw', '--subdir', 'DAGS_FOLDER/***_code.py', '--cfg-path', '/tmp/tmp3cetc2_a']
[2023-11-11T03:29:41.758+0000] {standard_task_runner.py:85} INFO - Job 13: Subtask stats_task
[2023-11-11T03:29:41.786+0000] {task_command.py:416} INFO - Running <TaskInstance: preprocessing_v1.stats_task scheduled__2023-11-09T00:00:00+00:00 [running]> on host 9c8a8ec1a519
[2023-11-11T03:29:41.843+0000] {taskinstance.py:1662} INFO - Exporting env vars: AIRFLOW_CTX_DAG_OWNER='Team 3' AIRFLOW_CTX_DAG_ID='preprocessing_v1' AIRFLOW_CTX_TASK_ID='stats_task' AIRFLOW_CTX_EXECUTION_DATE='2023-11-09T00:00:00+00:00' AIRFLOW_CTX_TRY_NUMBER='1' AIRFLOW_CTX_DAG_RUN_ID='scheduled__2023-11-09T00:00:00+00:00'
[2023-11-11T03:29:42.039+0000] {python.py:194} INFO - Done. Returned value was:              obj_ID          alpha  ...            MJD       fiber_ID
count  1.000000e+05  100000.000000  ...  100000.000000  100000.000000
mean   1.237665e+18     177.629117  ...   55588.647500     449.312740
std    8.438560e+12      96.502241  ...    1808.484233     272.498404
min    1.237646e+18       0.005528  ...   51608.000000       1.000000
25%    1.237659e+18     127.518222  ...   54234.000000     221.000000
50%    1.237663e+18     180.900700  ...   55868.500000     433.000000
75%    1.237668e+18     233.895005  ...   56777.000000     645.000000
max    1.237681e+18     359.999810  ...   58932.000000    1000.000000

[8 rows x 17 columns]
[2023-11-11T03:29:42.099+0000] {taskinstance.py:1400} INFO - Marking task as SUCCESS. dag_id=preprocessing_v1, task_id=stats_task, execution_date=20231109T000000, start_date=20231111T032941, end_date=20231111T032942
[2023-11-11T03:29:42.136+0000] {local_task_job_runner.py:228} INFO - Task exited with return code 0
[2023-11-11T03:29:42.156+0000] {taskinstance.py:2778} INFO - 0 downstream tasks scheduled from follow-on schedule check
[2023-11-11T03:42:03.081+0000] {taskinstance.py:1159} INFO - Dependencies all met for dep_context=non-requeueable deps ti=<TaskInstance: preprocessing_v1.stats_task scheduled__2023-11-09T00:00:00+00:00 [queued]>
[2023-11-11T03:42:03.087+0000] {taskinstance.py:1159} INFO - Dependencies all met for dep_context=requeueable deps ti=<TaskInstance: preprocessing_v1.stats_task scheduled__2023-11-09T00:00:00+00:00 [queued]>
[2023-11-11T03:42:03.087+0000] {taskinstance.py:1361} INFO - Starting attempt 1 of 6
[2023-11-11T03:42:03.095+0000] {taskinstance.py:1382} INFO - Executing <Task(PythonOperator): stats_task> on 2023-11-09 00:00:00+00:00
[2023-11-11T03:42:03.101+0000] {standard_task_runner.py:57} INFO - Started process 334 to run task
[2023-11-11T03:42:03.106+0000] {standard_task_runner.py:84} INFO - Running: ['***', 'tasks', 'run', 'preprocessing_v1', 'stats_task', 'scheduled__2023-11-09T00:00:00+00:00', '--job-id', '13', '--raw', '--subdir', 'DAGS_FOLDER/***_code.py', '--cfg-path', '/tmp/tmp6qv3fz8e']
[2023-11-11T03:42:03.109+0000] {standard_task_runner.py:85} INFO - Job 13: Subtask stats_task
[2023-11-11T03:42:03.156+0000] {task_command.py:416} INFO - Running <TaskInstance: preprocessing_v1.stats_task scheduled__2023-11-09T00:00:00+00:00 [running]> on host 27df91229c7e
[2023-11-11T03:42:03.202+0000] {taskinstance.py:1662} INFO - Exporting env vars: AIRFLOW_CTX_DAG_OWNER='Team 3' AIRFLOW_CTX_DAG_ID='preprocessing_v1' AIRFLOW_CTX_TASK_ID='stats_task' AIRFLOW_CTX_EXECUTION_DATE='2023-11-09T00:00:00+00:00' AIRFLOW_CTX_TRY_NUMBER='1' AIRFLOW_CTX_DAG_RUN_ID='scheduled__2023-11-09T00:00:00+00:00'
[2023-11-11T03:42:03.203+0000] {datapreprocessing.py:32} INFO - Calculating data statistics...
[2023-11-11T03:42:03.457+0000] {datapreprocessing.py:36} INFO - Data statistics calculated.
[2023-11-11T03:42:03.461+0000] {python.py:194} INFO - Done. Returned value was:              obj_ID          alpha  ...            MJD       fiber_ID
count  1.000000e+05  100000.000000  ...  100000.000000  100000.000000
mean   1.237665e+18     177.629117  ...   55588.647500     449.312740
std    8.438560e+12      96.502241  ...    1808.484233     272.498404
min    1.237646e+18       0.005528  ...   51608.000000       1.000000
25%    1.237659e+18     127.518222  ...   54234.000000     221.000000
50%    1.237663e+18     180.900700  ...   55868.500000     433.000000
75%    1.237668e+18     233.895005  ...   56777.000000     645.000000
max    1.237681e+18     359.999810  ...   58932.000000    1000.000000

[8 rows x 17 columns]
[2023-11-11T03:42:03.525+0000] {taskinstance.py:1400} INFO - Marking task as SUCCESS. dag_id=preprocessing_v1, task_id=stats_task, execution_date=20231109T000000, start_date=20231111T034203, end_date=20231111T034203
[2023-11-11T03:42:03.561+0000] {local_task_job_runner.py:228} INFO - Task exited with return code 0
[2023-11-11T03:42:03.578+0000] {taskinstance.py:2778} INFO - 1 downstream tasks scheduled from follow-on schedule check
[2023-11-11T04:44:25.595+0000] {taskinstance.py:1159} INFO - Dependencies all met for dep_context=non-requeueable deps ti=<TaskInstance: preprocessing_v1.stats_task scheduled__2023-11-09T00:00:00+00:00 [queued]>
[2023-11-11T04:44:25.602+0000] {taskinstance.py:1159} INFO - Dependencies all met for dep_context=requeueable deps ti=<TaskInstance: preprocessing_v1.stats_task scheduled__2023-11-09T00:00:00+00:00 [queued]>
[2023-11-11T04:44:25.603+0000] {taskinstance.py:1361} INFO - Starting attempt 1 of 6
[2023-11-11T04:44:25.617+0000] {taskinstance.py:1382} INFO - Executing <Task(PythonOperator): stats_task> on 2023-11-09 00:00:00+00:00
[2023-11-11T04:44:25.628+0000] {standard_task_runner.py:57} INFO - Started process 332 to run task
[2023-11-11T04:44:25.632+0000] {standard_task_runner.py:84} INFO - Running: ['***', 'tasks', 'run', 'preprocessing_v1', 'stats_task', 'scheduled__2023-11-09T00:00:00+00:00', '--job-id', '11', '--raw', '--subdir', 'DAGS_FOLDER/***_code.py', '--cfg-path', '/tmp/tmp_sfanpnt']
[2023-11-11T04:44:25.636+0000] {standard_task_runner.py:85} INFO - Job 11: Subtask stats_task
[2023-11-11T04:44:25.675+0000] {task_command.py:416} INFO - Running <TaskInstance: preprocessing_v1.stats_task scheduled__2023-11-09T00:00:00+00:00 [running]> on host bb20688940fc
[2023-11-11T04:44:25.726+0000] {taskinstance.py:1662} INFO - Exporting env vars: AIRFLOW_CTX_DAG_OWNER='Team 3' AIRFLOW_CTX_DAG_ID='preprocessing_v1' AIRFLOW_CTX_TASK_ID='stats_task' AIRFLOW_CTX_EXECUTION_DATE='2023-11-09T00:00:00+00:00' AIRFLOW_CTX_TRY_NUMBER='1' AIRFLOW_CTX_DAG_RUN_ID='scheduled__2023-11-09T00:00:00+00:00'
[2023-11-11T04:44:25.728+0000] {datapreprocessing.py:31} INFO - Calculating data statistics...
[2023-11-11T04:44:26.059+0000] {datapreprocessing.py:35} INFO - Data statistics calculated.
[2023-11-11T04:44:26.062+0000] {python.py:194} INFO - Done. Returned value was:              obj_ID          alpha  ...            MJD       fiber_ID
count  1.000000e+05  100000.000000  ...  100000.000000  100000.000000
mean   1.237665e+18     177.629117  ...   55588.647500     449.312740
std    8.438560e+12      96.502241  ...    1808.484233     272.498404
min    1.237646e+18       0.005528  ...   51608.000000       1.000000
25%    1.237659e+18     127.518222  ...   54234.000000     221.000000
50%    1.237663e+18     180.900700  ...   55868.500000     433.000000
75%    1.237668e+18     233.895005  ...   56777.000000     645.000000
max    1.237681e+18     359.999810  ...   58932.000000    1000.000000

[8 rows x 17 columns]
[2023-11-11T04:44:26.178+0000] {taskinstance.py:1400} INFO - Marking task as SUCCESS. dag_id=preprocessing_v1, task_id=stats_task, execution_date=20231109T000000, start_date=20231111T044425, end_date=20231111T044426
[2023-11-11T04:44:26.220+0000] {local_task_job_runner.py:228} INFO - Task exited with return code 0
[2023-11-11T04:44:26.264+0000] {taskinstance.py:2778} INFO - 1 downstream tasks scheduled from follow-on schedule check
[2023-11-11T07:08:42.114+0000] {taskinstance.py:1159} INFO - Dependencies all met for dep_context=non-requeueable deps ti=<TaskInstance: preprocessing_v1.stats_task scheduled__2023-11-09T00:00:00+00:00 [queued]>
[2023-11-11T07:08:42.125+0000] {taskinstance.py:1159} INFO - Dependencies all met for dep_context=requeueable deps ti=<TaskInstance: preprocessing_v1.stats_task scheduled__2023-11-09T00:00:00+00:00 [queued]>
[2023-11-11T07:08:42.126+0000] {taskinstance.py:1361} INFO - Starting attempt 1 of 6
[2023-11-11T07:08:42.144+0000] {taskinstance.py:1382} INFO - Executing <Task(PythonOperator): stats_task> on 2023-11-09 00:00:00+00:00
[2023-11-11T07:08:42.162+0000] {standard_task_runner.py:57} INFO - Started process 350 to run task
[2023-11-11T07:08:42.170+0000] {standard_task_runner.py:84} INFO - Running: ['***', 'tasks', 'run', 'preprocessing_v1', 'stats_task', 'scheduled__2023-11-09T00:00:00+00:00', '--job-id', '14', '--raw', '--subdir', 'DAGS_FOLDER/***_code.py', '--cfg-path', '/tmp/tmp10idaj80']
[2023-11-11T07:08:42.174+0000] {standard_task_runner.py:85} INFO - Job 14: Subtask stats_task
[2023-11-11T07:08:42.250+0000] {task_command.py:416} INFO - Running <TaskInstance: preprocessing_v1.stats_task scheduled__2023-11-09T00:00:00+00:00 [running]> on host bce5ad10b059
[2023-11-11T07:08:42.349+0000] {taskinstance.py:1662} INFO - Exporting env vars: AIRFLOW_CTX_DAG_OWNER='Team 3' AIRFLOW_CTX_DAG_ID='preprocessing_v1' AIRFLOW_CTX_TASK_ID='stats_task' AIRFLOW_CTX_EXECUTION_DATE='2023-11-09T00:00:00+00:00' AIRFLOW_CTX_TRY_NUMBER='1' AIRFLOW_CTX_DAG_RUN_ID='scheduled__2023-11-09T00:00:00+00:00'
[2023-11-11T07:08:42.791+0000] {python.py:194} INFO - Done. Returned value was:              obj_ID          alpha  ...            MJD       fiber_ID
count  1.000000e+05  100000.000000  ...  100000.000000  100000.000000
mean   1.237665e+18     177.629117  ...   55588.647500     449.312740
std    8.438560e+12      96.502241  ...    1808.484233     272.498404
min    1.237646e+18       0.005528  ...   51608.000000       1.000000
25%    1.237659e+18     127.518222  ...   54234.000000     221.000000
50%    1.237663e+18     180.900700  ...   55868.500000     433.000000
75%    1.237668e+18     233.895005  ...   56777.000000     645.000000
max    1.237681e+18     359.999810  ...   58932.000000    1000.000000

[8 rows x 17 columns]
[2023-11-11T07:08:42.977+0000] {taskinstance.py:1400} INFO - Marking task as SUCCESS. dag_id=preprocessing_v1, task_id=stats_task, execution_date=20231109T000000, start_date=20231111T070842, end_date=20231111T070842
[2023-11-11T07:08:43.033+0000] {local_task_job_runner.py:228} INFO - Task exited with return code 0
[2023-11-11T07:08:43.082+0000] {taskinstance.py:2778} INFO - 1 downstream tasks scheduled from follow-on schedule check
[2023-11-11T07:18:05.538+0000] {taskinstance.py:1159} INFO - Dependencies all met for dep_context=non-requeueable deps ti=<TaskInstance: preprocessing_v1.stats_task scheduled__2023-11-09T00:00:00+00:00 [queued]>
[2023-11-11T07:18:05.545+0000] {taskinstance.py:1159} INFO - Dependencies all met for dep_context=requeueable deps ti=<TaskInstance: preprocessing_v1.stats_task scheduled__2023-11-09T00:00:00+00:00 [queued]>
[2023-11-11T07:18:05.545+0000] {taskinstance.py:1361} INFO - Starting attempt 1 of 6
[2023-11-11T07:18:05.554+0000] {taskinstance.py:1382} INFO - Executing <Task(PythonOperator): stats_task> on 2023-11-09 00:00:00+00:00
[2023-11-11T07:18:05.568+0000] {standard_task_runner.py:57} INFO - Started process 347 to run task
[2023-11-11T07:18:05.578+0000] {standard_task_runner.py:84} INFO - Running: ['***', 'tasks', 'run', 'preprocessing_v1', 'stats_task', 'scheduled__2023-11-09T00:00:00+00:00', '--job-id', '12', '--raw', '--subdir', 'DAGS_FOLDER/***_code.py', '--cfg-path', '/tmp/tmpupoy2mnw']
[2023-11-11T07:18:05.592+0000] {standard_task_runner.py:85} INFO - Job 12: Subtask stats_task
[2023-11-11T07:18:05.670+0000] {task_command.py:416} INFO - Running <TaskInstance: preprocessing_v1.stats_task scheduled__2023-11-09T00:00:00+00:00 [running]> on host 2c83865699e0
[2023-11-11T07:18:05.742+0000] {taskinstance.py:1662} INFO - Exporting env vars: AIRFLOW_CTX_DAG_OWNER='Team 3' AIRFLOW_CTX_DAG_ID='preprocessing_v1' AIRFLOW_CTX_TASK_ID='stats_task' AIRFLOW_CTX_EXECUTION_DATE='2023-11-09T00:00:00+00:00' AIRFLOW_CTX_TRY_NUMBER='1' AIRFLOW_CTX_DAG_RUN_ID='scheduled__2023-11-09T00:00:00+00:00'
[2023-11-11T07:18:06.351+0000] {python.py:194} INFO - Done. Returned value was:              obj_ID         alpha  ...           MJD      fiber_ID
count  8.000000e+04  80000.000000  ...  80000.000000  80000.000000
mean   1.237665e+18    177.489121  ...  55587.276700    448.855450
std    8.435737e+12     96.569388  ...   1808.495382    272.544816
min    1.237646e+18      0.005528  ...  51608.000000      1.000000
25%    1.237659e+18    127.419346  ...  54232.750000    220.000000
50%    1.237663e+18    180.689614  ...  55868.000000    432.000000
75%    1.237668e+18    233.698369  ...  56777.000000    644.000000
max    1.237681e+18    359.999615  ...  58932.000000   1000.000000

[8 rows x 17 columns]
[2023-11-11T07:18:06.631+0000] {taskinstance.py:1400} INFO - Marking task as SUCCESS. dag_id=preprocessing_v1, task_id=stats_task, execution_date=20231109T000000, start_date=20231111T071805, end_date=20231111T071806
[2023-11-11T07:18:06.702+0000] {local_task_job_runner.py:228} INFO - Task exited with return code 0
[2023-11-11T07:18:06.765+0000] {taskinstance.py:2778} INFO - 1 downstream tasks scheduled from follow-on schedule check
