[2023-11-11T03:25:22.831+0000] {taskinstance.py:1159} INFO - Dependencies all met for dep_context=non-requeueable deps ti=<TaskInstance: preprocessing_v1.check_nan_task scheduled__2023-11-08T00:00:00+00:00 [queued]>
[2023-11-11T03:25:22.838+0000] {taskinstance.py:1159} INFO - Dependencies all met for dep_context=requeueable deps ti=<TaskInstance: preprocessing_v1.check_nan_task scheduled__2023-11-08T00:00:00+00:00 [queued]>
[2023-11-11T03:25:22.838+0000] {taskinstance.py:1361} INFO - Starting attempt 1 of 6
[2023-11-11T03:25:22.847+0000] {taskinstance.py:1382} INFO - Executing <Task(PythonOperator): check_nan_task> on 2023-11-08 00:00:00+00:00
[2023-11-11T03:25:22.853+0000] {standard_task_runner.py:57} INFO - Started process 284 to run task
[2023-11-11T03:25:22.856+0000] {standard_task_runner.py:84} INFO - Running: ['***', 'tasks', 'run', 'preprocessing_v1', 'check_nan_task', 'scheduled__2023-11-08T00:00:00+00:00', '--job-id', '10', '--raw', '--subdir', 'DAGS_FOLDER/***_code.py', '--cfg-path', '/tmp/tmpt_7w45ml']
[2023-11-11T03:25:22.859+0000] {standard_task_runner.py:85} INFO - Job 10: Subtask check_nan_task
[2023-11-11T03:25:22.894+0000] {task_command.py:416} INFO - Running <TaskInstance: preprocessing_v1.check_nan_task scheduled__2023-11-08T00:00:00+00:00 [running]> on host d2c761eebca3
[2023-11-11T03:25:22.939+0000] {taskinstance.py:1662} INFO - Exporting env vars: AIRFLOW_CTX_DAG_OWNER='Team 3' AIRFLOW_CTX_DAG_ID='preprocessing_v1' AIRFLOW_CTX_TASK_ID='check_nan_task' AIRFLOW_CTX_EXECUTION_DATE='2023-11-08T00:00:00+00:00' AIRFLOW_CTX_TRY_NUMBER='1' AIRFLOW_CTX_DAG_RUN_ID='scheduled__2023-11-08T00:00:00+00:00'
[2023-11-11T03:25:24.392+0000] {python.py:194} INFO - Done. Returned value was: 1
[2023-11-11T03:25:24.412+0000] {taskinstance.py:1400} INFO - Marking task as SUCCESS. dag_id=preprocessing_v1, task_id=check_nan_task, execution_date=20231108T000000, start_date=20231111T032522, end_date=20231111T032524
[2023-11-11T03:25:24.454+0000] {local_task_job_runner.py:228} INFO - Task exited with return code 0
[2023-11-11T03:25:24.476+0000] {taskinstance.py:2778} INFO - 1 downstream tasks scheduled from follow-on schedule check
[2023-11-11T03:29:39.535+0000] {taskinstance.py:1159} INFO - Dependencies all met for dep_context=non-requeueable deps ti=<TaskInstance: preprocessing_v1.check_nan_task scheduled__2023-11-08T00:00:00+00:00 [queued]>
[2023-11-11T03:29:39.541+0000] {taskinstance.py:1159} INFO - Dependencies all met for dep_context=requeueable deps ti=<TaskInstance: preprocessing_v1.check_nan_task scheduled__2023-11-08T00:00:00+00:00 [queued]>
[2023-11-11T03:29:39.542+0000] {taskinstance.py:1361} INFO - Starting attempt 1 of 6
[2023-11-11T03:29:39.549+0000] {taskinstance.py:1382} INFO - Executing <Task(PythonOperator): check_nan_task> on 2023-11-08 00:00:00+00:00
[2023-11-11T03:29:39.555+0000] {standard_task_runner.py:57} INFO - Started process 299 to run task
[2023-11-11T03:29:39.558+0000] {standard_task_runner.py:84} INFO - Running: ['***', 'tasks', 'run', 'preprocessing_v1', 'check_nan_task', 'scheduled__2023-11-08T00:00:00+00:00', '--job-id', '7', '--raw', '--subdir', 'DAGS_FOLDER/***_code.py', '--cfg-path', '/tmp/tmpd72_ej_c']
[2023-11-11T03:29:39.560+0000] {standard_task_runner.py:85} INFO - Job 7: Subtask check_nan_task
[2023-11-11T03:29:39.590+0000] {task_command.py:416} INFO - Running <TaskInstance: preprocessing_v1.check_nan_task scheduled__2023-11-08T00:00:00+00:00 [running]> on host 9c8a8ec1a519
[2023-11-11T03:29:39.634+0000] {taskinstance.py:1662} INFO - Exporting env vars: AIRFLOW_CTX_DAG_OWNER='Team 3' AIRFLOW_CTX_DAG_ID='preprocessing_v1' AIRFLOW_CTX_TASK_ID='check_nan_task' AIRFLOW_CTX_EXECUTION_DATE='2023-11-08T00:00:00+00:00' AIRFLOW_CTX_TRY_NUMBER='1' AIRFLOW_CTX_DAG_RUN_ID='scheduled__2023-11-08T00:00:00+00:00'
[2023-11-11T03:29:40.937+0000] {python.py:194} INFO - Done. Returned value was: 1
[2023-11-11T03:29:40.951+0000] {taskinstance.py:1400} INFO - Marking task as SUCCESS. dag_id=preprocessing_v1, task_id=check_nan_task, execution_date=20231108T000000, start_date=20231111T032939, end_date=20231111T032940
[2023-11-11T03:29:40.992+0000] {local_task_job_runner.py:228} INFO - Task exited with return code 0
[2023-11-11T03:29:41.008+0000] {taskinstance.py:2778} INFO - 1 downstream tasks scheduled from follow-on schedule check
[2023-11-11T03:41:58.936+0000] {taskinstance.py:1159} INFO - Dependencies all met for dep_context=non-requeueable deps ti=<TaskInstance: preprocessing_v1.check_nan_task scheduled__2023-11-08T00:00:00+00:00 [queued]>
[2023-11-11T03:41:58.941+0000] {taskinstance.py:1159} INFO - Dependencies all met for dep_context=requeueable deps ti=<TaskInstance: preprocessing_v1.check_nan_task scheduled__2023-11-08T00:00:00+00:00 [queued]>
[2023-11-11T03:41:58.941+0000] {taskinstance.py:1361} INFO - Starting attempt 1 of 6
[2023-11-11T03:41:58.949+0000] {taskinstance.py:1382} INFO - Executing <Task(PythonOperator): check_nan_task> on 2023-11-08 00:00:00+00:00
[2023-11-11T03:41:58.955+0000] {standard_task_runner.py:57} INFO - Started process 280 to run task
[2023-11-11T03:41:58.957+0000] {standard_task_runner.py:84} INFO - Running: ['***', 'tasks', 'run', 'preprocessing_v1', 'check_nan_task', 'scheduled__2023-11-08T00:00:00+00:00', '--job-id', '10', '--raw', '--subdir', 'DAGS_FOLDER/***_code.py', '--cfg-path', '/tmp/tmpc1tvl5h5']
[2023-11-11T03:41:58.959+0000] {standard_task_runner.py:85} INFO - Job 10: Subtask check_nan_task
[2023-11-11T03:41:59.003+0000] {task_command.py:416} INFO - Running <TaskInstance: preprocessing_v1.check_nan_task scheduled__2023-11-08T00:00:00+00:00 [running]> on host 27df91229c7e
[2023-11-11T03:41:59.058+0000] {taskinstance.py:1662} INFO - Exporting env vars: AIRFLOW_CTX_DAG_OWNER='Team 3' AIRFLOW_CTX_DAG_ID='preprocessing_v1' AIRFLOW_CTX_TASK_ID='check_nan_task' AIRFLOW_CTX_EXECUTION_DATE='2023-11-08T00:00:00+00:00' AIRFLOW_CTX_TRY_NUMBER='1' AIRFLOW_CTX_DAG_RUN_ID='scheduled__2023-11-08T00:00:00+00:00'
[2023-11-11T03:41:59.061+0000] {datapreprocessing.py:56} INFO - Checking for NaN values...
[2023-11-11T03:42:01.343+0000] {datapreprocessing.py:66} INFO - NaN values checked and handled.
[2023-11-11T03:42:01.346+0000] {python.py:194} INFO - Done. Returned value was: 1
[2023-11-11T03:42:01.379+0000] {taskinstance.py:1400} INFO - Marking task as SUCCESS. dag_id=preprocessing_v1, task_id=check_nan_task, execution_date=20231108T000000, start_date=20231111T034158, end_date=20231111T034201
[2023-11-11T03:42:01.430+0000] {local_task_job_runner.py:228} INFO - Task exited with return code 0
[2023-11-11T03:42:01.474+0000] {taskinstance.py:2778} INFO - 1 downstream tasks scheduled from follow-on schedule check
[2023-11-11T04:44:22.450+0000] {taskinstance.py:1159} INFO - Dependencies all met for dep_context=non-requeueable deps ti=<TaskInstance: preprocessing_v1.check_nan_task scheduled__2023-11-08T00:00:00+00:00 [queued]>
[2023-11-11T04:44:22.457+0000] {taskinstance.py:1159} INFO - Dependencies all met for dep_context=requeueable deps ti=<TaskInstance: preprocessing_v1.check_nan_task scheduled__2023-11-08T00:00:00+00:00 [queued]>
[2023-11-11T04:44:22.458+0000] {taskinstance.py:1361} INFO - Starting attempt 1 of 6
[2023-11-11T04:44:22.465+0000] {taskinstance.py:1382} INFO - Executing <Task(PythonOperator): check_nan_task> on 2023-11-08 00:00:00+00:00
[2023-11-11T04:44:22.472+0000] {standard_task_runner.py:57} INFO - Started process 284 to run task
[2023-11-11T04:44:22.477+0000] {standard_task_runner.py:84} INFO - Running: ['***', 'tasks', 'run', 'preprocessing_v1', 'check_nan_task', 'scheduled__2023-11-08T00:00:00+00:00', '--job-id', '7', '--raw', '--subdir', 'DAGS_FOLDER/***_code.py', '--cfg-path', '/tmp/tmpmkn7djie']
[2023-11-11T04:44:22.480+0000] {standard_task_runner.py:85} INFO - Job 7: Subtask check_nan_task
[2023-11-11T04:44:22.523+0000] {task_command.py:416} INFO - Running <TaskInstance: preprocessing_v1.check_nan_task scheduled__2023-11-08T00:00:00+00:00 [running]> on host bb20688940fc
[2023-11-11T04:44:22.574+0000] {taskinstance.py:1662} INFO - Exporting env vars: AIRFLOW_CTX_DAG_OWNER='Team 3' AIRFLOW_CTX_DAG_ID='preprocessing_v1' AIRFLOW_CTX_TASK_ID='check_nan_task' AIRFLOW_CTX_EXECUTION_DATE='2023-11-08T00:00:00+00:00' AIRFLOW_CTX_TRY_NUMBER='1' AIRFLOW_CTX_DAG_RUN_ID='scheduled__2023-11-08T00:00:00+00:00'
[2023-11-11T04:44:22.575+0000] {datapreprocessing.py:55} INFO - Checking for NaN values...
[2023-11-11T04:44:24.089+0000] {datapreprocessing.py:65} INFO - NaN values checked and handled.
[2023-11-11T04:44:24.092+0000] {python.py:194} INFO - Done. Returned value was: 1
[2023-11-11T04:44:24.113+0000] {taskinstance.py:1400} INFO - Marking task as SUCCESS. dag_id=preprocessing_v1, task_id=check_nan_task, execution_date=20231108T000000, start_date=20231111T044422, end_date=20231111T044424
[2023-11-11T04:44:24.168+0000] {local_task_job_runner.py:228} INFO - Task exited with return code 0
[2023-11-11T04:44:24.196+0000] {taskinstance.py:2778} INFO - 1 downstream tasks scheduled from follow-on schedule check
