[2023-11-11T03:25:25.577+0000] {taskinstance.py:1159} INFO - Dependencies all met for dep_context=non-requeueable deps ti=<TaskInstance: preprocessing_v1.stats_task scheduled__2023-11-08T00:00:00+00:00 [queued]>
[2023-11-11T03:25:25.582+0000] {taskinstance.py:1159} INFO - Dependencies all met for dep_context=requeueable deps ti=<TaskInstance: preprocessing_v1.stats_task scheduled__2023-11-08T00:00:00+00:00 [queued]>
[2023-11-11T03:25:25.583+0000] {taskinstance.py:1361} INFO - Starting attempt 1 of 6
[2023-11-11T03:25:25.590+0000] {taskinstance.py:1382} INFO - Executing <Task(PythonOperator): stats_task> on 2023-11-08 00:00:00+00:00
[2023-11-11T03:25:25.596+0000] {standard_task_runner.py:57} INFO - Started process 349 to run task
[2023-11-11T03:25:25.600+0000] {standard_task_runner.py:84} INFO - Running: ['***', 'tasks', 'run', 'preprocessing_v1', 'stats_task', 'scheduled__2023-11-08T00:00:00+00:00', '--job-id', '13', '--raw', '--subdir', 'DAGS_FOLDER/***_code.py', '--cfg-path', '/tmp/tmp3mmgreq8']
[2023-11-11T03:25:25.602+0000] {standard_task_runner.py:85} INFO - Job 13: Subtask stats_task
[2023-11-11T03:25:25.638+0000] {task_command.py:416} INFO - Running <TaskInstance: preprocessing_v1.stats_task scheduled__2023-11-08T00:00:00+00:00 [running]> on host d2c761eebca3
[2023-11-11T03:25:25.685+0000] {taskinstance.py:1662} INFO - Exporting env vars: AIRFLOW_CTX_DAG_OWNER='Team 3' AIRFLOW_CTX_DAG_ID='preprocessing_v1' AIRFLOW_CTX_TASK_ID='stats_task' AIRFLOW_CTX_EXECUTION_DATE='2023-11-08T00:00:00+00:00' AIRFLOW_CTX_TRY_NUMBER='1' AIRFLOW_CTX_DAG_RUN_ID='scheduled__2023-11-08T00:00:00+00:00'
[2023-11-11T03:25:25.888+0000] {python.py:194} INFO - Done. Returned value was:              obj_ID          alpha  ...            MJD       fiber_ID
count  1.000000e+05  100000.000000  ...  100000.000000  100000.000000
mean   1.237665e+18     177.629117  ...   55588.647500     449.312740
std    8.438560e+12      96.502241  ...    1808.484233     272.498404
min    1.237646e+18       0.005528  ...   51608.000000       1.000000
25%    1.237659e+18     127.518222  ...   54234.000000     221.000000
50%    1.237663e+18     180.900700  ...   55868.500000     433.000000
75%    1.237668e+18     233.895005  ...   56777.000000     645.000000
max    1.237681e+18     359.999810  ...   58932.000000    1000.000000

[8 rows x 17 columns]
[2023-11-11T03:25:25.951+0000] {taskinstance.py:1400} INFO - Marking task as SUCCESS. dag_id=preprocessing_v1, task_id=stats_task, execution_date=20231108T000000, start_date=20231111T032525, end_date=20231111T032525
[2023-11-11T03:25:25.975+0000] {local_task_job_runner.py:228} INFO - Task exited with return code 0
[2023-11-11T03:25:25.994+0000] {taskinstance.py:2778} INFO - 0 downstream tasks scheduled from follow-on schedule check
[2023-11-11T03:29:41.737+0000] {taskinstance.py:1159} INFO - Dependencies all met for dep_context=non-requeueable deps ti=<TaskInstance: preprocessing_v1.stats_task scheduled__2023-11-08T00:00:00+00:00 [queued]>
[2023-11-11T03:29:41.742+0000] {taskinstance.py:1159} INFO - Dependencies all met for dep_context=requeueable deps ti=<TaskInstance: preprocessing_v1.stats_task scheduled__2023-11-08T00:00:00+00:00 [queued]>
[2023-11-11T03:29:41.743+0000] {taskinstance.py:1361} INFO - Starting attempt 1 of 6
[2023-11-11T03:29:41.749+0000] {taskinstance.py:1382} INFO - Executing <Task(PythonOperator): stats_task> on 2023-11-08 00:00:00+00:00
[2023-11-11T03:29:41.755+0000] {standard_task_runner.py:57} INFO - Started process 350 to run task
[2023-11-11T03:29:41.757+0000] {standard_task_runner.py:84} INFO - Running: ['***', 'tasks', 'run', 'preprocessing_v1', 'stats_task', 'scheduled__2023-11-08T00:00:00+00:00', '--job-id', '14', '--raw', '--subdir', 'DAGS_FOLDER/***_code.py', '--cfg-path', '/tmp/tmpzbw481og']
[2023-11-11T03:29:41.759+0000] {standard_task_runner.py:85} INFO - Job 14: Subtask stats_task
[2023-11-11T03:29:41.789+0000] {task_command.py:416} INFO - Running <TaskInstance: preprocessing_v1.stats_task scheduled__2023-11-08T00:00:00+00:00 [running]> on host 9c8a8ec1a519
[2023-11-11T03:29:41.848+0000] {taskinstance.py:1662} INFO - Exporting env vars: AIRFLOW_CTX_DAG_OWNER='Team 3' AIRFLOW_CTX_DAG_ID='preprocessing_v1' AIRFLOW_CTX_TASK_ID='stats_task' AIRFLOW_CTX_EXECUTION_DATE='2023-11-08T00:00:00+00:00' AIRFLOW_CTX_TRY_NUMBER='1' AIRFLOW_CTX_DAG_RUN_ID='scheduled__2023-11-08T00:00:00+00:00'
[2023-11-11T03:29:42.039+0000] {python.py:194} INFO - Done. Returned value was:              obj_ID          alpha  ...            MJD       fiber_ID
count  1.000000e+05  100000.000000  ...  100000.000000  100000.000000
mean   1.237665e+18     177.629117  ...   55588.647500     449.312740
std    8.438560e+12      96.502241  ...    1808.484233     272.498404
min    1.237646e+18       0.005528  ...   51608.000000       1.000000
25%    1.237659e+18     127.518222  ...   54234.000000     221.000000
50%    1.237663e+18     180.900700  ...   55868.500000     433.000000
75%    1.237668e+18     233.895005  ...   56777.000000     645.000000
max    1.237681e+18     359.999810  ...   58932.000000    1000.000000

[8 rows x 17 columns]
[2023-11-11T03:29:42.099+0000] {taskinstance.py:1400} INFO - Marking task as SUCCESS. dag_id=preprocessing_v1, task_id=stats_task, execution_date=20231108T000000, start_date=20231111T032941, end_date=20231111T032942
[2023-11-11T03:29:42.133+0000] {local_task_job_runner.py:228} INFO - Task exited with return code 0
[2023-11-11T03:29:42.157+0000] {taskinstance.py:2778} INFO - 0 downstream tasks scheduled from follow-on schedule check
[2023-11-11T03:42:03.081+0000] {taskinstance.py:1159} INFO - Dependencies all met for dep_context=non-requeueable deps ti=<TaskInstance: preprocessing_v1.stats_task scheduled__2023-11-08T00:00:00+00:00 [queued]>
[2023-11-11T03:42:03.086+0000] {taskinstance.py:1159} INFO - Dependencies all met for dep_context=requeueable deps ti=<TaskInstance: preprocessing_v1.stats_task scheduled__2023-11-08T00:00:00+00:00 [queued]>
[2023-11-11T03:42:03.087+0000] {taskinstance.py:1361} INFO - Starting attempt 1 of 6
[2023-11-11T03:42:03.094+0000] {taskinstance.py:1382} INFO - Executing <Task(PythonOperator): stats_task> on 2023-11-08 00:00:00+00:00
[2023-11-11T03:42:03.100+0000] {standard_task_runner.py:57} INFO - Started process 332 to run task
[2023-11-11T03:42:03.104+0000] {standard_task_runner.py:84} INFO - Running: ['***', 'tasks', 'run', 'preprocessing_v1', 'stats_task', 'scheduled__2023-11-08T00:00:00+00:00', '--job-id', '14', '--raw', '--subdir', 'DAGS_FOLDER/***_code.py', '--cfg-path', '/tmp/tmpk7j5g8jz']
[2023-11-11T03:42:03.108+0000] {standard_task_runner.py:85} INFO - Job 14: Subtask stats_task
[2023-11-11T03:42:03.155+0000] {task_command.py:416} INFO - Running <TaskInstance: preprocessing_v1.stats_task scheduled__2023-11-08T00:00:00+00:00 [running]> on host 27df91229c7e
[2023-11-11T03:42:03.202+0000] {taskinstance.py:1662} INFO - Exporting env vars: AIRFLOW_CTX_DAG_OWNER='Team 3' AIRFLOW_CTX_DAG_ID='preprocessing_v1' AIRFLOW_CTX_TASK_ID='stats_task' AIRFLOW_CTX_EXECUTION_DATE='2023-11-08T00:00:00+00:00' AIRFLOW_CTX_TRY_NUMBER='1' AIRFLOW_CTX_DAG_RUN_ID='scheduled__2023-11-08T00:00:00+00:00'
[2023-11-11T03:42:03.203+0000] {datapreprocessing.py:32} INFO - Calculating data statistics...
[2023-11-11T03:42:03.453+0000] {datapreprocessing.py:36} INFO - Data statistics calculated.
[2023-11-11T03:42:03.455+0000] {python.py:194} INFO - Done. Returned value was:              obj_ID          alpha  ...            MJD       fiber_ID
count  1.000000e+05  100000.000000  ...  100000.000000  100000.000000
mean   1.237665e+18     177.629117  ...   55588.647500     449.312740
std    8.438560e+12      96.502241  ...    1808.484233     272.498404
min    1.237646e+18       0.005528  ...   51608.000000       1.000000
25%    1.237659e+18     127.518222  ...   54234.000000     221.000000
50%    1.237663e+18     180.900700  ...   55868.500000     433.000000
75%    1.237668e+18     233.895005  ...   56777.000000     645.000000
max    1.237681e+18     359.999810  ...   58932.000000    1000.000000

[8 rows x 17 columns]
[2023-11-11T03:42:03.517+0000] {taskinstance.py:1400} INFO - Marking task as SUCCESS. dag_id=preprocessing_v1, task_id=stats_task, execution_date=20231108T000000, start_date=20231111T034203, end_date=20231111T034203
[2023-11-11T03:42:03.560+0000] {local_task_job_runner.py:228} INFO - Task exited with return code 0
[2023-11-11T03:42:03.577+0000] {taskinstance.py:2778} INFO - 1 downstream tasks scheduled from follow-on schedule check
