[2023-11-11T02:55:55.113+0000] {processor.py:157} INFO - Started process (PID=240) to work on /opt/airflow/dags/airflow_code.py
[2023-11-11T02:55:55.114+0000] {processor.py:829} INFO - Processing file /opt/airflow/dags/airflow_code.py for tasks to queue
[2023-11-11T02:55:55.115+0000] {logging_mixin.py:154} INFO - [2023-11-11T02:55:55.115+0000] {dagbag.py:536} INFO - Filling up the DagBag from /opt/airflow/dags/airflow_code.py
[2023-11-11T02:55:56.313+0000] {processor.py:839} INFO - DAG(s) dict_keys(['preprocessing_v1']) retrieved from /opt/airflow/dags/airflow_code.py
[2023-11-11T02:55:56.424+0000] {logging_mixin.py:154} INFO - [2023-11-11T02:55:56.424+0000] {manager.py:499} INFO - Created Permission View: %s
[2023-11-11T02:55:56.429+0000] {logging_mixin.py:154} INFO - [2023-11-11T02:55:56.429+0000] {manager.py:499} INFO - Created Permission View: %s
[2023-11-11T02:55:56.431+0000] {logging_mixin.py:154} INFO - [2023-11-11T02:55:56.431+0000] {manager.py:499} INFO - Created Permission View: %s
[2023-11-11T02:55:56.432+0000] {logging_mixin.py:154} INFO - [2023-11-11T02:55:56.432+0000] {dag.py:2941} INFO - Sync 1 DAGs
[2023-11-11T02:55:56.437+0000] {logging_mixin.py:154} INFO - [2023-11-11T02:55:56.437+0000] {dag.py:2963} INFO - Creating ORM DAG for preprocessing_v1
[2023-11-11T02:55:56.449+0000] {logging_mixin.py:154} INFO - [2023-11-11T02:55:56.449+0000] {dag.py:3722} INFO - Setting next_dagrun for preprocessing_v1 to 2023-11-08T00:00:00+00:00, run_after=2023-11-09T00:00:00+00:00
[2023-11-11T02:55:56.458+0000] {processor.py:179} INFO - Processing /opt/airflow/dags/airflow_code.py took 1.347 seconds
[2023-11-11T02:56:26.792+0000] {processor.py:157} INFO - Started process (PID=262) to work on /opt/airflow/dags/airflow_code.py
[2023-11-11T02:56:26.795+0000] {processor.py:829} INFO - Processing file /opt/airflow/dags/airflow_code.py for tasks to queue
[2023-11-11T02:56:26.796+0000] {logging_mixin.py:154} INFO - [2023-11-11T02:56:26.796+0000] {dagbag.py:536} INFO - Filling up the DagBag from /opt/airflow/dags/airflow_code.py
[2023-11-11T02:56:27.433+0000] {processor.py:839} INFO - DAG(s) dict_keys(['preprocessing_v1']) retrieved from /opt/airflow/dags/airflow_code.py
[2023-11-11T02:56:27.451+0000] {logging_mixin.py:154} INFO - [2023-11-11T02:56:27.451+0000] {dag.py:2941} INFO - Sync 1 DAGs
[2023-11-11T02:56:27.464+0000] {logging_mixin.py:154} INFO - [2023-11-11T02:56:27.464+0000] {dag.py:3722} INFO - Setting next_dagrun for preprocessing_v1 to 2023-11-08T00:00:00+00:00, run_after=2023-11-09T00:00:00+00:00
[2023-11-11T02:56:27.472+0000] {processor.py:179} INFO - Processing /opt/airflow/dags/airflow_code.py took 0.686 seconds
[2023-11-11T02:56:57.791+0000] {processor.py:157} INFO - Started process (PID=284) to work on /opt/airflow/dags/airflow_code.py
[2023-11-11T02:56:57.793+0000] {processor.py:829} INFO - Processing file /opt/airflow/dags/airflow_code.py for tasks to queue
[2023-11-11T02:56:57.794+0000] {logging_mixin.py:154} INFO - [2023-11-11T02:56:57.794+0000] {dagbag.py:536} INFO - Filling up the DagBag from /opt/airflow/dags/airflow_code.py
[2023-11-11T02:56:58.484+0000] {processor.py:839} INFO - DAG(s) dict_keys(['preprocessing_v1']) retrieved from /opt/airflow/dags/airflow_code.py
[2023-11-11T02:56:58.500+0000] {logging_mixin.py:154} INFO - [2023-11-11T02:56:58.499+0000] {dag.py:2941} INFO - Sync 1 DAGs
[2023-11-11T02:56:58.511+0000] {logging_mixin.py:154} INFO - [2023-11-11T02:56:58.510+0000] {dag.py:3722} INFO - Setting next_dagrun for preprocessing_v1 to 2023-11-08T00:00:00+00:00, run_after=2023-11-09T00:00:00+00:00
[2023-11-11T02:56:58.519+0000] {processor.py:179} INFO - Processing /opt/airflow/dags/airflow_code.py took 0.732 seconds
[2023-11-11T02:57:28.982+0000] {processor.py:157} INFO - Started process (PID=306) to work on /opt/airflow/dags/airflow_code.py
[2023-11-11T02:57:28.984+0000] {processor.py:829} INFO - Processing file /opt/airflow/dags/airflow_code.py for tasks to queue
[2023-11-11T02:57:28.985+0000] {logging_mixin.py:154} INFO - [2023-11-11T02:57:28.985+0000] {dagbag.py:536} INFO - Filling up the DagBag from /opt/airflow/dags/airflow_code.py
[2023-11-11T02:57:29.622+0000] {processor.py:839} INFO - DAG(s) dict_keys(['preprocessing_v1']) retrieved from /opt/airflow/dags/airflow_code.py
[2023-11-11T02:57:29.638+0000] {logging_mixin.py:154} INFO - [2023-11-11T02:57:29.637+0000] {dag.py:2941} INFO - Sync 1 DAGs
[2023-11-11T02:57:29.648+0000] {logging_mixin.py:154} INFO - [2023-11-11T02:57:29.648+0000] {dag.py:3722} INFO - Setting next_dagrun for preprocessing_v1 to 2023-11-08T00:00:00+00:00, run_after=2023-11-09T00:00:00+00:00
[2023-11-11T02:57:29.656+0000] {processor.py:179} INFO - Processing /opt/airflow/dags/airflow_code.py took 0.682 seconds
[2023-11-11T02:58:00.036+0000] {processor.py:157} INFO - Started process (PID=328) to work on /opt/airflow/dags/airflow_code.py
[2023-11-11T02:58:00.038+0000] {processor.py:829} INFO - Processing file /opt/airflow/dags/airflow_code.py for tasks to queue
[2023-11-11T02:58:00.039+0000] {logging_mixin.py:154} INFO - [2023-11-11T02:58:00.039+0000] {dagbag.py:536} INFO - Filling up the DagBag from /opt/airflow/dags/airflow_code.py
[2023-11-11T02:58:00.730+0000] {processor.py:839} INFO - DAG(s) dict_keys(['preprocessing_v1']) retrieved from /opt/airflow/dags/airflow_code.py
[2023-11-11T02:58:00.751+0000] {logging_mixin.py:154} INFO - [2023-11-11T02:58:00.750+0000] {dag.py:2941} INFO - Sync 1 DAGs
[2023-11-11T02:58:00.764+0000] {logging_mixin.py:154} INFO - [2023-11-11T02:58:00.764+0000] {dag.py:3722} INFO - Setting next_dagrun for preprocessing_v1 to 2023-11-08T00:00:00+00:00, run_after=2023-11-09T00:00:00+00:00
[2023-11-11T02:58:00.774+0000] {processor.py:179} INFO - Processing /opt/airflow/dags/airflow_code.py took 0.741 seconds
[2023-11-11T02:58:31.181+0000] {processor.py:157} INFO - Started process (PID=350) to work on /opt/airflow/dags/airflow_code.py
[2023-11-11T02:58:31.183+0000] {processor.py:829} INFO - Processing file /opt/airflow/dags/airflow_code.py for tasks to queue
[2023-11-11T02:58:31.185+0000] {logging_mixin.py:154} INFO - [2023-11-11T02:58:31.184+0000] {dagbag.py:536} INFO - Filling up the DagBag from /opt/airflow/dags/airflow_code.py
[2023-11-11T02:58:31.802+0000] {processor.py:839} INFO - DAG(s) dict_keys(['preprocessing_v1']) retrieved from /opt/airflow/dags/airflow_code.py
[2023-11-11T02:58:31.827+0000] {logging_mixin.py:154} INFO - [2023-11-11T02:58:31.827+0000] {dag.py:2941} INFO - Sync 1 DAGs
[2023-11-11T02:58:31.842+0000] {logging_mixin.py:154} INFO - [2023-11-11T02:58:31.842+0000] {dag.py:3722} INFO - Setting next_dagrun for preprocessing_v1 to 2023-11-08T00:00:00+00:00, run_after=2023-11-09T00:00:00+00:00
[2023-11-11T02:58:31.856+0000] {processor.py:179} INFO - Processing /opt/airflow/dags/airflow_code.py took 0.682 seconds
[2023-11-11T02:59:02.251+0000] {processor.py:157} INFO - Started process (PID=372) to work on /opt/airflow/dags/airflow_code.py
[2023-11-11T02:59:02.254+0000] {processor.py:829} INFO - Processing file /opt/airflow/dags/airflow_code.py for tasks to queue
[2023-11-11T02:59:02.255+0000] {logging_mixin.py:154} INFO - [2023-11-11T02:59:02.254+0000] {dagbag.py:536} INFO - Filling up the DagBag from /opt/airflow/dags/airflow_code.py
[2023-11-11T02:59:02.930+0000] {processor.py:839} INFO - DAG(s) dict_keys(['preprocessing_v1']) retrieved from /opt/airflow/dags/airflow_code.py
[2023-11-11T02:59:02.953+0000] {logging_mixin.py:154} INFO - [2023-11-11T02:59:02.952+0000] {dag.py:2941} INFO - Sync 1 DAGs
[2023-11-11T02:59:02.970+0000] {logging_mixin.py:154} INFO - [2023-11-11T02:59:02.970+0000] {dag.py:3722} INFO - Setting next_dagrun for preprocessing_v1 to 2023-11-08T00:00:00+00:00, run_after=2023-11-09T00:00:00+00:00
[2023-11-11T02:59:02.980+0000] {processor.py:179} INFO - Processing /opt/airflow/dags/airflow_code.py took 0.734 seconds
[2023-11-11T02:59:33.054+0000] {processor.py:157} INFO - Started process (PID=394) to work on /opt/airflow/dags/airflow_code.py
[2023-11-11T02:59:33.056+0000] {processor.py:829} INFO - Processing file /opt/airflow/dags/airflow_code.py for tasks to queue
[2023-11-11T02:59:33.057+0000] {logging_mixin.py:154} INFO - [2023-11-11T02:59:33.056+0000] {dagbag.py:536} INFO - Filling up the DagBag from /opt/airflow/dags/airflow_code.py
[2023-11-11T02:59:33.633+0000] {processor.py:839} INFO - DAG(s) dict_keys(['preprocessing_v1']) retrieved from /opt/airflow/dags/airflow_code.py
[2023-11-11T02:59:33.649+0000] {logging_mixin.py:154} INFO - [2023-11-11T02:59:33.648+0000] {dag.py:2941} INFO - Sync 1 DAGs
[2023-11-11T02:59:33.660+0000] {logging_mixin.py:154} INFO - [2023-11-11T02:59:33.660+0000] {dag.py:3722} INFO - Setting next_dagrun for preprocessing_v1 to 2023-11-08T00:00:00+00:00, run_after=2023-11-09T00:00:00+00:00
[2023-11-11T02:59:33.668+0000] {processor.py:179} INFO - Processing /opt/airflow/dags/airflow_code.py took 0.617 seconds
[2023-11-11T03:00:03.715+0000] {processor.py:157} INFO - Started process (PID=416) to work on /opt/airflow/dags/airflow_code.py
[2023-11-11T03:00:03.718+0000] {processor.py:829} INFO - Processing file /opt/airflow/dags/airflow_code.py for tasks to queue
[2023-11-11T03:00:03.720+0000] {logging_mixin.py:154} INFO - [2023-11-11T03:00:03.719+0000] {dagbag.py:536} INFO - Filling up the DagBag from /opt/airflow/dags/airflow_code.py
[2023-11-11T03:00:04.413+0000] {processor.py:839} INFO - DAG(s) dict_keys(['preprocessing_v1']) retrieved from /opt/airflow/dags/airflow_code.py
[2023-11-11T03:00:04.442+0000] {logging_mixin.py:154} INFO - [2023-11-11T03:00:04.440+0000] {dag.py:2941} INFO - Sync 1 DAGs
[2023-11-11T03:00:04.458+0000] {logging_mixin.py:154} INFO - [2023-11-11T03:00:04.458+0000] {dag.py:3722} INFO - Setting next_dagrun for preprocessing_v1 to 2023-11-08T00:00:00+00:00, run_after=2023-11-09T00:00:00+00:00
[2023-11-11T03:00:04.467+0000] {processor.py:179} INFO - Processing /opt/airflow/dags/airflow_code.py took 0.758 seconds
[2023-11-11T03:00:34.884+0000] {processor.py:157} INFO - Started process (PID=438) to work on /opt/airflow/dags/airflow_code.py
[2023-11-11T03:00:34.887+0000] {processor.py:829} INFO - Processing file /opt/airflow/dags/airflow_code.py for tasks to queue
[2023-11-11T03:00:34.889+0000] {logging_mixin.py:154} INFO - [2023-11-11T03:00:34.888+0000] {dagbag.py:536} INFO - Filling up the DagBag from /opt/airflow/dags/airflow_code.py
[2023-11-11T03:00:35.673+0000] {processor.py:839} INFO - DAG(s) dict_keys(['preprocessing_v1']) retrieved from /opt/airflow/dags/airflow_code.py
[2023-11-11T03:00:35.693+0000] {logging_mixin.py:154} INFO - [2023-11-11T03:00:35.693+0000] {dag.py:2941} INFO - Sync 1 DAGs
[2023-11-11T03:00:35.705+0000] {logging_mixin.py:154} INFO - [2023-11-11T03:00:35.705+0000] {dag.py:3722} INFO - Setting next_dagrun for preprocessing_v1 to 2023-11-08T00:00:00+00:00, run_after=2023-11-09T00:00:00+00:00
[2023-11-11T03:00:35.714+0000] {processor.py:179} INFO - Processing /opt/airflow/dags/airflow_code.py took 0.836 seconds
[2023-11-11T03:01:05.998+0000] {processor.py:157} INFO - Started process (PID=460) to work on /opt/airflow/dags/airflow_code.py
[2023-11-11T03:01:06.001+0000] {processor.py:829} INFO - Processing file /opt/airflow/dags/airflow_code.py for tasks to queue
[2023-11-11T03:01:06.003+0000] {logging_mixin.py:154} INFO - [2023-11-11T03:01:06.002+0000] {dagbag.py:536} INFO - Filling up the DagBag from /opt/airflow/dags/airflow_code.py
[2023-11-11T03:01:06.669+0000] {processor.py:839} INFO - DAG(s) dict_keys(['preprocessing_v1']) retrieved from /opt/airflow/dags/airflow_code.py
[2023-11-11T03:01:06.687+0000] {logging_mixin.py:154} INFO - [2023-11-11T03:01:06.687+0000] {dag.py:2941} INFO - Sync 1 DAGs
[2023-11-11T03:01:06.699+0000] {logging_mixin.py:154} INFO - [2023-11-11T03:01:06.699+0000] {dag.py:3722} INFO - Setting next_dagrun for preprocessing_v1 to 2023-11-08T00:00:00+00:00, run_after=2023-11-09T00:00:00+00:00
[2023-11-11T03:01:06.711+0000] {processor.py:179} INFO - Processing /opt/airflow/dags/airflow_code.py took 0.717 seconds
[2023-11-11T03:01:37.115+0000] {processor.py:157} INFO - Started process (PID=482) to work on /opt/airflow/dags/airflow_code.py
[2023-11-11T03:01:37.117+0000] {processor.py:829} INFO - Processing file /opt/airflow/dags/airflow_code.py for tasks to queue
[2023-11-11T03:01:37.118+0000] {logging_mixin.py:154} INFO - [2023-11-11T03:01:37.118+0000] {dagbag.py:536} INFO - Filling up the DagBag from /opt/airflow/dags/airflow_code.py
[2023-11-11T03:01:37.753+0000] {processor.py:839} INFO - DAG(s) dict_keys(['preprocessing_v1']) retrieved from /opt/airflow/dags/airflow_code.py
[2023-11-11T03:01:37.770+0000] {logging_mixin.py:154} INFO - [2023-11-11T03:01:37.770+0000] {dag.py:2941} INFO - Sync 1 DAGs
[2023-11-11T03:01:37.781+0000] {logging_mixin.py:154} INFO - [2023-11-11T03:01:37.781+0000] {dag.py:3722} INFO - Setting next_dagrun for preprocessing_v1 to 2023-11-08T00:00:00+00:00, run_after=2023-11-09T00:00:00+00:00
[2023-11-11T03:01:37.791+0000] {processor.py:179} INFO - Processing /opt/airflow/dags/airflow_code.py took 0.682 seconds
[2023-11-11T03:02:08.189+0000] {processor.py:157} INFO - Started process (PID=504) to work on /opt/airflow/dags/airflow_code.py
[2023-11-11T03:02:08.191+0000] {processor.py:829} INFO - Processing file /opt/airflow/dags/airflow_code.py for tasks to queue
[2023-11-11T03:02:08.192+0000] {logging_mixin.py:154} INFO - [2023-11-11T03:02:08.192+0000] {dagbag.py:536} INFO - Filling up the DagBag from /opt/airflow/dags/airflow_code.py
[2023-11-11T03:02:08.809+0000] {processor.py:839} INFO - DAG(s) dict_keys(['preprocessing_v1']) retrieved from /opt/airflow/dags/airflow_code.py
[2023-11-11T03:02:08.824+0000] {logging_mixin.py:154} INFO - [2023-11-11T03:02:08.823+0000] {dag.py:2941} INFO - Sync 1 DAGs
[2023-11-11T03:02:08.835+0000] {logging_mixin.py:154} INFO - [2023-11-11T03:02:08.835+0000] {dag.py:3722} INFO - Setting next_dagrun for preprocessing_v1 to 2023-11-08T00:00:00+00:00, run_after=2023-11-09T00:00:00+00:00
[2023-11-11T03:02:08.843+0000] {processor.py:179} INFO - Processing /opt/airflow/dags/airflow_code.py took 0.660 seconds
[2023-11-11T03:02:39.189+0000] {processor.py:157} INFO - Started process (PID=526) to work on /opt/airflow/dags/airflow_code.py
[2023-11-11T03:02:39.190+0000] {processor.py:829} INFO - Processing file /opt/airflow/dags/airflow_code.py for tasks to queue
[2023-11-11T03:02:39.191+0000] {logging_mixin.py:154} INFO - [2023-11-11T03:02:39.191+0000] {dagbag.py:536} INFO - Filling up the DagBag from /opt/airflow/dags/airflow_code.py
[2023-11-11T03:02:39.772+0000] {processor.py:839} INFO - DAG(s) dict_keys(['preprocessing_v1']) retrieved from /opt/airflow/dags/airflow_code.py
[2023-11-11T03:02:39.787+0000] {logging_mixin.py:154} INFO - [2023-11-11T03:02:39.786+0000] {dag.py:2941} INFO - Sync 1 DAGs
[2023-11-11T03:02:39.797+0000] {logging_mixin.py:154} INFO - [2023-11-11T03:02:39.797+0000] {dag.py:3722} INFO - Setting next_dagrun for preprocessing_v1 to 2023-11-08T00:00:00+00:00, run_after=2023-11-09T00:00:00+00:00
[2023-11-11T03:02:39.806+0000] {processor.py:179} INFO - Processing /opt/airflow/dags/airflow_code.py took 0.621 seconds
[2023-11-11T03:03:46.913+0000] {processor.py:157} INFO - Started process (PID=170) to work on /opt/airflow/dags/airflow_code.py
[2023-11-11T03:03:46.915+0000] {processor.py:829} INFO - Processing file /opt/airflow/dags/airflow_code.py for tasks to queue
[2023-11-11T03:03:46.915+0000] {logging_mixin.py:154} INFO - [2023-11-11T03:03:46.915+0000] {dagbag.py:536} INFO - Filling up the DagBag from /opt/airflow/dags/airflow_code.py
[2023-11-11T03:03:47.634+0000] {logging_mixin.py:154} INFO - [2023-11-11T03:03:47.632+0000] {dagbag.py:346} ERROR - Failed to import: /opt/airflow/dags/airflow_code.py
Traceback (most recent call last):
  File "/home/airflow/.local/lib/python3.8/site-packages/airflow/models/dagbag.py", line 342, in parse
    loader.exec_module(new_module)
  File "<frozen importlib._bootstrap_external>", line 843, in exec_module
  File "<frozen importlib._bootstrap>", line 219, in _call_with_frames_removed
  File "/opt/airflow/dags/airflow_code.py", line 11, in <module>
    from src.datapreprocessing import split_dataset, checking_NaN, data_stats, scaling, outlier_elimination
  File "/opt/airflow/dags/src/datapreprocessing.py", line 9, in <module>
    from sklearn.model_selection import train_test_split
ModuleNotFoundError: No module named 'sklearn'
[2023-11-11T03:03:47.634+0000] {processor.py:841} WARNING - No viable dags retrieved from /opt/airflow/dags/airflow_code.py
[2023-11-11T03:03:47.645+0000] {processor.py:179} INFO - Processing /opt/airflow/dags/airflow_code.py took 0.735 seconds
[2023-11-11T03:04:17.856+0000] {processor.py:157} INFO - Started process (PID=183) to work on /opt/airflow/dags/airflow_code.py
[2023-11-11T03:04:17.858+0000] {processor.py:829} INFO - Processing file /opt/airflow/dags/airflow_code.py for tasks to queue
[2023-11-11T03:04:17.859+0000] {logging_mixin.py:154} INFO - [2023-11-11T03:04:17.859+0000] {dagbag.py:536} INFO - Filling up the DagBag from /opt/airflow/dags/airflow_code.py
[2023-11-11T03:04:18.246+0000] {logging_mixin.py:154} INFO - [2023-11-11T03:04:18.244+0000] {dagbag.py:346} ERROR - Failed to import: /opt/airflow/dags/airflow_code.py
Traceback (most recent call last):
  File "/home/airflow/.local/lib/python3.8/site-packages/airflow/models/dagbag.py", line 342, in parse
    loader.exec_module(new_module)
  File "<frozen importlib._bootstrap_external>", line 843, in exec_module
  File "<frozen importlib._bootstrap>", line 219, in _call_with_frames_removed
  File "/opt/airflow/dags/airflow_code.py", line 11, in <module>
    from src.datapreprocessing import split_dataset, checking_NaN, data_stats, scaling, outlier_elimination
  File "/opt/airflow/dags/src/datapreprocessing.py", line 9, in <module>
    from sklearn.model_selection import train_test_split
ModuleNotFoundError: No module named 'sklearn'
[2023-11-11T03:04:18.246+0000] {processor.py:841} WARNING - No viable dags retrieved from /opt/airflow/dags/airflow_code.py
[2023-11-11T03:04:18.258+0000] {processor.py:179} INFO - Processing /opt/airflow/dags/airflow_code.py took 0.406 seconds
[2023-11-11T03:04:48.376+0000] {processor.py:157} INFO - Started process (PID=196) to work on /opt/airflow/dags/airflow_code.py
[2023-11-11T03:04:48.378+0000] {processor.py:829} INFO - Processing file /opt/airflow/dags/airflow_code.py for tasks to queue
[2023-11-11T03:04:48.379+0000] {logging_mixin.py:154} INFO - [2023-11-11T03:04:48.378+0000] {dagbag.py:536} INFO - Filling up the DagBag from /opt/airflow/dags/airflow_code.py
[2023-11-11T03:04:48.759+0000] {logging_mixin.py:154} INFO - [2023-11-11T03:04:48.757+0000] {dagbag.py:346} ERROR - Failed to import: /opt/airflow/dags/airflow_code.py
Traceback (most recent call last):
  File "/home/airflow/.local/lib/python3.8/site-packages/airflow/models/dagbag.py", line 342, in parse
    loader.exec_module(new_module)
  File "<frozen importlib._bootstrap_external>", line 843, in exec_module
  File "<frozen importlib._bootstrap>", line 219, in _call_with_frames_removed
  File "/opt/airflow/dags/airflow_code.py", line 11, in <module>
    from src.datapreprocessing import split_dataset, checking_NaN, data_stats, scaling, outlier_elimination
  File "/opt/airflow/dags/src/datapreprocessing.py", line 9, in <module>
    from sklearn.model_selection import train_test_split
ModuleNotFoundError: No module named 'sklearn'
[2023-11-11T03:04:48.760+0000] {processor.py:841} WARNING - No viable dags retrieved from /opt/airflow/dags/airflow_code.py
[2023-11-11T03:04:48.771+0000] {processor.py:179} INFO - Processing /opt/airflow/dags/airflow_code.py took 0.398 seconds
[2023-11-11T03:05:19.145+0000] {processor.py:157} INFO - Started process (PID=209) to work on /opt/airflow/dags/airflow_code.py
[2023-11-11T03:05:19.149+0000] {processor.py:829} INFO - Processing file /opt/airflow/dags/airflow_code.py for tasks to queue
[2023-11-11T03:05:19.151+0000] {logging_mixin.py:154} INFO - [2023-11-11T03:05:19.150+0000] {dagbag.py:536} INFO - Filling up the DagBag from /opt/airflow/dags/airflow_code.py
[2023-11-11T03:05:19.515+0000] {logging_mixin.py:154} INFO - [2023-11-11T03:05:19.513+0000] {dagbag.py:346} ERROR - Failed to import: /opt/airflow/dags/airflow_code.py
Traceback (most recent call last):
  File "/home/airflow/.local/lib/python3.8/site-packages/airflow/models/dagbag.py", line 342, in parse
    loader.exec_module(new_module)
  File "<frozen importlib._bootstrap_external>", line 843, in exec_module
  File "<frozen importlib._bootstrap>", line 219, in _call_with_frames_removed
  File "/opt/airflow/dags/airflow_code.py", line 11, in <module>
    from src.datapreprocessing import split_dataset, checking_NaN, data_stats, scaling, outlier_elimination
  File "/opt/airflow/dags/src/datapreprocessing.py", line 9, in <module>
    from sklearn.model_selection import train_test_split
ModuleNotFoundError: No module named 'sklearn'
[2023-11-11T03:05:19.515+0000] {processor.py:841} WARNING - No viable dags retrieved from /opt/airflow/dags/airflow_code.py
[2023-11-11T03:05:19.529+0000] {processor.py:179} INFO - Processing /opt/airflow/dags/airflow_code.py took 0.391 seconds
[2023-11-11T03:05:49.863+0000] {processor.py:157} INFO - Started process (PID=222) to work on /opt/airflow/dags/airflow_code.py
[2023-11-11T03:05:49.865+0000] {processor.py:829} INFO - Processing file /opt/airflow/dags/airflow_code.py for tasks to queue
[2023-11-11T03:05:49.866+0000] {logging_mixin.py:154} INFO - [2023-11-11T03:05:49.866+0000] {dagbag.py:536} INFO - Filling up the DagBag from /opt/airflow/dags/airflow_code.py
[2023-11-11T03:05:50.211+0000] {logging_mixin.py:154} INFO - [2023-11-11T03:05:50.209+0000] {dagbag.py:346} ERROR - Failed to import: /opt/airflow/dags/airflow_code.py
Traceback (most recent call last):
  File "/home/airflow/.local/lib/python3.8/site-packages/airflow/models/dagbag.py", line 342, in parse
    loader.exec_module(new_module)
  File "<frozen importlib._bootstrap_external>", line 843, in exec_module
  File "<frozen importlib._bootstrap>", line 219, in _call_with_frames_removed
  File "/opt/airflow/dags/airflow_code.py", line 11, in <module>
    from src.datapreprocessing import split_dataset, checking_NaN, data_stats, scaling, outlier_elimination
  File "/opt/airflow/dags/src/datapreprocessing.py", line 9, in <module>
    from sklearn.model_selection import train_test_split
ModuleNotFoundError: No module named 'sklearn'
[2023-11-11T03:05:50.211+0000] {processor.py:841} WARNING - No viable dags retrieved from /opt/airflow/dags/airflow_code.py
[2023-11-11T03:05:50.222+0000] {processor.py:179} INFO - Processing /opt/airflow/dags/airflow_code.py took 0.362 seconds
[2023-11-11T03:06:20.584+0000] {processor.py:157} INFO - Started process (PID=235) to work on /opt/airflow/dags/airflow_code.py
[2023-11-11T03:06:20.585+0000] {processor.py:829} INFO - Processing file /opt/airflow/dags/airflow_code.py for tasks to queue
[2023-11-11T03:06:20.586+0000] {logging_mixin.py:154} INFO - [2023-11-11T03:06:20.586+0000] {dagbag.py:536} INFO - Filling up the DagBag from /opt/airflow/dags/airflow_code.py
[2023-11-11T03:06:20.984+0000] {logging_mixin.py:154} INFO - [2023-11-11T03:06:20.982+0000] {dagbag.py:346} ERROR - Failed to import: /opt/airflow/dags/airflow_code.py
Traceback (most recent call last):
  File "/home/airflow/.local/lib/python3.8/site-packages/airflow/models/dagbag.py", line 342, in parse
    loader.exec_module(new_module)
  File "<frozen importlib._bootstrap_external>", line 843, in exec_module
  File "<frozen importlib._bootstrap>", line 219, in _call_with_frames_removed
  File "/opt/airflow/dags/airflow_code.py", line 11, in <module>
    from src.datapreprocessing import split_dataset, checking_NaN, data_stats, scaling, outlier_elimination
  File "/opt/airflow/dags/src/datapreprocessing.py", line 9, in <module>
    from sklearn.model_selection import train_test_split
ModuleNotFoundError: No module named 'sklearn'
[2023-11-11T03:06:20.984+0000] {processor.py:841} WARNING - No viable dags retrieved from /opt/airflow/dags/airflow_code.py
[2023-11-11T03:06:20.998+0000] {processor.py:179} INFO - Processing /opt/airflow/dags/airflow_code.py took 0.420 seconds
[2023-11-11T03:06:51.395+0000] {processor.py:157} INFO - Started process (PID=248) to work on /opt/airflow/dags/airflow_code.py
[2023-11-11T03:06:51.398+0000] {processor.py:829} INFO - Processing file /opt/airflow/dags/airflow_code.py for tasks to queue
[2023-11-11T03:06:51.400+0000] {logging_mixin.py:154} INFO - [2023-11-11T03:06:51.399+0000] {dagbag.py:536} INFO - Filling up the DagBag from /opt/airflow/dags/airflow_code.py
[2023-11-11T03:06:51.763+0000] {logging_mixin.py:154} INFO - [2023-11-11T03:06:51.762+0000] {dagbag.py:346} ERROR - Failed to import: /opt/airflow/dags/airflow_code.py
Traceback (most recent call last):
  File "/home/airflow/.local/lib/python3.8/site-packages/airflow/models/dagbag.py", line 342, in parse
    loader.exec_module(new_module)
  File "<frozen importlib._bootstrap_external>", line 843, in exec_module
  File "<frozen importlib._bootstrap>", line 219, in _call_with_frames_removed
  File "/opt/airflow/dags/airflow_code.py", line 11, in <module>
    from src.datapreprocessing import split_dataset, checking_NaN, data_stats, scaling, outlier_elimination
  File "/opt/airflow/dags/src/datapreprocessing.py", line 9, in <module>
    from sklearn.model_selection import train_test_split
ModuleNotFoundError: No module named 'sklearn'
[2023-11-11T03:06:51.764+0000] {processor.py:841} WARNING - No viable dags retrieved from /opt/airflow/dags/airflow_code.py
[2023-11-11T03:06:51.778+0000] {processor.py:179} INFO - Processing /opt/airflow/dags/airflow_code.py took 0.389 seconds
[2023-11-11T03:07:22.206+0000] {processor.py:157} INFO - Started process (PID=261) to work on /opt/airflow/dags/airflow_code.py
[2023-11-11T03:07:22.209+0000] {processor.py:829} INFO - Processing file /opt/airflow/dags/airflow_code.py for tasks to queue
[2023-11-11T03:07:22.210+0000] {logging_mixin.py:154} INFO - [2023-11-11T03:07:22.209+0000] {dagbag.py:536} INFO - Filling up the DagBag from /opt/airflow/dags/airflow_code.py
[2023-11-11T03:07:22.553+0000] {logging_mixin.py:154} INFO - [2023-11-11T03:07:22.551+0000] {dagbag.py:346} ERROR - Failed to import: /opt/airflow/dags/airflow_code.py
Traceback (most recent call last):
  File "/home/airflow/.local/lib/python3.8/site-packages/airflow/models/dagbag.py", line 342, in parse
    loader.exec_module(new_module)
  File "<frozen importlib._bootstrap_external>", line 843, in exec_module
  File "<frozen importlib._bootstrap>", line 219, in _call_with_frames_removed
  File "/opt/airflow/dags/airflow_code.py", line 11, in <module>
    from src.datapreprocessing import split_dataset, checking_NaN, data_stats, scaling, outlier_elimination
  File "/opt/airflow/dags/src/datapreprocessing.py", line 9, in <module>
    from sklearn.model_selection import train_test_split
ModuleNotFoundError: No module named 'sklearn'
[2023-11-11T03:07:22.553+0000] {processor.py:841} WARNING - No viable dags retrieved from /opt/airflow/dags/airflow_code.py
[2023-11-11T03:07:22.566+0000] {processor.py:179} INFO - Processing /opt/airflow/dags/airflow_code.py took 0.369 seconds
[2023-11-11T03:07:52.907+0000] {processor.py:157} INFO - Started process (PID=274) to work on /opt/airflow/dags/airflow_code.py
[2023-11-11T03:07:52.909+0000] {processor.py:829} INFO - Processing file /opt/airflow/dags/airflow_code.py for tasks to queue
[2023-11-11T03:07:52.910+0000] {logging_mixin.py:154} INFO - [2023-11-11T03:07:52.909+0000] {dagbag.py:536} INFO - Filling up the DagBag from /opt/airflow/dags/airflow_code.py
[2023-11-11T03:07:53.253+0000] {logging_mixin.py:154} INFO - [2023-11-11T03:07:53.252+0000] {dagbag.py:346} ERROR - Failed to import: /opt/airflow/dags/airflow_code.py
Traceback (most recent call last):
  File "/home/airflow/.local/lib/python3.8/site-packages/airflow/models/dagbag.py", line 342, in parse
    loader.exec_module(new_module)
  File "<frozen importlib._bootstrap_external>", line 843, in exec_module
  File "<frozen importlib._bootstrap>", line 219, in _call_with_frames_removed
  File "/opt/airflow/dags/airflow_code.py", line 11, in <module>
    from src.datapreprocessing import split_dataset, checking_NaN, data_stats, scaling, outlier_elimination
  File "/opt/airflow/dags/src/datapreprocessing.py", line 9, in <module>
    from sklearn.model_selection import train_test_split
ModuleNotFoundError: No module named 'sklearn'
[2023-11-11T03:07:53.255+0000] {processor.py:841} WARNING - No viable dags retrieved from /opt/airflow/dags/airflow_code.py
[2023-11-11T03:07:53.265+0000] {processor.py:179} INFO - Processing /opt/airflow/dags/airflow_code.py took 0.362 seconds
[2023-11-11T03:08:23.627+0000] {processor.py:157} INFO - Started process (PID=287) to work on /opt/airflow/dags/airflow_code.py
[2023-11-11T03:08:23.631+0000] {processor.py:829} INFO - Processing file /opt/airflow/dags/airflow_code.py for tasks to queue
[2023-11-11T03:08:23.633+0000] {logging_mixin.py:154} INFO - [2023-11-11T03:08:23.632+0000] {dagbag.py:536} INFO - Filling up the DagBag from /opt/airflow/dags/airflow_code.py
[2023-11-11T03:08:23.971+0000] {logging_mixin.py:154} INFO - [2023-11-11T03:08:23.969+0000] {dagbag.py:346} ERROR - Failed to import: /opt/airflow/dags/airflow_code.py
Traceback (most recent call last):
  File "/home/airflow/.local/lib/python3.8/site-packages/airflow/models/dagbag.py", line 342, in parse
    loader.exec_module(new_module)
  File "<frozen importlib._bootstrap_external>", line 843, in exec_module
  File "<frozen importlib._bootstrap>", line 219, in _call_with_frames_removed
  File "/opt/airflow/dags/airflow_code.py", line 11, in <module>
    from src.datapreprocessing import split_dataset, checking_NaN, data_stats, scaling, outlier_elimination
  File "/opt/airflow/dags/src/datapreprocessing.py", line 9, in <module>
    from sklearn.model_selection import train_test_split
ModuleNotFoundError: No module named 'sklearn'
[2023-11-11T03:08:23.971+0000] {processor.py:841} WARNING - No viable dags retrieved from /opt/airflow/dags/airflow_code.py
[2023-11-11T03:08:23.982+0000] {processor.py:179} INFO - Processing /opt/airflow/dags/airflow_code.py took 0.362 seconds
[2023-11-11T03:08:54.056+0000] {processor.py:157} INFO - Started process (PID=300) to work on /opt/airflow/dags/airflow_code.py
[2023-11-11T03:08:54.060+0000] {processor.py:829} INFO - Processing file /opt/airflow/dags/airflow_code.py for tasks to queue
[2023-11-11T03:08:54.061+0000] {logging_mixin.py:154} INFO - [2023-11-11T03:08:54.060+0000] {dagbag.py:536} INFO - Filling up the DagBag from /opt/airflow/dags/airflow_code.py
[2023-11-11T03:08:54.402+0000] {logging_mixin.py:154} INFO - [2023-11-11T03:08:54.400+0000] {dagbag.py:346} ERROR - Failed to import: /opt/airflow/dags/airflow_code.py
Traceback (most recent call last):
  File "/home/airflow/.local/lib/python3.8/site-packages/airflow/models/dagbag.py", line 342, in parse
    loader.exec_module(new_module)
  File "<frozen importlib._bootstrap_external>", line 843, in exec_module
  File "<frozen importlib._bootstrap>", line 219, in _call_with_frames_removed
  File "/opt/airflow/dags/airflow_code.py", line 11, in <module>
    from src.datapreprocessing import split_dataset, checking_NaN, data_stats, scaling, outlier_elimination
  File "/opt/airflow/dags/src/datapreprocessing.py", line 9, in <module>
    from sklearn.model_selection import train_test_split
ModuleNotFoundError: No module named 'sklearn'
[2023-11-11T03:08:54.402+0000] {processor.py:841} WARNING - No viable dags retrieved from /opt/airflow/dags/airflow_code.py
[2023-11-11T03:08:54.412+0000] {processor.py:179} INFO - Processing /opt/airflow/dags/airflow_code.py took 0.362 seconds
[2023-11-11T03:09:24.690+0000] {processor.py:157} INFO - Started process (PID=313) to work on /opt/airflow/dags/airflow_code.py
[2023-11-11T03:09:24.694+0000] {processor.py:829} INFO - Processing file /opt/airflow/dags/airflow_code.py for tasks to queue
[2023-11-11T03:09:24.694+0000] {logging_mixin.py:154} INFO - [2023-11-11T03:09:24.694+0000] {dagbag.py:536} INFO - Filling up the DagBag from /opt/airflow/dags/airflow_code.py
[2023-11-11T03:09:25.023+0000] {logging_mixin.py:154} INFO - [2023-11-11T03:09:25.021+0000] {dagbag.py:346} ERROR - Failed to import: /opt/airflow/dags/airflow_code.py
Traceback (most recent call last):
  File "/home/airflow/.local/lib/python3.8/site-packages/airflow/models/dagbag.py", line 342, in parse
    loader.exec_module(new_module)
  File "<frozen importlib._bootstrap_external>", line 843, in exec_module
  File "<frozen importlib._bootstrap>", line 219, in _call_with_frames_removed
  File "/opt/airflow/dags/airflow_code.py", line 11, in <module>
    from src.datapreprocessing import split_dataset, checking_NaN, data_stats, scaling, outlier_elimination
  File "/opt/airflow/dags/src/datapreprocessing.py", line 9, in <module>
    from sklearn.model_selection import train_test_split
ModuleNotFoundError: No module named 'sklearn'
[2023-11-11T03:09:25.024+0000] {processor.py:841} WARNING - No viable dags retrieved from /opt/airflow/dags/airflow_code.py
[2023-11-11T03:09:25.034+0000] {processor.py:179} INFO - Processing /opt/airflow/dags/airflow_code.py took 0.347 seconds
[2023-11-11T03:09:55.383+0000] {processor.py:157} INFO - Started process (PID=326) to work on /opt/airflow/dags/airflow_code.py
[2023-11-11T03:09:55.386+0000] {processor.py:829} INFO - Processing file /opt/airflow/dags/airflow_code.py for tasks to queue
[2023-11-11T03:09:55.387+0000] {logging_mixin.py:154} INFO - [2023-11-11T03:09:55.387+0000] {dagbag.py:536} INFO - Filling up the DagBag from /opt/airflow/dags/airflow_code.py
[2023-11-11T03:09:55.766+0000] {logging_mixin.py:154} INFO - [2023-11-11T03:09:55.764+0000] {dagbag.py:346} ERROR - Failed to import: /opt/airflow/dags/airflow_code.py
Traceback (most recent call last):
  File "/home/airflow/.local/lib/python3.8/site-packages/airflow/models/dagbag.py", line 342, in parse
    loader.exec_module(new_module)
  File "<frozen importlib._bootstrap_external>", line 843, in exec_module
  File "<frozen importlib._bootstrap>", line 219, in _call_with_frames_removed
  File "/opt/airflow/dags/airflow_code.py", line 11, in <module>
    from src.datapreprocessing import split_dataset, checking_NaN, data_stats, scaling, outlier_elimination
  File "/opt/airflow/dags/src/datapreprocessing.py", line 9, in <module>
    from sklearn.model_selection import train_test_split
ModuleNotFoundError: No module named 'sklearn'
[2023-11-11T03:09:55.766+0000] {processor.py:841} WARNING - No viable dags retrieved from /opt/airflow/dags/airflow_code.py
[2023-11-11T03:09:55.775+0000] {processor.py:179} INFO - Processing /opt/airflow/dags/airflow_code.py took 0.395 seconds
[2023-11-11T03:10:26.166+0000] {processor.py:157} INFO - Started process (PID=339) to work on /opt/airflow/dags/airflow_code.py
[2023-11-11T03:10:26.168+0000] {processor.py:829} INFO - Processing file /opt/airflow/dags/airflow_code.py for tasks to queue
[2023-11-11T03:10:26.169+0000] {logging_mixin.py:154} INFO - [2023-11-11T03:10:26.169+0000] {dagbag.py:536} INFO - Filling up the DagBag from /opt/airflow/dags/airflow_code.py
[2023-11-11T03:10:26.572+0000] {logging_mixin.py:154} INFO - [2023-11-11T03:10:26.571+0000] {dagbag.py:346} ERROR - Failed to import: /opt/airflow/dags/airflow_code.py
Traceback (most recent call last):
  File "/home/airflow/.local/lib/python3.8/site-packages/airflow/models/dagbag.py", line 342, in parse
    loader.exec_module(new_module)
  File "<frozen importlib._bootstrap_external>", line 843, in exec_module
  File "<frozen importlib._bootstrap>", line 219, in _call_with_frames_removed
  File "/opt/airflow/dags/airflow_code.py", line 11, in <module>
    from src.datapreprocessing import split_dataset, checking_NaN, data_stats, scaling, outlier_elimination
  File "/opt/airflow/dags/src/datapreprocessing.py", line 9, in <module>
    from sklearn.model_selection import train_test_split
ModuleNotFoundError: No module named 'sklearn'
[2023-11-11T03:10:26.573+0000] {processor.py:841} WARNING - No viable dags retrieved from /opt/airflow/dags/airflow_code.py
[2023-11-11T03:10:26.584+0000] {processor.py:179} INFO - Processing /opt/airflow/dags/airflow_code.py took 0.422 seconds
[2023-11-11T03:10:56.876+0000] {processor.py:157} INFO - Started process (PID=352) to work on /opt/airflow/dags/airflow_code.py
[2023-11-11T03:10:56.880+0000] {processor.py:829} INFO - Processing file /opt/airflow/dags/airflow_code.py for tasks to queue
[2023-11-11T03:10:56.881+0000] {logging_mixin.py:154} INFO - [2023-11-11T03:10:56.880+0000] {dagbag.py:536} INFO - Filling up the DagBag from /opt/airflow/dags/airflow_code.py
[2023-11-11T03:10:57.263+0000] {logging_mixin.py:154} INFO - [2023-11-11T03:10:57.261+0000] {dagbag.py:346} ERROR - Failed to import: /opt/airflow/dags/airflow_code.py
Traceback (most recent call last):
  File "/home/airflow/.local/lib/python3.8/site-packages/airflow/models/dagbag.py", line 342, in parse
    loader.exec_module(new_module)
  File "<frozen importlib._bootstrap_external>", line 843, in exec_module
  File "<frozen importlib._bootstrap>", line 219, in _call_with_frames_removed
  File "/opt/airflow/dags/airflow_code.py", line 11, in <module>
    from src.datapreprocessing import split_dataset, checking_NaN, data_stats, scaling, outlier_elimination
  File "/opt/airflow/dags/src/datapreprocessing.py", line 9, in <module>
    from sklearn.model_selection import train_test_split
ModuleNotFoundError: No module named 'sklearn'
[2023-11-11T03:10:57.263+0000] {processor.py:841} WARNING - No viable dags retrieved from /opt/airflow/dags/airflow_code.py
[2023-11-11T03:10:57.274+0000] {processor.py:179} INFO - Processing /opt/airflow/dags/airflow_code.py took 0.402 seconds
[2023-11-11T03:20:47.796+0000] {processor.py:157} INFO - Started process (PID=169) to work on /opt/airflow/dags/airflow_code.py
[2023-11-11T03:20:47.798+0000] {processor.py:829} INFO - Processing file /opt/airflow/dags/airflow_code.py for tasks to queue
[2023-11-11T03:20:47.799+0000] {logging_mixin.py:154} INFO - [2023-11-11T03:20:47.799+0000] {dagbag.py:536} INFO - Filling up the DagBag from /opt/airflow/dags/airflow_code.py
[2023-11-11T03:20:48.876+0000] {processor.py:839} INFO - DAG(s) dict_keys(['preprocessing_v1']) retrieved from /opt/airflow/dags/airflow_code.py
[2023-11-11T03:20:48.982+0000] {logging_mixin.py:154} INFO - [2023-11-11T03:20:48.982+0000] {manager.py:499} INFO - Created Permission View: %s
[2023-11-11T03:20:48.987+0000] {logging_mixin.py:154} INFO - [2023-11-11T03:20:48.987+0000] {manager.py:499} INFO - Created Permission View: %s
[2023-11-11T03:20:48.989+0000] {logging_mixin.py:154} INFO - [2023-11-11T03:20:48.989+0000] {manager.py:499} INFO - Created Permission View: %s
[2023-11-11T03:20:48.990+0000] {logging_mixin.py:154} INFO - [2023-11-11T03:20:48.990+0000] {dag.py:2941} INFO - Sync 1 DAGs
[2023-11-11T03:20:48.995+0000] {logging_mixin.py:154} INFO - [2023-11-11T03:20:48.995+0000] {dag.py:2963} INFO - Creating ORM DAG for preprocessing_v1
[2023-11-11T03:20:49.000+0000] {logging_mixin.py:154} INFO - [2023-11-11T03:20:49.000+0000] {dag.py:3722} INFO - Setting next_dagrun for preprocessing_v1 to 2023-11-08T00:00:00+00:00, run_after=2023-11-09T00:00:00+00:00
[2023-11-11T03:20:49.009+0000] {processor.py:179} INFO - Processing /opt/airflow/dags/airflow_code.py took 1.216 seconds
[2023-11-11T03:21:19.143+0000] {processor.py:157} INFO - Started process (PID=192) to work on /opt/airflow/dags/airflow_code.py
[2023-11-11T03:21:19.145+0000] {processor.py:829} INFO - Processing file /opt/airflow/dags/airflow_code.py for tasks to queue
[2023-11-11T03:21:19.146+0000] {logging_mixin.py:154} INFO - [2023-11-11T03:21:19.146+0000] {dagbag.py:536} INFO - Filling up the DagBag from /opt/airflow/dags/airflow_code.py
[2023-11-11T03:21:19.865+0000] {processor.py:839} INFO - DAG(s) dict_keys(['preprocessing_v1']) retrieved from /opt/airflow/dags/airflow_code.py
[2023-11-11T03:21:19.886+0000] {logging_mixin.py:154} INFO - [2023-11-11T03:21:19.886+0000] {dag.py:2941} INFO - Sync 1 DAGs
[2023-11-11T03:21:19.900+0000] {logging_mixin.py:154} INFO - [2023-11-11T03:21:19.900+0000] {dag.py:3722} INFO - Setting next_dagrun for preprocessing_v1 to 2023-11-08T00:00:00+00:00, run_after=2023-11-09T00:00:00+00:00
[2023-11-11T03:21:19.910+0000] {processor.py:179} INFO - Processing /opt/airflow/dags/airflow_code.py took 0.770 seconds
[2023-11-11T03:21:50.236+0000] {processor.py:157} INFO - Started process (PID=214) to work on /opt/airflow/dags/airflow_code.py
[2023-11-11T03:21:50.240+0000] {processor.py:829} INFO - Processing file /opt/airflow/dags/airflow_code.py for tasks to queue
[2023-11-11T03:21:50.241+0000] {logging_mixin.py:154} INFO - [2023-11-11T03:21:50.241+0000] {dagbag.py:536} INFO - Filling up the DagBag from /opt/airflow/dags/airflow_code.py
[2023-11-11T03:21:50.951+0000] {processor.py:839} INFO - DAG(s) dict_keys(['preprocessing_v1']) retrieved from /opt/airflow/dags/airflow_code.py
[2023-11-11T03:21:50.983+0000] {logging_mixin.py:154} INFO - [2023-11-11T03:21:50.982+0000] {dag.py:2941} INFO - Sync 1 DAGs
[2023-11-11T03:21:50.998+0000] {logging_mixin.py:154} INFO - [2023-11-11T03:21:50.998+0000] {dag.py:3722} INFO - Setting next_dagrun for preprocessing_v1 to 2023-11-08T00:00:00+00:00, run_after=2023-11-09T00:00:00+00:00
[2023-11-11T03:21:51.012+0000] {processor.py:179} INFO - Processing /opt/airflow/dags/airflow_code.py took 0.781 seconds
[2023-11-11T03:22:21.321+0000] {processor.py:157} INFO - Started process (PID=236) to work on /opt/airflow/dags/airflow_code.py
[2023-11-11T03:22:21.325+0000] {processor.py:829} INFO - Processing file /opt/airflow/dags/airflow_code.py for tasks to queue
[2023-11-11T03:22:21.328+0000] {logging_mixin.py:154} INFO - [2023-11-11T03:22:21.327+0000] {dagbag.py:536} INFO - Filling up the DagBag from /opt/airflow/dags/airflow_code.py
[2023-11-11T03:22:21.946+0000] {processor.py:839} INFO - DAG(s) dict_keys(['preprocessing_v1']) retrieved from /opt/airflow/dags/airflow_code.py
[2023-11-11T03:22:21.963+0000] {logging_mixin.py:154} INFO - [2023-11-11T03:22:21.963+0000] {dag.py:2941} INFO - Sync 1 DAGs
[2023-11-11T03:22:21.976+0000] {logging_mixin.py:154} INFO - [2023-11-11T03:22:21.976+0000] {dag.py:3722} INFO - Setting next_dagrun for preprocessing_v1 to 2023-11-08T00:00:00+00:00, run_after=2023-11-09T00:00:00+00:00
[2023-11-11T03:22:21.985+0000] {processor.py:179} INFO - Processing /opt/airflow/dags/airflow_code.py took 0.668 seconds
[2023-11-11T03:22:52.269+0000] {processor.py:157} INFO - Started process (PID=258) to work on /opt/airflow/dags/airflow_code.py
[2023-11-11T03:22:52.274+0000] {processor.py:829} INFO - Processing file /opt/airflow/dags/airflow_code.py for tasks to queue
[2023-11-11T03:22:52.281+0000] {logging_mixin.py:154} INFO - [2023-11-11T03:22:52.280+0000] {dagbag.py:536} INFO - Filling up the DagBag from /opt/airflow/dags/airflow_code.py
[2023-11-11T03:22:53.633+0000] {processor.py:839} INFO - DAG(s) dict_keys(['preprocessing_v1']) retrieved from /opt/airflow/dags/airflow_code.py
[2023-11-11T03:22:53.666+0000] {logging_mixin.py:154} INFO - [2023-11-11T03:22:53.665+0000] {dag.py:2941} INFO - Sync 1 DAGs
[2023-11-11T03:22:53.682+0000] {logging_mixin.py:154} INFO - [2023-11-11T03:22:53.682+0000] {dag.py:3722} INFO - Setting next_dagrun for preprocessing_v1 to 2023-11-08T00:00:00+00:00, run_after=2023-11-09T00:00:00+00:00
[2023-11-11T03:22:53.696+0000] {processor.py:179} INFO - Processing /opt/airflow/dags/airflow_code.py took 1.437 seconds
[2023-11-11T03:23:23.930+0000] {processor.py:157} INFO - Started process (PID=280) to work on /opt/airflow/dags/airflow_code.py
[2023-11-11T03:23:23.937+0000] {processor.py:829} INFO - Processing file /opt/airflow/dags/airflow_code.py for tasks to queue
[2023-11-11T03:23:23.940+0000] {logging_mixin.py:154} INFO - [2023-11-11T03:23:23.939+0000] {dagbag.py:536} INFO - Filling up the DagBag from /opt/airflow/dags/airflow_code.py
[2023-11-11T03:23:25.617+0000] {processor.py:839} INFO - DAG(s) dict_keys(['preprocessing_v1']) retrieved from /opt/airflow/dags/airflow_code.py
[2023-11-11T03:23:25.666+0000] {logging_mixin.py:154} INFO - [2023-11-11T03:23:25.666+0000] {dag.py:2941} INFO - Sync 1 DAGs
[2023-11-11T03:23:25.689+0000] {logging_mixin.py:154} INFO - [2023-11-11T03:23:25.689+0000] {dag.py:3722} INFO - Setting next_dagrun for preprocessing_v1 to 2023-11-08T00:00:00+00:00, run_after=2023-11-09T00:00:00+00:00
[2023-11-11T03:23:25.816+0000] {processor.py:179} INFO - Processing /opt/airflow/dags/airflow_code.py took 1.904 seconds
[2023-11-11T03:23:56.163+0000] {processor.py:157} INFO - Started process (PID=302) to work on /opt/airflow/dags/airflow_code.py
[2023-11-11T03:23:56.168+0000] {processor.py:829} INFO - Processing file /opt/airflow/dags/airflow_code.py for tasks to queue
[2023-11-11T03:23:56.170+0000] {logging_mixin.py:154} INFO - [2023-11-11T03:23:56.169+0000] {dagbag.py:536} INFO - Filling up the DagBag from /opt/airflow/dags/airflow_code.py
[2023-11-11T03:23:57.053+0000] {processor.py:839} INFO - DAG(s) dict_keys(['preprocessing_v1']) retrieved from /opt/airflow/dags/airflow_code.py
[2023-11-11T03:23:57.071+0000] {logging_mixin.py:154} INFO - [2023-11-11T03:23:57.071+0000] {dag.py:2941} INFO - Sync 1 DAGs
[2023-11-11T03:23:57.082+0000] {logging_mixin.py:154} INFO - [2023-11-11T03:23:57.082+0000] {dag.py:3722} INFO - Setting next_dagrun for preprocessing_v1 to 2023-11-08T00:00:00+00:00, run_after=2023-11-09T00:00:00+00:00
[2023-11-11T03:23:57.091+0000] {processor.py:179} INFO - Processing /opt/airflow/dags/airflow_code.py took 0.931 seconds
[2023-11-11T03:24:27.520+0000] {processor.py:157} INFO - Started process (PID=389) to work on /opt/airflow/dags/airflow_code.py
[2023-11-11T03:24:27.522+0000] {processor.py:829} INFO - Processing file /opt/airflow/dags/airflow_code.py for tasks to queue
[2023-11-11T03:24:27.524+0000] {logging_mixin.py:154} INFO - [2023-11-11T03:24:27.523+0000] {dagbag.py:536} INFO - Filling up the DagBag from /opt/airflow/dags/airflow_code.py
[2023-11-11T03:24:52.685+0000] {processor.py:157} INFO - Started process (PID=169) to work on /opt/airflow/dags/airflow_code.py
[2023-11-11T03:24:52.685+0000] {processor.py:829} INFO - Processing file /opt/airflow/dags/airflow_code.py for tasks to queue
[2023-11-11T03:24:52.686+0000] {logging_mixin.py:154} INFO - [2023-11-11T03:24:52.686+0000] {dagbag.py:536} INFO - Filling up the DagBag from /opt/airflow/dags/airflow_code.py
[2023-11-11T03:24:53.765+0000] {processor.py:839} INFO - DAG(s) dict_keys(['preprocessing_v1']) retrieved from /opt/airflow/dags/airflow_code.py
[2023-11-11T03:24:53.889+0000] {logging_mixin.py:154} INFO - [2023-11-11T03:24:53.889+0000] {dag.py:2941} INFO - Sync 1 DAGs
[2023-11-11T03:24:53.900+0000] {logging_mixin.py:154} INFO - [2023-11-11T03:24:53.899+0000] {dag.py:3722} INFO - Setting next_dagrun for preprocessing_v1 to 2023-11-08T00:00:00+00:00, run_after=2023-11-09T00:00:00+00:00
[2023-11-11T03:24:53.911+0000] {processor.py:179} INFO - Processing /opt/airflow/dags/airflow_code.py took 1.229 seconds
[2023-11-11T03:25:24.169+0000] {processor.py:157} INFO - Started process (PID=288) to work on /opt/airflow/dags/airflow_code.py
[2023-11-11T03:25:24.170+0000] {processor.py:829} INFO - Processing file /opt/airflow/dags/airflow_code.py for tasks to queue
[2023-11-11T03:25:24.170+0000] {logging_mixin.py:154} INFO - [2023-11-11T03:25:24.170+0000] {dagbag.py:536} INFO - Filling up the DagBag from /opt/airflow/dags/airflow_code.py
[2023-11-11T03:25:24.741+0000] {processor.py:839} INFO - DAG(s) dict_keys(['preprocessing_v1']) retrieved from /opt/airflow/dags/airflow_code.py
[2023-11-11T03:25:24.758+0000] {logging_mixin.py:154} INFO - [2023-11-11T03:25:24.757+0000] {dag.py:2941} INFO - Sync 1 DAGs
[2023-11-11T03:25:24.771+0000] {logging_mixin.py:154} INFO - [2023-11-11T03:25:24.771+0000] {dag.py:3722} INFO - Setting next_dagrun for preprocessing_v1 to 2023-11-11T00:00:00+00:00, run_after=2023-11-12T00:00:00+00:00
[2023-11-11T03:25:24.781+0000] {processor.py:179} INFO - Processing /opt/airflow/dags/airflow_code.py took 0.614 seconds
[2023-11-11T03:25:55.050+0000] {processor.py:157} INFO - Started process (PID=454) to work on /opt/airflow/dags/airflow_code.py
[2023-11-11T03:25:55.053+0000] {processor.py:829} INFO - Processing file /opt/airflow/dags/airflow_code.py for tasks to queue
[2023-11-11T03:25:55.053+0000] {logging_mixin.py:154} INFO - [2023-11-11T03:25:55.053+0000] {dagbag.py:536} INFO - Filling up the DagBag from /opt/airflow/dags/airflow_code.py
[2023-11-11T03:25:55.581+0000] {processor.py:839} INFO - DAG(s) dict_keys(['preprocessing_v1']) retrieved from /opt/airflow/dags/airflow_code.py
[2023-11-11T03:25:55.596+0000] {logging_mixin.py:154} INFO - [2023-11-11T03:25:55.596+0000] {dag.py:2941} INFO - Sync 1 DAGs
[2023-11-11T03:25:55.608+0000] {logging_mixin.py:154} INFO - [2023-11-11T03:25:55.608+0000] {dag.py:3722} INFO - Setting next_dagrun for preprocessing_v1 to 2023-11-11T00:00:00+00:00, run_after=2023-11-12T00:00:00+00:00
[2023-11-11T03:25:55.617+0000] {processor.py:179} INFO - Processing /opt/airflow/dags/airflow_code.py took 0.571 seconds
[2023-11-11T03:26:25.875+0000] {processor.py:157} INFO - Started process (PID=476) to work on /opt/airflow/dags/airflow_code.py
[2023-11-11T03:26:25.878+0000] {processor.py:829} INFO - Processing file /opt/airflow/dags/airflow_code.py for tasks to queue
[2023-11-11T03:26:25.879+0000] {logging_mixin.py:154} INFO - [2023-11-11T03:26:25.879+0000] {dagbag.py:536} INFO - Filling up the DagBag from /opt/airflow/dags/airflow_code.py
[2023-11-11T03:26:26.366+0000] {processor.py:839} INFO - DAG(s) dict_keys(['preprocessing_v1']) retrieved from /opt/airflow/dags/airflow_code.py
[2023-11-11T03:26:26.378+0000] {logging_mixin.py:154} INFO - [2023-11-11T03:26:26.378+0000] {dag.py:2941} INFO - Sync 1 DAGs
[2023-11-11T03:26:26.388+0000] {logging_mixin.py:154} INFO - [2023-11-11T03:26:26.388+0000] {dag.py:3722} INFO - Setting next_dagrun for preprocessing_v1 to 2023-11-11T00:00:00+00:00, run_after=2023-11-12T00:00:00+00:00
[2023-11-11T03:26:26.397+0000] {processor.py:179} INFO - Processing /opt/airflow/dags/airflow_code.py took 0.527 seconds
[2023-11-11T03:26:56.740+0000] {processor.py:157} INFO - Started process (PID=498) to work on /opt/airflow/dags/airflow_code.py
[2023-11-11T03:26:56.742+0000] {processor.py:829} INFO - Processing file /opt/airflow/dags/airflow_code.py for tasks to queue
[2023-11-11T03:26:56.743+0000] {logging_mixin.py:154} INFO - [2023-11-11T03:26:56.743+0000] {dagbag.py:536} INFO - Filling up the DagBag from /opt/airflow/dags/airflow_code.py
[2023-11-11T03:26:57.327+0000] {processor.py:839} INFO - DAG(s) dict_keys(['preprocessing_v1']) retrieved from /opt/airflow/dags/airflow_code.py
[2023-11-11T03:26:57.341+0000] {logging_mixin.py:154} INFO - [2023-11-11T03:26:57.341+0000] {dag.py:2941} INFO - Sync 1 DAGs
[2023-11-11T03:26:57.355+0000] {logging_mixin.py:154} INFO - [2023-11-11T03:26:57.354+0000] {dag.py:3722} INFO - Setting next_dagrun for preprocessing_v1 to 2023-11-11T00:00:00+00:00, run_after=2023-11-12T00:00:00+00:00
[2023-11-11T03:26:57.364+0000] {processor.py:179} INFO - Processing /opt/airflow/dags/airflow_code.py took 0.629 seconds
[2023-11-11T03:27:27.559+0000] {processor.py:157} INFO - Started process (PID=520) to work on /opt/airflow/dags/airflow_code.py
[2023-11-11T03:27:27.562+0000] {processor.py:829} INFO - Processing file /opt/airflow/dags/airflow_code.py for tasks to queue
[2023-11-11T03:27:27.563+0000] {logging_mixin.py:154} INFO - [2023-11-11T03:27:27.562+0000] {dagbag.py:536} INFO - Filling up the DagBag from /opt/airflow/dags/airflow_code.py
[2023-11-11T03:27:28.113+0000] {processor.py:839} INFO - DAG(s) dict_keys(['preprocessing_v1']) retrieved from /opt/airflow/dags/airflow_code.py
[2023-11-11T03:27:28.125+0000] {logging_mixin.py:154} INFO - [2023-11-11T03:27:28.125+0000] {dag.py:2941} INFO - Sync 1 DAGs
[2023-11-11T03:27:28.136+0000] {logging_mixin.py:154} INFO - [2023-11-11T03:27:28.136+0000] {dag.py:3722} INFO - Setting next_dagrun for preprocessing_v1 to 2023-11-11T00:00:00+00:00, run_after=2023-11-12T00:00:00+00:00
[2023-11-11T03:27:28.144+0000] {processor.py:179} INFO - Processing /opt/airflow/dags/airflow_code.py took 0.588 seconds
[2023-11-11T03:27:58.483+0000] {processor.py:157} INFO - Started process (PID=542) to work on /opt/airflow/dags/airflow_code.py
[2023-11-11T03:27:58.487+0000] {processor.py:829} INFO - Processing file /opt/airflow/dags/airflow_code.py for tasks to queue
[2023-11-11T03:27:58.489+0000] {logging_mixin.py:154} INFO - [2023-11-11T03:27:58.488+0000] {dagbag.py:536} INFO - Filling up the DagBag from /opt/airflow/dags/airflow_code.py
[2023-11-11T03:27:58.971+0000] {processor.py:839} INFO - DAG(s) dict_keys(['preprocessing_v1']) retrieved from /opt/airflow/dags/airflow_code.py
[2023-11-11T03:27:58.984+0000] {logging_mixin.py:154} INFO - [2023-11-11T03:27:58.984+0000] {dag.py:2941} INFO - Sync 1 DAGs
[2023-11-11T03:27:58.994+0000] {logging_mixin.py:154} INFO - [2023-11-11T03:27:58.994+0000] {dag.py:3722} INFO - Setting next_dagrun for preprocessing_v1 to 2023-11-11T00:00:00+00:00, run_after=2023-11-12T00:00:00+00:00
[2023-11-11T03:27:59.001+0000] {processor.py:179} INFO - Processing /opt/airflow/dags/airflow_code.py took 0.527 seconds
[2023-11-11T03:28:29.394+0000] {processor.py:157} INFO - Started process (PID=564) to work on /opt/airflow/dags/airflow_code.py
[2023-11-11T03:28:29.398+0000] {processor.py:829} INFO - Processing file /opt/airflow/dags/airflow_code.py for tasks to queue
[2023-11-11T03:28:29.399+0000] {logging_mixin.py:154} INFO - [2023-11-11T03:28:29.399+0000] {dagbag.py:536} INFO - Filling up the DagBag from /opt/airflow/dags/airflow_code.py
[2023-11-11T03:28:29.856+0000] {processor.py:839} INFO - DAG(s) dict_keys(['preprocessing_v1']) retrieved from /opt/airflow/dags/airflow_code.py
[2023-11-11T03:28:29.868+0000] {logging_mixin.py:154} INFO - [2023-11-11T03:28:29.868+0000] {dag.py:2941} INFO - Sync 1 DAGs
[2023-11-11T03:28:29.877+0000] {logging_mixin.py:154} INFO - [2023-11-11T03:28:29.877+0000] {dag.py:3722} INFO - Setting next_dagrun for preprocessing_v1 to 2023-11-11T00:00:00+00:00, run_after=2023-11-12T00:00:00+00:00
[2023-11-11T03:28:29.885+0000] {processor.py:179} INFO - Processing /opt/airflow/dags/airflow_code.py took 0.495 seconds
[2023-11-11T03:29:03.670+0000] {processor.py:157} INFO - Started process (PID=170) to work on /opt/airflow/dags/airflow_code.py
[2023-11-11T03:29:03.672+0000] {processor.py:829} INFO - Processing file /opt/airflow/dags/airflow_code.py for tasks to queue
[2023-11-11T03:29:03.673+0000] {logging_mixin.py:154} INFO - [2023-11-11T03:29:03.673+0000] {dagbag.py:536} INFO - Filling up the DagBag from /opt/airflow/dags/airflow_code.py
[2023-11-11T03:29:04.800+0000] {processor.py:839} INFO - DAG(s) dict_keys(['preprocessing_v1']) retrieved from /opt/airflow/dags/airflow_code.py
[2023-11-11T03:29:04.916+0000] {logging_mixin.py:154} INFO - [2023-11-11T03:29:04.916+0000] {manager.py:499} INFO - Created Permission View: %s
[2023-11-11T03:29:04.921+0000] {logging_mixin.py:154} INFO - [2023-11-11T03:29:04.921+0000] {manager.py:499} INFO - Created Permission View: %s
[2023-11-11T03:29:04.924+0000] {logging_mixin.py:154} INFO - [2023-11-11T03:29:04.924+0000] {manager.py:499} INFO - Created Permission View: %s
[2023-11-11T03:29:04.925+0000] {logging_mixin.py:154} INFO - [2023-11-11T03:29:04.925+0000] {dag.py:2941} INFO - Sync 1 DAGs
[2023-11-11T03:29:04.931+0000] {logging_mixin.py:154} INFO - [2023-11-11T03:29:04.930+0000] {dag.py:2963} INFO - Creating ORM DAG for preprocessing_v1
[2023-11-11T03:29:04.936+0000] {logging_mixin.py:154} INFO - [2023-11-11T03:29:04.936+0000] {dag.py:3722} INFO - Setting next_dagrun for preprocessing_v1 to 2023-11-08T00:00:00+00:00, run_after=2023-11-09T00:00:00+00:00
[2023-11-11T03:29:04.945+0000] {processor.py:179} INFO - Processing /opt/airflow/dags/airflow_code.py took 1.278 seconds
[2023-11-11T03:29:35.205+0000] {processor.py:157} INFO - Started process (PID=192) to work on /opt/airflow/dags/airflow_code.py
[2023-11-11T03:29:35.208+0000] {processor.py:829} INFO - Processing file /opt/airflow/dags/airflow_code.py for tasks to queue
[2023-11-11T03:29:35.208+0000] {logging_mixin.py:154} INFO - [2023-11-11T03:29:35.208+0000] {dagbag.py:536} INFO - Filling up the DagBag from /opt/airflow/dags/airflow_code.py
[2023-11-11T03:29:35.999+0000] {processor.py:839} INFO - DAG(s) dict_keys(['preprocessing_v1']) retrieved from /opt/airflow/dags/airflow_code.py
[2023-11-11T03:29:36.017+0000] {logging_mixin.py:154} INFO - [2023-11-11T03:29:36.016+0000] {dag.py:2941} INFO - Sync 1 DAGs
[2023-11-11T03:29:36.034+0000] {logging_mixin.py:154} INFO - [2023-11-11T03:29:36.034+0000] {dag.py:3722} INFO - Setting next_dagrun for preprocessing_v1 to 2023-11-11T00:00:00+00:00, run_after=2023-11-12T00:00:00+00:00
[2023-11-11T03:29:36.050+0000] {processor.py:179} INFO - Processing /opt/airflow/dags/airflow_code.py took 0.850 seconds
[2023-11-11T03:30:06.190+0000] {processor.py:157} INFO - Started process (PID=406) to work on /opt/airflow/dags/airflow_code.py
[2023-11-11T03:30:06.195+0000] {processor.py:829} INFO - Processing file /opt/airflow/dags/airflow_code.py for tasks to queue
[2023-11-11T03:30:06.196+0000] {logging_mixin.py:154} INFO - [2023-11-11T03:30:06.196+0000] {dagbag.py:536} INFO - Filling up the DagBag from /opt/airflow/dags/airflow_code.py
[2023-11-11T03:30:06.842+0000] {processor.py:839} INFO - DAG(s) dict_keys(['preprocessing_v1']) retrieved from /opt/airflow/dags/airflow_code.py
[2023-11-11T03:30:06.859+0000] {logging_mixin.py:154} INFO - [2023-11-11T03:30:06.859+0000] {dag.py:2941} INFO - Sync 1 DAGs
[2023-11-11T03:30:06.874+0000] {logging_mixin.py:154} INFO - [2023-11-11T03:30:06.874+0000] {dag.py:3722} INFO - Setting next_dagrun for preprocessing_v1 to 2023-11-11T00:00:00+00:00, run_after=2023-11-12T00:00:00+00:00
[2023-11-11T03:30:06.885+0000] {processor.py:179} INFO - Processing /opt/airflow/dags/airflow_code.py took 0.702 seconds
[2023-11-11T03:30:37.351+0000] {processor.py:157} INFO - Started process (PID=428) to work on /opt/airflow/dags/airflow_code.py
[2023-11-11T03:30:37.355+0000] {processor.py:829} INFO - Processing file /opt/airflow/dags/airflow_code.py for tasks to queue
[2023-11-11T03:30:37.356+0000] {logging_mixin.py:154} INFO - [2023-11-11T03:30:37.356+0000] {dagbag.py:536} INFO - Filling up the DagBag from /opt/airflow/dags/airflow_code.py
[2023-11-11T03:30:37.852+0000] {processor.py:839} INFO - DAG(s) dict_keys(['preprocessing_v1']) retrieved from /opt/airflow/dags/airflow_code.py
[2023-11-11T03:30:37.866+0000] {logging_mixin.py:154} INFO - [2023-11-11T03:30:37.866+0000] {dag.py:2941} INFO - Sync 1 DAGs
[2023-11-11T03:30:37.878+0000] {logging_mixin.py:154} INFO - [2023-11-11T03:30:37.878+0000] {dag.py:3722} INFO - Setting next_dagrun for preprocessing_v1 to 2023-11-11T00:00:00+00:00, run_after=2023-11-12T00:00:00+00:00
[2023-11-11T03:30:37.888+0000] {processor.py:179} INFO - Processing /opt/airflow/dags/airflow_code.py took 0.540 seconds
[2023-11-11T03:31:07.993+0000] {processor.py:157} INFO - Started process (PID=450) to work on /opt/airflow/dags/airflow_code.py
[2023-11-11T03:31:07.996+0000] {processor.py:829} INFO - Processing file /opt/airflow/dags/airflow_code.py for tasks to queue
[2023-11-11T03:31:07.998+0000] {logging_mixin.py:154} INFO - [2023-11-11T03:31:07.997+0000] {dagbag.py:536} INFO - Filling up the DagBag from /opt/airflow/dags/airflow_code.py
[2023-11-11T03:31:08.531+0000] {processor.py:839} INFO - DAG(s) dict_keys(['preprocessing_v1']) retrieved from /opt/airflow/dags/airflow_code.py
[2023-11-11T03:31:08.545+0000] {logging_mixin.py:154} INFO - [2023-11-11T03:31:08.545+0000] {dag.py:2941} INFO - Sync 1 DAGs
[2023-11-11T03:31:08.559+0000] {logging_mixin.py:154} INFO - [2023-11-11T03:31:08.558+0000] {dag.py:3722} INFO - Setting next_dagrun for preprocessing_v1 to 2023-11-11T00:00:00+00:00, run_after=2023-11-12T00:00:00+00:00
[2023-11-11T03:31:08.570+0000] {processor.py:179} INFO - Processing /opt/airflow/dags/airflow_code.py took 0.583 seconds
[2023-11-11T03:32:08.457+0000] {processor.py:157} INFO - Started process (PID=170) to work on /opt/airflow/dags/airflow_code.py
[2023-11-11T03:32:08.460+0000] {processor.py:829} INFO - Processing file /opt/airflow/dags/airflow_code.py for tasks to queue
[2023-11-11T03:32:08.461+0000] {logging_mixin.py:154} INFO - [2023-11-11T03:32:08.460+0000] {dagbag.py:536} INFO - Filling up the DagBag from /opt/airflow/dags/airflow_code.py
[2023-11-11T03:32:09.484+0000] {processor.py:839} INFO - DAG(s) dict_keys(['preprocessing_v1']) retrieved from /opt/airflow/dags/airflow_code.py
[2023-11-11T03:32:09.603+0000] {logging_mixin.py:154} INFO - [2023-11-11T03:32:09.603+0000] {manager.py:499} INFO - Created Permission View: %s
[2023-11-11T03:32:09.608+0000] {logging_mixin.py:154} INFO - [2023-11-11T03:32:09.608+0000] {manager.py:499} INFO - Created Permission View: %s
[2023-11-11T03:32:09.611+0000] {logging_mixin.py:154} INFO - [2023-11-11T03:32:09.610+0000] {manager.py:499} INFO - Created Permission View: %s
[2023-11-11T03:32:09.611+0000] {logging_mixin.py:154} INFO - [2023-11-11T03:32:09.611+0000] {dag.py:2941} INFO - Sync 1 DAGs
[2023-11-11T03:32:09.616+0000] {logging_mixin.py:154} INFO - [2023-11-11T03:32:09.616+0000] {dag.py:2963} INFO - Creating ORM DAG for preprocessing_v1
[2023-11-11T03:32:09.621+0000] {logging_mixin.py:154} INFO - [2023-11-11T03:32:09.621+0000] {dag.py:3722} INFO - Setting next_dagrun for preprocessing_v1 to 2023-11-08T00:00:00+00:00, run_after=2023-11-09T00:00:00+00:00
[2023-11-11T03:32:09.629+0000] {processor.py:179} INFO - Processing /opt/airflow/dags/airflow_code.py took 1.175 seconds
[2023-11-11T03:32:39.802+0000] {processor.py:157} INFO - Started process (PID=193) to work on /opt/airflow/dags/airflow_code.py
[2023-11-11T03:32:39.807+0000] {processor.py:829} INFO - Processing file /opt/airflow/dags/airflow_code.py for tasks to queue
[2023-11-11T03:32:39.809+0000] {logging_mixin.py:154} INFO - [2023-11-11T03:32:39.808+0000] {dagbag.py:536} INFO - Filling up the DagBag from /opt/airflow/dags/airflow_code.py
[2023-11-11T03:32:40.453+0000] {processor.py:839} INFO - DAG(s) dict_keys(['preprocessing_v1']) retrieved from /opt/airflow/dags/airflow_code.py
[2023-11-11T03:32:40.466+0000] {logging_mixin.py:154} INFO - [2023-11-11T03:32:40.466+0000] {dag.py:2941} INFO - Sync 1 DAGs
[2023-11-11T03:32:40.477+0000] {logging_mixin.py:154} INFO - [2023-11-11T03:32:40.477+0000] {dag.py:3722} INFO - Setting next_dagrun for preprocessing_v1 to 2023-11-08T00:00:00+00:00, run_after=2023-11-09T00:00:00+00:00
[2023-11-11T03:32:40.486+0000] {processor.py:179} INFO - Processing /opt/airflow/dags/airflow_code.py took 0.691 seconds
[2023-11-11T03:33:10.854+0000] {processor.py:157} INFO - Started process (PID=215) to work on /opt/airflow/dags/airflow_code.py
[2023-11-11T03:33:10.857+0000] {processor.py:829} INFO - Processing file /opt/airflow/dags/airflow_code.py for tasks to queue
[2023-11-11T03:33:10.858+0000] {logging_mixin.py:154} INFO - [2023-11-11T03:33:10.857+0000] {dagbag.py:536} INFO - Filling up the DagBag from /opt/airflow/dags/airflow_code.py
[2023-11-11T03:33:11.481+0000] {processor.py:839} INFO - DAG(s) dict_keys(['preprocessing_v1']) retrieved from /opt/airflow/dags/airflow_code.py
[2023-11-11T03:33:11.497+0000] {logging_mixin.py:154} INFO - [2023-11-11T03:33:11.497+0000] {dag.py:2941} INFO - Sync 1 DAGs
[2023-11-11T03:33:11.507+0000] {logging_mixin.py:154} INFO - [2023-11-11T03:33:11.507+0000] {dag.py:3722} INFO - Setting next_dagrun for preprocessing_v1 to 2023-11-08T00:00:00+00:00, run_after=2023-11-09T00:00:00+00:00
[2023-11-11T03:33:11.516+0000] {processor.py:179} INFO - Processing /opt/airflow/dags/airflow_code.py took 0.667 seconds
[2023-11-11T03:33:41.706+0000] {processor.py:157} INFO - Started process (PID=237) to work on /opt/airflow/dags/airflow_code.py
[2023-11-11T03:33:41.709+0000] {processor.py:829} INFO - Processing file /opt/airflow/dags/airflow_code.py for tasks to queue
[2023-11-11T03:33:41.710+0000] {logging_mixin.py:154} INFO - [2023-11-11T03:33:41.710+0000] {dagbag.py:536} INFO - Filling up the DagBag from /opt/airflow/dags/airflow_code.py
[2023-11-11T03:33:42.797+0000] {processor.py:839} INFO - DAG(s) dict_keys(['preprocessing_v1']) retrieved from /opt/airflow/dags/airflow_code.py
[2023-11-11T03:33:42.912+0000] {logging_mixin.py:154} INFO - [2023-11-11T03:33:42.911+0000] {dag.py:2941} INFO - Sync 1 DAGs
[2023-11-11T03:33:42.928+0000] {logging_mixin.py:154} INFO - [2023-11-11T03:33:42.927+0000] {dag.py:3722} INFO - Setting next_dagrun for preprocessing_v1 to 2023-11-08T00:00:00+00:00, run_after=2023-11-09T00:00:00+00:00
[2023-11-11T03:33:42.943+0000] {processor.py:179} INFO - Processing /opt/airflow/dags/airflow_code.py took 1.243 seconds
[2023-11-11T03:40:13.529+0000] {processor.py:157} INFO - Started process (PID=170) to work on /opt/airflow/dags/airflow_code.py
[2023-11-11T03:40:13.532+0000] {processor.py:829} INFO - Processing file /opt/airflow/dags/airflow_code.py for tasks to queue
[2023-11-11T03:40:13.532+0000] {logging_mixin.py:154} INFO - [2023-11-11T03:40:13.532+0000] {dagbag.py:536} INFO - Filling up the DagBag from /opt/airflow/dags/airflow_code.py
[2023-11-11T03:40:14.758+0000] {logging_mixin.py:154} INFO - [2023-11-11T03:40:14.756+0000] {dagbag.py:346} ERROR - Failed to import: /opt/airflow/dags/airflow_code.py
Traceback (most recent call last):
  File "/home/airflow/.local/lib/python3.8/site-packages/airflow/models/dagbag.py", line 342, in parse
    loader.exec_module(new_module)
  File "<frozen importlib._bootstrap_external>", line 843, in exec_module
  File "<frozen importlib._bootstrap>", line 219, in _call_with_frames_removed
  File "/opt/airflow/dags/airflow_code.py", line 11, in <module>
    from src.datapreprocessing import split_dataset, checking_NaN, data_stats, scaling, outlier_elimination
  File "/opt/airflow/dags/src/datapreprocessing.py", line 28, in <module>
    logger = logging.getLogger(_name_)
NameError: name '_name_' is not defined
[2023-11-11T03:40:14.759+0000] {processor.py:841} WARNING - No viable dags retrieved from /opt/airflow/dags/airflow_code.py
[2023-11-11T03:40:14.771+0000] {processor.py:179} INFO - Processing /opt/airflow/dags/airflow_code.py took 1.246 seconds
[2023-11-11T03:40:45.066+0000] {processor.py:157} INFO - Started process (PID=192) to work on /opt/airflow/dags/airflow_code.py
[2023-11-11T03:40:45.068+0000] {processor.py:829} INFO - Processing file /opt/airflow/dags/airflow_code.py for tasks to queue
[2023-11-11T03:40:45.069+0000] {logging_mixin.py:154} INFO - [2023-11-11T03:40:45.069+0000] {dagbag.py:536} INFO - Filling up the DagBag from /opt/airflow/dags/airflow_code.py
[2023-11-11T03:40:45.694+0000] {processor.py:839} INFO - DAG(s) dict_keys(['preprocessing_v1']) retrieved from /opt/airflow/dags/airflow_code.py
[2023-11-11T03:40:45.803+0000] {logging_mixin.py:154} INFO - [2023-11-11T03:40:45.803+0000] {manager.py:499} INFO - Created Permission View: %s
[2023-11-11T03:40:45.808+0000] {logging_mixin.py:154} INFO - [2023-11-11T03:40:45.808+0000] {manager.py:499} INFO - Created Permission View: %s
[2023-11-11T03:40:45.811+0000] {logging_mixin.py:154} INFO - [2023-11-11T03:40:45.811+0000] {manager.py:499} INFO - Created Permission View: %s
[2023-11-11T03:40:45.811+0000] {logging_mixin.py:154} INFO - [2023-11-11T03:40:45.811+0000] {dag.py:2941} INFO - Sync 1 DAGs
[2023-11-11T03:40:45.816+0000] {logging_mixin.py:154} INFO - [2023-11-11T03:40:45.816+0000] {dag.py:2963} INFO - Creating ORM DAG for preprocessing_v1
[2023-11-11T03:40:45.822+0000] {logging_mixin.py:154} INFO - [2023-11-11T03:40:45.821+0000] {dag.py:3722} INFO - Setting next_dagrun for preprocessing_v1 to 2023-11-08T00:00:00+00:00, run_after=2023-11-09T00:00:00+00:00
[2023-11-11T03:40:45.830+0000] {processor.py:179} INFO - Processing /opt/airflow/dags/airflow_code.py took 0.768 seconds
[2023-11-11T03:41:36.064+0000] {processor.py:157} INFO - Started process (PID=169) to work on /opt/airflow/dags/airflow_code.py
[2023-11-11T03:41:36.066+0000] {processor.py:829} INFO - Processing file /opt/airflow/dags/airflow_code.py for tasks to queue
[2023-11-11T03:41:36.067+0000] {logging_mixin.py:154} INFO - [2023-11-11T03:41:36.066+0000] {dagbag.py:536} INFO - Filling up the DagBag from /opt/airflow/dags/airflow_code.py
[2023-11-11T03:41:37.338+0000] {processor.py:839} INFO - DAG(s) dict_keys(['preprocessing_v1']) retrieved from /opt/airflow/dags/airflow_code.py
[2023-11-11T03:41:37.485+0000] {logging_mixin.py:154} INFO - [2023-11-11T03:41:37.485+0000] {manager.py:499} INFO - Created Permission View: %s
[2023-11-11T03:41:37.491+0000] {logging_mixin.py:154} INFO - [2023-11-11T03:41:37.491+0000] {manager.py:499} INFO - Created Permission View: %s
[2023-11-11T03:41:37.495+0000] {logging_mixin.py:154} INFO - [2023-11-11T03:41:37.494+0000] {manager.py:499} INFO - Created Permission View: %s
[2023-11-11T03:41:37.495+0000] {logging_mixin.py:154} INFO - [2023-11-11T03:41:37.495+0000] {dag.py:2941} INFO - Sync 1 DAGs
[2023-11-11T03:41:37.502+0000] {logging_mixin.py:154} INFO - [2023-11-11T03:41:37.502+0000] {dag.py:2963} INFO - Creating ORM DAG for preprocessing_v1
[2023-11-11T03:41:37.508+0000] {logging_mixin.py:154} INFO - [2023-11-11T03:41:37.508+0000] {dag.py:3722} INFO - Setting next_dagrun for preprocessing_v1 to 2023-11-08T00:00:00+00:00, run_after=2023-11-09T00:00:00+00:00
[2023-11-11T03:41:37.521+0000] {processor.py:179} INFO - Processing /opt/airflow/dags/airflow_code.py took 1.460 seconds
[2023-11-11T03:42:07.809+0000] {processor.py:157} INFO - Started process (PID=395) to work on /opt/airflow/dags/airflow_code.py
[2023-11-11T03:42:07.811+0000] {processor.py:829} INFO - Processing file /opt/airflow/dags/airflow_code.py for tasks to queue
[2023-11-11T03:42:07.812+0000] {logging_mixin.py:154} INFO - [2023-11-11T03:42:07.812+0000] {dagbag.py:536} INFO - Filling up the DagBag from /opt/airflow/dags/airflow_code.py
[2023-11-11T03:42:08.388+0000] {processor.py:839} INFO - DAG(s) dict_keys(['preprocessing_v1']) retrieved from /opt/airflow/dags/airflow_code.py
[2023-11-11T03:42:08.407+0000] {logging_mixin.py:154} INFO - [2023-11-11T03:42:08.406+0000] {dag.py:2941} INFO - Sync 1 DAGs
[2023-11-11T03:42:08.433+0000] {logging_mixin.py:154} INFO - [2023-11-11T03:42:08.432+0000] {dag.py:3722} INFO - Setting next_dagrun for preprocessing_v1 to 2023-11-11T00:00:00+00:00, run_after=2023-11-12T00:00:00+00:00
[2023-11-11T03:42:08.452+0000] {processor.py:179} INFO - Processing /opt/airflow/dags/airflow_code.py took 0.647 seconds
[2023-11-11T03:42:38.576+0000] {processor.py:157} INFO - Started process (PID=453) to work on /opt/airflow/dags/airflow_code.py
[2023-11-11T03:42:38.580+0000] {processor.py:829} INFO - Processing file /opt/airflow/dags/airflow_code.py for tasks to queue
[2023-11-11T03:42:38.581+0000] {logging_mixin.py:154} INFO - [2023-11-11T03:42:38.581+0000] {dagbag.py:536} INFO - Filling up the DagBag from /opt/airflow/dags/airflow_code.py
[2023-11-11T03:42:39.232+0000] {processor.py:839} INFO - DAG(s) dict_keys(['preprocessing_v1']) retrieved from /opt/airflow/dags/airflow_code.py
[2023-11-11T03:42:39.252+0000] {logging_mixin.py:154} INFO - [2023-11-11T03:42:39.252+0000] {dag.py:2941} INFO - Sync 1 DAGs
[2023-11-11T03:42:39.267+0000] {logging_mixin.py:154} INFO - [2023-11-11T03:42:39.266+0000] {dag.py:3722} INFO - Setting next_dagrun for preprocessing_v1 to 2023-11-11T00:00:00+00:00, run_after=2023-11-12T00:00:00+00:00
[2023-11-11T03:42:39.276+0000] {processor.py:179} INFO - Processing /opt/airflow/dags/airflow_code.py took 0.707 seconds
[2023-11-11T03:43:09.690+0000] {processor.py:157} INFO - Started process (PID=475) to work on /opt/airflow/dags/airflow_code.py
[2023-11-11T03:43:09.695+0000] {processor.py:829} INFO - Processing file /opt/airflow/dags/airflow_code.py for tasks to queue
[2023-11-11T03:43:09.697+0000] {logging_mixin.py:154} INFO - [2023-11-11T03:43:09.696+0000] {dagbag.py:536} INFO - Filling up the DagBag from /opt/airflow/dags/airflow_code.py
[2023-11-11T03:43:10.353+0000] {processor.py:839} INFO - DAG(s) dict_keys(['preprocessing_v1']) retrieved from /opt/airflow/dags/airflow_code.py
[2023-11-11T03:43:10.370+0000] {logging_mixin.py:154} INFO - [2023-11-11T03:43:10.369+0000] {dag.py:2941} INFO - Sync 1 DAGs
[2023-11-11T03:43:10.381+0000] {logging_mixin.py:154} INFO - [2023-11-11T03:43:10.381+0000] {dag.py:3722} INFO - Setting next_dagrun for preprocessing_v1 to 2023-11-11T00:00:00+00:00, run_after=2023-11-12T00:00:00+00:00
[2023-11-11T03:43:10.390+0000] {processor.py:179} INFO - Processing /opt/airflow/dags/airflow_code.py took 0.708 seconds
[2023-11-11T03:43:40.702+0000] {processor.py:157} INFO - Started process (PID=497) to work on /opt/airflow/dags/airflow_code.py
[2023-11-11T03:43:40.704+0000] {processor.py:829} INFO - Processing file /opt/airflow/dags/airflow_code.py for tasks to queue
[2023-11-11T03:43:40.705+0000] {logging_mixin.py:154} INFO - [2023-11-11T03:43:40.704+0000] {dagbag.py:536} INFO - Filling up the DagBag from /opt/airflow/dags/airflow_code.py
[2023-11-11T03:43:41.388+0000] {processor.py:839} INFO - DAG(s) dict_keys(['preprocessing_v1']) retrieved from /opt/airflow/dags/airflow_code.py
[2023-11-11T03:43:41.404+0000] {logging_mixin.py:154} INFO - [2023-11-11T03:43:41.404+0000] {dag.py:2941} INFO - Sync 1 DAGs
[2023-11-11T03:43:41.417+0000] {logging_mixin.py:154} INFO - [2023-11-11T03:43:41.417+0000] {dag.py:3722} INFO - Setting next_dagrun for preprocessing_v1 to 2023-11-11T00:00:00+00:00, run_after=2023-11-12T00:00:00+00:00
[2023-11-11T03:43:41.426+0000] {processor.py:179} INFO - Processing /opt/airflow/dags/airflow_code.py took 0.728 seconds
[2023-11-11T03:44:11.583+0000] {processor.py:157} INFO - Started process (PID=519) to work on /opt/airflow/dags/airflow_code.py
[2023-11-11T03:44:11.587+0000] {processor.py:829} INFO - Processing file /opt/airflow/dags/airflow_code.py for tasks to queue
[2023-11-11T03:44:11.588+0000] {logging_mixin.py:154} INFO - [2023-11-11T03:44:11.588+0000] {dagbag.py:536} INFO - Filling up the DagBag from /opt/airflow/dags/airflow_code.py
[2023-11-11T03:44:12.349+0000] {processor.py:839} INFO - DAG(s) dict_keys(['preprocessing_v1']) retrieved from /opt/airflow/dags/airflow_code.py
[2023-11-11T03:44:12.370+0000] {logging_mixin.py:154} INFO - [2023-11-11T03:44:12.369+0000] {dag.py:2941} INFO - Sync 1 DAGs
[2023-11-11T03:44:12.384+0000] {logging_mixin.py:154} INFO - [2023-11-11T03:44:12.384+0000] {dag.py:3722} INFO - Setting next_dagrun for preprocessing_v1 to 2023-11-11T00:00:00+00:00, run_after=2023-11-12T00:00:00+00:00
[2023-11-11T03:44:12.393+0000] {processor.py:179} INFO - Processing /opt/airflow/dags/airflow_code.py took 0.814 seconds
[2023-11-11T03:44:42.812+0000] {processor.py:157} INFO - Started process (PID=541) to work on /opt/airflow/dags/airflow_code.py
[2023-11-11T03:44:42.815+0000] {processor.py:829} INFO - Processing file /opt/airflow/dags/airflow_code.py for tasks to queue
[2023-11-11T03:44:42.817+0000] {logging_mixin.py:154} INFO - [2023-11-11T03:44:42.816+0000] {dagbag.py:536} INFO - Filling up the DagBag from /opt/airflow/dags/airflow_code.py
[2023-11-11T03:44:43.488+0000] {processor.py:839} INFO - DAG(s) dict_keys(['preprocessing_v1']) retrieved from /opt/airflow/dags/airflow_code.py
[2023-11-11T03:44:43.505+0000] {logging_mixin.py:154} INFO - [2023-11-11T03:44:43.505+0000] {dag.py:2941} INFO - Sync 1 DAGs
[2023-11-11T03:44:43.516+0000] {logging_mixin.py:154} INFO - [2023-11-11T03:44:43.516+0000] {dag.py:3722} INFO - Setting next_dagrun for preprocessing_v1 to 2023-11-11T00:00:00+00:00, run_after=2023-11-12T00:00:00+00:00
[2023-11-11T03:44:43.525+0000] {processor.py:179} INFO - Processing /opt/airflow/dags/airflow_code.py took 0.720 seconds
[2023-11-11T03:45:13.896+0000] {processor.py:157} INFO - Started process (PID=563) to work on /opt/airflow/dags/airflow_code.py
[2023-11-11T03:45:13.900+0000] {processor.py:829} INFO - Processing file /opt/airflow/dags/airflow_code.py for tasks to queue
[2023-11-11T03:45:13.901+0000] {logging_mixin.py:154} INFO - [2023-11-11T03:45:13.900+0000] {dagbag.py:536} INFO - Filling up the DagBag from /opt/airflow/dags/airflow_code.py
[2023-11-11T03:45:14.448+0000] {processor.py:839} INFO - DAG(s) dict_keys(['preprocessing_v1']) retrieved from /opt/airflow/dags/airflow_code.py
[2023-11-11T03:45:14.462+0000] {logging_mixin.py:154} INFO - [2023-11-11T03:45:14.462+0000] {dag.py:2941} INFO - Sync 1 DAGs
[2023-11-11T03:45:14.475+0000] {logging_mixin.py:154} INFO - [2023-11-11T03:45:14.475+0000] {dag.py:3722} INFO - Setting next_dagrun for preprocessing_v1 to 2023-11-11T00:00:00+00:00, run_after=2023-11-12T00:00:00+00:00
[2023-11-11T03:45:14.497+0000] {processor.py:179} INFO - Processing /opt/airflow/dags/airflow_code.py took 0.605 seconds
[2023-11-11T03:45:44.847+0000] {processor.py:157} INFO - Started process (PID=585) to work on /opt/airflow/dags/airflow_code.py
[2023-11-11T03:45:44.850+0000] {processor.py:829} INFO - Processing file /opt/airflow/dags/airflow_code.py for tasks to queue
[2023-11-11T03:45:44.851+0000] {logging_mixin.py:154} INFO - [2023-11-11T03:45:44.851+0000] {dagbag.py:536} INFO - Filling up the DagBag from /opt/airflow/dags/airflow_code.py
[2023-11-11T03:45:45.466+0000] {processor.py:839} INFO - DAG(s) dict_keys(['preprocessing_v1']) retrieved from /opt/airflow/dags/airflow_code.py
[2023-11-11T03:45:45.483+0000] {logging_mixin.py:154} INFO - [2023-11-11T03:45:45.483+0000] {dag.py:2941} INFO - Sync 1 DAGs
[2023-11-11T03:45:45.495+0000] {logging_mixin.py:154} INFO - [2023-11-11T03:45:45.495+0000] {dag.py:3722} INFO - Setting next_dagrun for preprocessing_v1 to 2023-11-11T00:00:00+00:00, run_after=2023-11-12T00:00:00+00:00
[2023-11-11T03:45:45.504+0000] {processor.py:179} INFO - Processing /opt/airflow/dags/airflow_code.py took 0.662 seconds
[2023-11-11T03:46:15.903+0000] {processor.py:157} INFO - Started process (PID=607) to work on /opt/airflow/dags/airflow_code.py
[2023-11-11T03:46:15.905+0000] {processor.py:829} INFO - Processing file /opt/airflow/dags/airflow_code.py for tasks to queue
[2023-11-11T03:46:15.911+0000] {logging_mixin.py:154} INFO - [2023-11-11T03:46:15.908+0000] {dagbag.py:536} INFO - Filling up the DagBag from /opt/airflow/dags/airflow_code.py
[2023-11-11T03:46:16.668+0000] {processor.py:839} INFO - DAG(s) dict_keys(['preprocessing_v1']) retrieved from /opt/airflow/dags/airflow_code.py
[2023-11-11T03:46:16.687+0000] {logging_mixin.py:154} INFO - [2023-11-11T03:46:16.686+0000] {dag.py:2941} INFO - Sync 1 DAGs
[2023-11-11T03:46:16.699+0000] {logging_mixin.py:154} INFO - [2023-11-11T03:46:16.699+0000] {dag.py:3722} INFO - Setting next_dagrun for preprocessing_v1 to 2023-11-11T00:00:00+00:00, run_after=2023-11-12T00:00:00+00:00
[2023-11-11T03:46:16.708+0000] {processor.py:179} INFO - Processing /opt/airflow/dags/airflow_code.py took 0.822 seconds
[2023-11-11T03:46:47.071+0000] {processor.py:157} INFO - Started process (PID=629) to work on /opt/airflow/dags/airflow_code.py
[2023-11-11T03:46:47.075+0000] {processor.py:829} INFO - Processing file /opt/airflow/dags/airflow_code.py for tasks to queue
[2023-11-11T03:46:47.076+0000] {logging_mixin.py:154} INFO - [2023-11-11T03:46:47.076+0000] {dagbag.py:536} INFO - Filling up the DagBag from /opt/airflow/dags/airflow_code.py
[2023-11-11T03:46:47.694+0000] {processor.py:839} INFO - DAG(s) dict_keys(['preprocessing_v1']) retrieved from /opt/airflow/dags/airflow_code.py
[2023-11-11T03:46:47.711+0000] {logging_mixin.py:154} INFO - [2023-11-11T03:46:47.711+0000] {dag.py:2941} INFO - Sync 1 DAGs
[2023-11-11T03:46:47.724+0000] {logging_mixin.py:154} INFO - [2023-11-11T03:46:47.724+0000] {dag.py:3722} INFO - Setting next_dagrun for preprocessing_v1 to 2023-11-11T00:00:00+00:00, run_after=2023-11-12T00:00:00+00:00
[2023-11-11T03:46:47.732+0000] {processor.py:179} INFO - Processing /opt/airflow/dags/airflow_code.py took 0.667 seconds
[2023-11-11T03:47:18.131+0000] {processor.py:157} INFO - Started process (PID=651) to work on /opt/airflow/dags/airflow_code.py
[2023-11-11T03:47:18.137+0000] {processor.py:829} INFO - Processing file /opt/airflow/dags/airflow_code.py for tasks to queue
[2023-11-11T03:47:18.139+0000] {logging_mixin.py:154} INFO - [2023-11-11T03:47:18.139+0000] {dagbag.py:536} INFO - Filling up the DagBag from /opt/airflow/dags/airflow_code.py
[2023-11-11T03:47:18.797+0000] {processor.py:839} INFO - DAG(s) dict_keys(['preprocessing_v1']) retrieved from /opt/airflow/dags/airflow_code.py
[2023-11-11T03:47:18.827+0000] {logging_mixin.py:154} INFO - [2023-11-11T03:47:18.827+0000] {dag.py:2941} INFO - Sync 1 DAGs
[2023-11-11T03:47:18.840+0000] {logging_mixin.py:154} INFO - [2023-11-11T03:47:18.840+0000] {dag.py:3722} INFO - Setting next_dagrun for preprocessing_v1 to 2023-11-11T00:00:00+00:00, run_after=2023-11-12T00:00:00+00:00
[2023-11-11T03:47:18.849+0000] {processor.py:179} INFO - Processing /opt/airflow/dags/airflow_code.py took 0.729 seconds
[2023-11-11T03:47:49.219+0000] {processor.py:157} INFO - Started process (PID=673) to work on /opt/airflow/dags/airflow_code.py
[2023-11-11T03:47:49.223+0000] {processor.py:829} INFO - Processing file /opt/airflow/dags/airflow_code.py for tasks to queue
[2023-11-11T03:47:49.225+0000] {logging_mixin.py:154} INFO - [2023-11-11T03:47:49.224+0000] {dagbag.py:536} INFO - Filling up the DagBag from /opt/airflow/dags/airflow_code.py
[2023-11-11T03:47:49.863+0000] {processor.py:839} INFO - DAG(s) dict_keys(['preprocessing_v1']) retrieved from /opt/airflow/dags/airflow_code.py
[2023-11-11T03:47:49.880+0000] {logging_mixin.py:154} INFO - [2023-11-11T03:47:49.880+0000] {dag.py:2941} INFO - Sync 1 DAGs
[2023-11-11T03:47:49.894+0000] {logging_mixin.py:154} INFO - [2023-11-11T03:47:49.893+0000] {dag.py:3722} INFO - Setting next_dagrun for preprocessing_v1 to 2023-11-11T00:00:00+00:00, run_after=2023-11-12T00:00:00+00:00
[2023-11-11T03:47:49.903+0000] {processor.py:179} INFO - Processing /opt/airflow/dags/airflow_code.py took 0.691 seconds
[2023-11-11T03:48:20.210+0000] {processor.py:157} INFO - Started process (PID=695) to work on /opt/airflow/dags/airflow_code.py
[2023-11-11T03:48:20.214+0000] {processor.py:829} INFO - Processing file /opt/airflow/dags/airflow_code.py for tasks to queue
[2023-11-11T03:48:20.215+0000] {logging_mixin.py:154} INFO - [2023-11-11T03:48:20.214+0000] {dagbag.py:536} INFO - Filling up the DagBag from /opt/airflow/dags/airflow_code.py
[2023-11-11T03:48:20.837+0000] {processor.py:839} INFO - DAG(s) dict_keys(['preprocessing_v1']) retrieved from /opt/airflow/dags/airflow_code.py
[2023-11-11T03:48:20.854+0000] {logging_mixin.py:154} INFO - [2023-11-11T03:48:20.854+0000] {dag.py:2941} INFO - Sync 1 DAGs
[2023-11-11T03:48:20.865+0000] {logging_mixin.py:154} INFO - [2023-11-11T03:48:20.865+0000] {dag.py:3722} INFO - Setting next_dagrun for preprocessing_v1 to 2023-11-11T00:00:00+00:00, run_after=2023-11-12T00:00:00+00:00
[2023-11-11T03:48:20.873+0000] {processor.py:179} INFO - Processing /opt/airflow/dags/airflow_code.py took 0.667 seconds
[2023-11-11T03:48:51.305+0000] {processor.py:157} INFO - Started process (PID=717) to work on /opt/airflow/dags/airflow_code.py
[2023-11-11T03:48:51.309+0000] {processor.py:829} INFO - Processing file /opt/airflow/dags/airflow_code.py for tasks to queue
[2023-11-11T03:48:51.311+0000] {logging_mixin.py:154} INFO - [2023-11-11T03:48:51.310+0000] {dagbag.py:536} INFO - Filling up the DagBag from /opt/airflow/dags/airflow_code.py
[2023-11-11T03:48:51.935+0000] {processor.py:839} INFO - DAG(s) dict_keys(['preprocessing_v1']) retrieved from /opt/airflow/dags/airflow_code.py
[2023-11-11T03:48:51.952+0000] {logging_mixin.py:154} INFO - [2023-11-11T03:48:51.952+0000] {dag.py:2941} INFO - Sync 1 DAGs
[2023-11-11T03:48:51.963+0000] {logging_mixin.py:154} INFO - [2023-11-11T03:48:51.963+0000] {dag.py:3722} INFO - Setting next_dagrun for preprocessing_v1 to 2023-11-11T00:00:00+00:00, run_after=2023-11-12T00:00:00+00:00
[2023-11-11T03:48:51.971+0000] {processor.py:179} INFO - Processing /opt/airflow/dags/airflow_code.py took 0.674 seconds
[2023-11-11T03:49:22.295+0000] {processor.py:157} INFO - Started process (PID=739) to work on /opt/airflow/dags/airflow_code.py
[2023-11-11T03:49:22.297+0000] {processor.py:829} INFO - Processing file /opt/airflow/dags/airflow_code.py for tasks to queue
[2023-11-11T03:49:22.298+0000] {logging_mixin.py:154} INFO - [2023-11-11T03:49:22.298+0000] {dagbag.py:536} INFO - Filling up the DagBag from /opt/airflow/dags/airflow_code.py
[2023-11-11T03:49:22.999+0000] {processor.py:839} INFO - DAG(s) dict_keys(['preprocessing_v1']) retrieved from /opt/airflow/dags/airflow_code.py
[2023-11-11T03:49:23.015+0000] {logging_mixin.py:154} INFO - [2023-11-11T03:49:23.015+0000] {dag.py:2941} INFO - Sync 1 DAGs
[2023-11-11T03:49:23.027+0000] {logging_mixin.py:154} INFO - [2023-11-11T03:49:23.027+0000] {dag.py:3722} INFO - Setting next_dagrun for preprocessing_v1 to 2023-11-11T00:00:00+00:00, run_after=2023-11-12T00:00:00+00:00
[2023-11-11T03:49:23.035+0000] {processor.py:179} INFO - Processing /opt/airflow/dags/airflow_code.py took 0.744 seconds
[2023-11-11T03:49:53.437+0000] {processor.py:157} INFO - Started process (PID=761) to work on /opt/airflow/dags/airflow_code.py
[2023-11-11T03:49:53.441+0000] {processor.py:829} INFO - Processing file /opt/airflow/dags/airflow_code.py for tasks to queue
[2023-11-11T03:49:53.443+0000] {logging_mixin.py:154} INFO - [2023-11-11T03:49:53.442+0000] {dagbag.py:536} INFO - Filling up the DagBag from /opt/airflow/dags/airflow_code.py
[2023-11-11T03:49:54.103+0000] {processor.py:839} INFO - DAG(s) dict_keys(['preprocessing_v1']) retrieved from /opt/airflow/dags/airflow_code.py
[2023-11-11T03:49:54.120+0000] {logging_mixin.py:154} INFO - [2023-11-11T03:49:54.120+0000] {dag.py:2941} INFO - Sync 1 DAGs
[2023-11-11T03:49:54.132+0000] {logging_mixin.py:154} INFO - [2023-11-11T03:49:54.132+0000] {dag.py:3722} INFO - Setting next_dagrun for preprocessing_v1 to 2023-11-11T00:00:00+00:00, run_after=2023-11-12T00:00:00+00:00
[2023-11-11T03:49:54.141+0000] {processor.py:179} INFO - Processing /opt/airflow/dags/airflow_code.py took 0.713 seconds
[2023-11-11T03:50:24.397+0000] {processor.py:157} INFO - Started process (PID=783) to work on /opt/airflow/dags/airflow_code.py
[2023-11-11T03:50:24.404+0000] {processor.py:829} INFO - Processing file /opt/airflow/dags/airflow_code.py for tasks to queue
[2023-11-11T03:50:24.405+0000] {logging_mixin.py:154} INFO - [2023-11-11T03:50:24.404+0000] {dagbag.py:536} INFO - Filling up the DagBag from /opt/airflow/dags/airflow_code.py
[2023-11-11T03:50:25.089+0000] {processor.py:839} INFO - DAG(s) dict_keys(['preprocessing_v1']) retrieved from /opt/airflow/dags/airflow_code.py
[2023-11-11T03:50:25.112+0000] {logging_mixin.py:154} INFO - [2023-11-11T03:50:25.112+0000] {dag.py:2941} INFO - Sync 1 DAGs
[2023-11-11T03:50:25.128+0000] {logging_mixin.py:154} INFO - [2023-11-11T03:50:25.128+0000] {dag.py:3722} INFO - Setting next_dagrun for preprocessing_v1 to 2023-11-11T00:00:00+00:00, run_after=2023-11-12T00:00:00+00:00
[2023-11-11T03:50:25.139+0000] {processor.py:179} INFO - Processing /opt/airflow/dags/airflow_code.py took 0.745 seconds
[2023-11-11T03:50:55.542+0000] {processor.py:157} INFO - Started process (PID=805) to work on /opt/airflow/dags/airflow_code.py
[2023-11-11T03:50:55.544+0000] {processor.py:829} INFO - Processing file /opt/airflow/dags/airflow_code.py for tasks to queue
[2023-11-11T03:50:55.546+0000] {logging_mixin.py:154} INFO - [2023-11-11T03:50:55.545+0000] {dagbag.py:536} INFO - Filling up the DagBag from /opt/airflow/dags/airflow_code.py
[2023-11-11T03:50:56.173+0000] {processor.py:839} INFO - DAG(s) dict_keys(['preprocessing_v1']) retrieved from /opt/airflow/dags/airflow_code.py
[2023-11-11T03:50:56.189+0000] {logging_mixin.py:154} INFO - [2023-11-11T03:50:56.188+0000] {dag.py:2941} INFO - Sync 1 DAGs
[2023-11-11T03:50:56.199+0000] {logging_mixin.py:154} INFO - [2023-11-11T03:50:56.199+0000] {dag.py:3722} INFO - Setting next_dagrun for preprocessing_v1 to 2023-11-11T00:00:00+00:00, run_after=2023-11-12T00:00:00+00:00
[2023-11-11T03:50:56.209+0000] {processor.py:179} INFO - Processing /opt/airflow/dags/airflow_code.py took 0.672 seconds
